Starting SeqGAN with 1951 positive samples
Size of alphabet is 22
Sequence length is 29
W tensorflow/core/platform/cpu_feature_guard.cc:45] The TensorFlow library wasn't compiled to use SSE4.1 instructions, but these are available on your machine and could speed up CPU computations.
W tensorflow/core/platform/cpu_feature_guard.cc:45] The TensorFlow library wasn't compiled to use SSE4.2 instructions, but these are available on your machine and could speed up CPU computations.
W tensorflow/core/platform/cpu_feature_guard.cc:45] The TensorFlow library wasn't compiled to use AVX instructions, but these are available on your machine and could speed up CPU computations.
W tensorflow/core/platform/cpu_feature_guard.cc:45] The TensorFlow library wasn't compiled to use AVX2 instructions, but these are available on your machine and could speed up CPU computations.
W tensorflow/core/platform/cpu_feature_guard.cc:45] The TensorFlow library wasn't compiled to use FMA instructions, but these are available on your machine and could speed up CPU computations.
Pretrain loaded from previous checkpoint checkpoints/pretrain_ckpt
#########################################################################
Start Reinforcement Training Generator...
#########################################################################
Training generator with Reinforcement Learning. Epoch 0
Traceback (most recent call last):
  File "sequence_gan.py", line 310, in <module>
    main()
  File "sequence_gan.py", line 282, in main
    rewards = rollout.get_reward(sess, samples, 16, cnn, make_reward(smiles), D_WEIGHT)
NameError: global name 'make_reward' is not defined
➜  RL_GAN git:(master) ✗ vi sequence_gan.py 
➜  RL_GAN git:(master) ✗ python sequence_gan.py 
Starting SeqGAN with 1951 positive samples
Size of alphabet is 22
Sequence length is 29
W tensorflow/core/platform/cpu_feature_guard.cc:45] The TensorFlow library wasn't compiled to use SSE4.1 instructions, but these are available on your machine and could speed up CPU computations.
W tensorflow/core/platform/cpu_feature_guard.cc:45] The TensorFlow library wasn't compiled to use SSE4.2 instructions, but these are available on your machine and could speed up CPU computations.
W tensorflow/core/platform/cpu_feature_guard.cc:45] The TensorFlow library wasn't compiled to use AVX instructions, but these are available on your machine and could speed up CPU computations.
W tensorflow/core/platform/cpu_feature_guard.cc:45] The TensorFlow library wasn't compiled to use AVX2 instructions, but these are available on your machine and could speed up CPU computations.
W tensorflow/core/platform/cpu_feature_guard.cc:45] The TensorFlow library wasn't compiled to use FMA instructions, but these are available on your machine and could speed up CPU computations.
Pretrain loaded from previous checkpoint checkpoints/pretrain_ckpt
#########################################################################
Start Reinforcement Training Generator...
#########################################################################
Training generator with Reinforcement Learning. Epoch 0
total_batch:  0 g_loss:  268.865
total_batch:  0 test_loss:  8.8998
Unique samples. Pct: 0.833333333333
NC(=O)c1nnoc1=O
Nc1nnc(O)o1
C#CC1CN=C1[N+](=O)[O-])=Cn1
Cc1coc(=O)o1
C#CC(=O)C=O
C#CC(C#N)(C#N)C=O
O=C1OC2CN1C=O
N#CC(=O)n1cnnn1
N#CC(=O)C1CO1
O=Cc1nccoc1=O
Verified samples. Pct: 0.775
Nc1nnc(O)o1
Cc1coc(=O)o1
C#CC(=O)C=O
C#CC(C#N)(C#N)C=O
N#CC(=O)n1cnnn1
N#CC(=O)C1CO1
O=Cc1nccoc1=O
Oc1ccncn1
Oc1ccncn1
N#N.[O][C][CH]C(=O)C=O
Objective: 0.35
best score:  8.8998
Start training discriminator
epoch 0
Discriminator loss: 0.437756419182 Accuracy: 0.774193525314
epoch 1
Discriminator loss: 0.412098616362 Accuracy: 0.838709652424
#########################################################################
Training generator with Reinforcement Learning. Epoch 1
total_batch:  1 g_loss:  235.834
total_batch:  1 test_loss:  8.89778
Unique samples. Pct: 0.8546875
CON
O=c1ncocnc1=O
O=c1onn[nH]c1=O
Oc1ncc2onnn12
CC#CC(=O)C(=O)C#N
Oc1nnc(F)nc1O
N#CC1=N[N]NNC1=O
N#CC1CC1O
N[C]1C(=O)[N][C][N][N].[NH]
c1noc2[nH]nc2o1
Verified samples. Pct: 0.704166666667
CON
O=c1ncocnc1=O
O=c1onn[nH]c1=O
Oc1ncc2onnn12
CC#CC(=O)C(=O)C#N
Oc1nnc(F)nc1O
N#CC1=N[N]NNC1=O
N#CC1CC1O
Nc1cc(F)nc(F)n1
Oc1ncc(O)nc1F
Objective: 0.3609375
best score:  8.89778
Start training discriminator
epoch 0
Discriminator loss: 0.413104861975 Accuracy: 0.806451618671
epoch 1
Discriminator loss: 0.306933492422 Accuracy: 0.870967745781
#########################################################################
Training generator with Reinforcement Learning. Epoch 2
total_batch:  2 g_loss:  244.068
total_batch:  2 test_loss:  8.81629
Unique samples. Pct: 0.865104166667
c1n[cH]cnn1
C#CC#CC(=O)C=O
O=c1cnc(O)no1
C#CC12CC1C(3O)O1
C#Cc1c(O)oc(=O)o1
[NH]C1N=NCN=C(F)N=1
O=c1[nH]c2ocncc2o1
Nc1cnc(F)cn1
Oc1nnc(O)nc1F
N#Cc1nc(O)[nH]cn1
Verified samples. Pct: 0.7171875
c1n[cH]cnn1
C#CC#CC(=O)C=O
O=c1cnc(O)no1
C#Cc1c(O)oc(=O)o1
[NH]C1N=NCN=C(F)N=1
Nc1cnc(F)cn1
Oc1nnc(O)nc1F
[NH][C]1OC=NON=C1[N+](=O)[O-]
[NH]C1=N[N]OC(=O)C=NO1
Oc1nccnc1O
Objective: 0.406770833333
best score:  8.81629
Start training discriminator
epoch 0
Discriminator loss: 0.328725576401 Accuracy: 0.870967745781
epoch 1
Discriminator loss: 0.284821718931 Accuracy: 0.903225779533
#########################################################################
Training generator with Reinforcement Learning. Epoch 3
total_batch:  3 g_loss:  235.494
total_batch:  3 test_loss:  8.9628
Unique samples. Pct: 0.86875
[NH]C1=NCOC=NO1
[NH]C1N=NON=NC([NH]O1
[NH][C]([NH]O[C][O]C=NO1
CC(=O)C#N
C#Cc1cnc(=O)on1
O=c1ncnc(F)cc1F
C#CC#CC#CCO
[NH]C1NN=C(F)N=C1F
[NH][C]1NC(C=O)N=C1
[NH][C]1NC(=O)C=NON=N1
Verified samples. Pct: 0.771875
[NH]C1=NCOC=NO1
CC(=O)C#N
C#Cc1cnc(=O)on1
O=c1ncnc(F)cc1F
C#CC#CC#CCO
[NH]C1NN=C(F)N=C1F
[NH][C]1NC(C=O)N=C1
[NH][C]1NC(=O)C=NON=N1
Oc1cnccc1F
NC(=O)c1ncoc1
Objective: 0.432291666667
Start training discriminator
epoch 0
Discriminator loss: 0.469642847776 Accuracy: 0.709677398205
epoch 1
Discriminator loss: 0.359212368727 Accuracy: 0.838709652424
#########################################################################
Training generator with Reinforcement Learning. Epoch 4
total_batch:  4 g_loss:  243.517
total_batch:  4 test_loss:  8.87262
Unique samples. Pct: 0.863541666667
O=c1nccco1
Oc1ncncc1F
O=c1oc(F)cncc1=O
O=CC=O
[NH]C1=C[C](F)ON=C([N+](=O)[O
N#Cc1ncc(O)cc1F
O=C1C=CC(=F)C=N[N]
c1nc2ocnc2o12
Nc1noc(=O)c2On-2
O=Cn1ncncn1
Verified samples. Pct: 0.749479166667
O=c1nccco1
Oc1ncncc1F
O=c1oc(F)cncc1=O
O=CC=O
N#Cc1ncc(O)cc1F
Nc1nccnn1
O=CNc1nonc1C#N
Oc1[nH]ccc1
[NH]C1=N[N]N=C(F)NC=N1
[N][N][N]C1=NC(F)OC(F)=CO1
Objective: 0.436979166667
Start training discriminator
epoch 0
Discriminator loss: 0.36679828167 Accuracy: 0.741935491562
epoch 1
Discriminator loss: 0.372037082911 Accuracy: 0.870967745781
#########################################################################
Training generator with Reinforcement Learning. Epoch 5
total_batch:  5 g_loss:  243.849
total_batch:  5 test_loss:  9.00327
Unique samples. Pct: 0.846354166667
Nc1nnoc2n1n1
Nc1nc(O)oc1O
N#Cc1ncc(O)cn1
FC(F)(F)c1ncnnn1
O=[CC]([N][N]C(F)C=N=NO.N=O=
c1coccc1
[NH]C1OC=CN1C=O
[NH][CH]c1Fccnc(F)n1
CC#CC1CO1
N#Cc1nnoc(=O)n1
Verified samples. Pct: 0.778125
Nc1nc(O)oc1O
N#Cc1ncc(O)cn1
FC(F)(F)c1ncnnn1
[NH]C1OC=CN1C=O
CC#CC1CO1
N#Cc1nnoc(=O)n1
C#CCN=C(N)C#N
Oc1nncnc1F
N#CCOCC#N
O=Cc1cnnc(F)n1
Objective: 0.447395833333
Start training discriminator
epoch 0
Discriminator loss: 0.376684725285 Accuracy: 0.774193525314
epoch 1
Discriminator loss: 0.308987617493 Accuracy: 0.903225779533
#########################################################################
Training generator with Reinforcement Learning. Epoch 6
total_batch:  6 g_loss:  263.173
total_batch:  6 test_loss:  9.05931
Unique samples. Pct: 0.847395833333
N#Cc1nncnc1O
[NH]C1NN=NNC(=O)[CH]1
N#CC1=NC([NH])N=N[N]1
C#Cc1concc1=O
O=c1cc(O)ncn1
O=Cn1ncnc1N
[NH]C1=C[C]([NH)O)C=NO1
Nc1ncncn1
O=c1nc(F)nnc(F)n1
N#N.[NH][C][N]C=OC1
Verified samples. Pct: 0.765104166667
N#Cc1nncnc1O
[NH]C1NN=NNC(=O)[CH]1
N#CC1=NC([NH])N=N[N]1
C#Cc1concc1=O
O=Cn1ncnc1N
Nc1ncncn1
O=c1nc(F)nnc(F)n1
N#CC1=N[N]ON=C1C=O
Nc1cnc(=O)on1
N#Cc1cc(F)nc(F)n1
Objective: 0.4453125
Start training discriminator
epoch 0
Discriminator loss: 0.480071306229 Accuracy: 0.774193525314
epoch 1
Discriminator loss: 0.279518514872 Accuracy: 0.903225779533
#########################################################################
Training generator with Reinforcement Learning. Epoch 7
total_batch:  7 g_loss:  225.608
total_batch:  7 test_loss:  9.11515
Unique samples. Pct: 0.8296875
[NH]C1=N[N]CC=CO1
O#Cc1ncnnn1
C#Cc1cncnc1
N#CCC#N
COc1cnno1
N=C(N)C=CN1
Cc1nn[nH]c(=O)n1
N#Cc1c[nH]nc1N
[NH]C1=C[N]CN=CO1
[N][C][C](N)C=N[N]
Verified samples. Pct: 0.780729166667
[NH]C1=N[N]CC=CO1
C#Cc1cncnc1
N#CCC#N
COc1cnno1
Cc1nn[nH]c(=O)n1
N#Cc1c[nH]nc1N
[NH]C1=C[N]CN=CO1
[N][C][C](N)C=N[N]
C#CC1OCC1=O
CC(F)(F)F
Objective: 0.45
Start training discriminator
epoch 0
Discriminator loss: 0.473057746887 Accuracy: 0.741935491562
epoch 1
Discriminator loss: 0.41801944375 Accuracy: 0.806451618671
#########################################################################
Training generator with Reinforcement Learning. Epoch 8
total_batch:  8 g_loss:  231.711
total_batch:  8 test_loss:  9.14833
Unique samples. Pct: 0.827604166667
Oc1nc[nH]c1N
c1nc2[nH]nnc2n-2n1
N#CC(F)(F)F
[NH]C1NN=NNNC1=O
C#CCOC(N)=O
C#CC(=O)C(N)=O
O=c1ccc(F)c(F)n1
O=Cc1noc(O)n1
O=C1O[N]C=NC(=N)N1
Oc1nnc(O)cn1
Verified samples. Pct: 0.774479166667
Oc1nc[nH]c1N
N#CC(F)(F)F
[NH]C1NN=NNNC1=O
C#CCOC(N)=O
C#CC(=O)C(N)=O
O=Cc1noc(O)n1
O=C1O[N]C=NC(=N)N1
Oc1nnc(O)cn1
N#Cc1cnnc(O)n1
N#CC(=O)C(=O)C#N
Objective: 0.4421875
Start training discriminator
epoch 0
Discriminator loss: 0.437535315752 Accuracy: 0.806451618671
epoch 1
Discriminator loss: 0.292171776295 Accuracy: 0.903225779533
#########################################################################
Training generator with Reinforcement Learning. Epoch 9
total_batch:  9 g_loss:  240.423
total_batch:  9 test_loss:  9.12899
Unique samples. Pct: 0.8390625
O=c1nc(F)nc(F)c(=O)o1
Fc1nnncc1
Oc1cnc2cnon1
CNCC=O
Nc1nc(F)c(F)n
O=CN
O=c1cnc(F)c(F)nn1
Nc1ccno1
Cn1ncnc1C=O
Cn1nnnn1
Verified samples. Pct: 0.780729166667
O=c1nc(F)nc(F)c(=O)o1
Fc1nnncc1
CNCC=O
O=CN
O=c1cnc(F)c(F)nn1
Nc1ccno1
Cn1ncnc1C=O
Cn1nnnn1
[NH]C1NC=NON=N[C]1
O=c1ncc(O)co1
Objective: 0.466145833333
Start training discriminator
epoch 0
Discriminator loss: 0.203616470098 Accuracy: 0.967741906643
epoch 1
Discriminator loss: 0.317939698696 Accuracy: 0.806451618671
#########################################################################
Training generator with Reinforcement Learning. Epoch 10
total_batch:  10 g_loss:  249.396
total_batch:  10 test_loss:  9.04567
Unique samples. Pct: 0.85
N#CC#Cc1cncnc1
O=C1O[C]=N[N]NNC1=O
Nc1nccc(F)n1
N#CC1=NCN=C([NH])N=CO1
[N][N]C1=N[N]NN=NC1=N
Nc1cnc(F)cn1
NC(=O)C(F)(F)F
O=COc1cnnnc1
Cn1cnnn1
[NH]C1=N[N]C=NOC(C=O)1
Verified samples. Pct: 0.791666666667
N#CC#Cc1cncnc1
O=C1O[C]=N[N]NNC1=O
Nc1nccc(F)n1
N#CC1=NCN=C([NH])N=CO1
[N][N]C1=N[N]NN=NC1=N
Nc1cnc(F)cn1
NC(=O)C(F)(F)F
O=COc1cnnnc1
Cn1cnnn1
[NH]C1=N[N]C=NOC(C=O)1
Objective: 0.4890625
Start training discriminator
epoch 0
Discriminator loss: 0.477397948503 Accuracy: 0.774193525314
epoch 1
Discriminator loss: 0.273909151554 Accuracy: 0.838709652424
#########################################################################
Training generator with Reinforcement Learning. Epoch 11
total_batch:  11 g_loss:  291.611
total_batch:  11 test_loss:  8.98748
Unique samples. Pct: 0.851041666667
O=c1cncoc(=O)O
Nc1cncnc1
COc1nc(O)no1
Nc1ncnc(O)n1
C#Cc1cnc(F)nn1
O=Cc1cnnnn1
C#CC(C#N)CO
O=c1cnocc1F
Nc1cnncn1
[NH]C1=NC=CNNN1
Verified samples. Pct: 0.770833333333
Nc1cncnc1
COc1nc(O)no1
Nc1ncnc(O)n1
C#Cc1cnc(F)nn1
O=Cc1cnnnn1
C#CC(C#N)CO
O=c1cnocc1F
Nc1cnncn1
[NH]C1=NC=CNNN1
c1noc2ccoc2o1
Objective: 0.48125
Start training discriminator
epoch 0
Discriminator loss: 0.293234735727 Accuracy: 0.903225779533
epoch 1
Discriminator loss: 0.220216065645 Accuracy: 0.93548387289
#########################################################################
Training generator with Reinforcement Learning. Epoch 12
total_batch:  12 g_loss:  244.616
total_batch:  12 test_loss:  8.99047
Unique samples. Pct: 0.8640625
Nc1noc(C=O)n1
OCc1ncnno1
O=c1cnonc1
N#CC#CC1(C#N)COC1=O
[NH]C1N=NNNNC1=O
Fc1ncnccc1
COc1ncon1
N#Cc1nn(F)c(O)cn1
Nc1nc(F)nc(F)n1
O=c1occ(O)oc1=O
Verified samples. Pct: 0.728125
Nc1noc(C=O)n1
O=c1cnonc1
N#CC#CC1(C#N)COC1=O
[NH]C1N=NNNNC1=O
COc1ncon1
Nc1nc(F)nc(F)n1
O=c1occ(O)oc1=O
C#CC(O)CO
O=CN=C(F)OC(=O)C#N
N#N.O=C=NN=NON=N[H]
Objective: 0.477083333333
Start training discriminator
epoch 0
Discriminator loss: 0.154536917806 Accuracy: 0.967741906643
epoch 1
Discriminator loss: 0.134539470077 Accuracy: 0.967741906643
#########################################################################
Training generator with Reinforcement Learning. Epoch 13
total_batch:  13 g_loss:  231.521
total_batch:  13 test_loss:  9.00424
Unique samples. Pct: 0.857291666667
C#CC(N)(N)C#N
Nc1ncncc1O
C#Cc1n[nH]c(C#N)n1
FC(F)(F)c1ncnc(F)n1
N#CC(=O)C(=O)C=O
O=C1OCCO1
OCn1c[nH]c(=O)o1
Oc1ncccc1
Nc1nnon1
[NH]C1=NC=NNNCO1
Verified samples. Pct: 0.688541666667
C#CC(N)(N)C#N
Nc1ncncc1O
C#Cc1n[nH]c(C#N)n1
FC(F)(F)c1ncnc(F)n1
N#CC(=O)C(=O)C=O
O=C1OCCO1
Oc1ncccc1
Nc1nnon1
[NH]C1=NC=NNNCO1
C#CC(=O)C=O
Objective: 0.441666666667
Start training discriminator
epoch 0
Discriminator loss: 0.168378263712 Accuracy: 0.93548387289
epoch 1
Discriminator loss: 0.264055848122 Accuracy: 0.870967745781
#########################################################################
Training generator with Reinforcement Learning. Epoch 14
total_batch:  14 g_loss:  226.811
total_batch:  14 test_loss:  9.01167
Unique samples. Pct: 0.868229166667
O=c1ccnc(F)c(F)n1
CN
N#CC#Cc1cnc(O)[nH]1
Nc1nnn(C=O)nn1
FC(F)(F)c1nccnn1
N#N.[NH][C][N]C(=O)C=NC=O
Oc1cccnc1F
Oc1ncc(F)cc1F
[NH]C1=NC=NCN=NC=N[O]
COc1coc(O)n1
Verified samples. Pct: 0.6875
O=c1ccnc(F)c(F)n1
CN
N#CC#Cc1cnc(O)[nH]1
FC(F)(F)c1nccnn1
N#N.[NH][C][N]C(=O)C=NC=O
Oc1cccnc1F
Oc1ncc(F)cc1F
COc1coc(O)n1
NC(=O)C(=O)C#N
C#CC(N)C=C=O
Objective: 0.4734375
Start training discriminator
epoch 0
Discriminator loss: 0.428256452084 Accuracy: 0.774193525314
epoch 1
Discriminator loss: 0.251314818859 Accuracy: 0.903225779533
#########################################################################
Training generator with Reinforcement Learning. Epoch 15
total_batch:  15 g_loss:  235.433
total_batch:  15 test_loss:  9.05634
Unique samples. Pct: 0.852083333333
Nc1nc(=O)cco1
Nc1cc(F)c(F)o1
N#CC(=O)c1ccno1
OCc1nccno1
Oc1ncncc1F
Nc1cnc[nH]
O=C2OCC(=O)C#N
O=CC#N
CNC(=O)C=O
O=c1cccncnc1=O
Verified samples. Pct: 0.724479166667
Nc1nc(=O)cco1
Nc1cc(F)c(F)o1
N#CC(=O)c1ccno1
Oc1ncncc1F
O=CC#N
CNC(=O)C=O
O=c1cccncnc1=O
COC(O)C#N
N#CC(=O)C1CC1
N#CC(N)C=O
Objective: 0.466145833333
Start training discriminator
epoch 0
Discriminator loss: 0.256708741188 Accuracy: 0.903225779533
epoch 1
Discriminator loss: 0.237821489573 Accuracy: 0.903225779533
#########################################################################
Training generator with Reinforcement Learning. Epoch 16
total_batch:  16 g_loss:  205.911
total_batch:  16 test_loss:  9.08095
Unique samples. Pct: 0.8421875
N#CCCC#N
Nc1cccnc1
Nc1nnc(O)o1
N#Cc1cccnc1
Nc1nnn(O)[nH]
c1cc[nH]c1
N#CC1(C=O)C(O)C=O
C#CCOC(N)C#N
N#N.O=C=N[N]ON=C12
Oc1cnncn1
Verified samples. Pct: 0.776041666667
N#CCCC#N
Nc1cccnc1
Nc1nnc(O)o1
N#Cc1cccnc1
c1cc[nH]c1
C#CCOC(N)C#N
Oc1cnncn1
C#CCC(=O)C=O
C#CC(=O)c1ncon1
c1cncc2nonc12
Objective: 0.490625
Start training discriminator
epoch 0
Discriminator loss: 0.173282980919 Accuracy: 0.903225779533
epoch 1
Discriminator loss: 0.201017484069 Accuracy: 0.93548387289
#########################################################################
Training generator with Reinforcement Learning. Epoch 17
total_batch:  17 g_loss:  231.435
total_batch:  17 test_loss:  9.00669
Unique samples. Pct: 0.825
[NH]C1ON=NNNCC==O
[NH]C1ON=CNC=NCO1
Oc1cncnc1
[NH]C1ON=NNCO=C1
Oc1cc(F)nc(F)n1
Oc1cnc(F)c(F)c1
Nc1noncc1=O
N#Cc1cnc(N)co1
C#Cc1ccc(O)o1
C#CCNC=O
Verified samples. Pct: 0.8140625
[NH]C1ON=CNC=NCO1
Oc1cncnc1
Oc1cc(F)nc(F)n1
Oc1cnc(F)c(F)c1
Nc1noncc1=O
C#Cc1ccc(O)o1
C#CCNC=O
c1cc(F)cc(F)n1
CC(=O)C(N)=O
C#CC#CCC=O
Objective: 0.511458333333
Start training discriminator
epoch 0
Discriminator loss: 0.0973025783896 Accuracy: 1.0
epoch 1
Discriminator loss: 0.238054007292 Accuracy: 0.870967745781
#########################################################################
Training generator with Reinforcement Learning. Epoch 18
total_batch:  18 g_loss:  260.114
total_batch:  18 test_loss:  9.13541
Unique samples. Pct: 0.822395833333
Oc1cnncn1
N#Cc1ocnc1CO
C#Cc1nc(O)cnc1F
Fc1cncnc1
NC(=O)C(=O)C(F)(F)F
O=c1cc(F)nco1
O=CC(F)(F)F
N#Cc1cccnc1
Oc1ncnc(F)c1
O=Cn1cc(O)nn1
Verified samples. Pct: 0.835416666667
Oc1cnncn1
N#Cc1ocnc1CO
C#Cc1nc(O)cnc1F
Fc1cncnc1
NC(=O)C(=O)C(F)(F)F
O=c1cc(F)nco1
O=CC(F)(F)F
N#Cc1cccnc1
Oc1ncnc(F)c1
O=Cn1cc(O)nn1
Objective: 0.513020833333
Start training discriminator
epoch 0
Discriminator loss: 0.096646219492 Accuracy: 1.0
epoch 1
Discriminator loss: 0.285691320896 Accuracy: 0.870967745781
#########################################################################
Training generator with Reinforcement Learning. Epoch 19
total_batch:  19 g_loss:  268.858
total_batch:  19 test_loss:  9.01585
Unique samples. Pct: 0.806770833333
NC(=O)C(F)(F)F
O=c1cc2ncocc2O
[NH]C1NC=NNNN=NO1
N#C[[N][C][C]C(=N)CC2O
Oc1ncnnn1
Nc1conn1
[NH]C1=NCN=NNNC1F
C#Cc1cc(F)cc(F)n1
[NH]C1NNC=NNNC1[N+]1=O
N#Cc1nc(O)oc(F)n1
Verified samples. Pct: 0.835416666667
NC(=O)C(F)(F)F
[NH]C1NC=NNNN=NO1
Oc1ncnnn1
Nc1conn1
[NH]C1=NCN=NNNC1F
C#Cc1cc(F)cc(F)n1
Nc1nc(N)co1
O=CCNCC#N
C#CCNCC=O
N#CCc1nn[nH]c1N
Objective: 0.508854166667
Start training discriminator
epoch 0
Discriminator loss: 0.17913928628 Accuracy: 0.967741906643
epoch 1
Discriminator loss: 0.301313221455 Accuracy: 0.870967745781
#########################################################################
Training generator with Reinforcement Learning. Epoch 20
total_batch:  20 g_loss:  229.437
total_batch:  20 test_loss:  9.21566
Unique samples. Pct: 0.7921875
Oc1ncncc1F
O
Nc1nnnc(O)n1
O=c1cc(O)cc(F)n1
Nc1cnc(F)nn1
N#Cc1cc(C=O)nn1
N#CC#CC(=O)C(N)C#N
[NH]C1NNNNC=NO1
Cc1cncnn1
Nc1cc(=O)occ1
Verified samples. Pct: 0.825520833333
Oc1ncncc1F
O
Nc1nnnc(O)n1
Nc1cnc(F)nn1
N#CC#CC(=O)C(N)C#N
[NH]C1NNNNC=NO1
Cc1cncnn1
Nc1cc(=O)occ1
Nc1nc(O)no1
N#Cc1cnoc1
Objective: 0.490104166667
Start training discriminator
epoch 0
Discriminator loss: 0.295405656099 Accuracy: 0.903225779533
epoch 1
Discriminator loss: 0.337703049183 Accuracy: 0.838709652424
#########################################################################
Training generator with Reinforcement Learning. Epoch 21
total_batch:  21 g_loss:  226.3
total_batch:  21 test_loss:  9.0761
Unique samples. Pct: 0.8046875
N#CC#CCOC(O)
CC(C#N)C=O
C#Cc1cnc(O)n1
NC(=O)C1CC1
FC(F)(F)c1ccco1
O=c1nc(F)nc(F)n1
c1[nH]cco1
C#Cc1ccccn1
O=COCC(=O)C#N
C#Cc1ncc(O)o1
Verified samples. Pct: 0.776041666667
N#CC#CCOC(O)
CC(C#N)C=O
NC(=O)C1CC1
FC(F)(F)c1ccco1
C#Cc1ccccn1
O=COCC(=O)C#N
C#Cc1ncc(O)o1
[NH]C1=NCNC(F)=NC1=O
[NH][C]1CNC(F)=NC(O)O1
Nc1nncnc1
Objective: 0.465104166667
Start training discriminator
epoch 0
Discriminator loss: 0.13896125555 Accuracy: 0.903225779533
epoch 1
Discriminator loss: 0.218426570296 Accuracy: 0.870967745781
#########################################################################
Training generator with Reinforcement Learning. Epoch 22
total_batch:  22 g_loss:  247.383
total_batch:  22 test_loss:  9.11724
Unique samples. Pct: 0.788020833333
N#CC1(C#N)CNC1
Oc1ncc(O)o1
O=C=NC(F)C(F)C#N
O=CCOC(F)(F)F
O=c1ncc(F)cc(F)n1
N#Cc1cnoc1N
[NH]C1ON=NNNNC1[NH]
c1nc2occn2o1
c1cnncn1
NC(=O)c1ccnn1
Verified samples. Pct: 0.8046875
N#CC1(C#N)CNC1
Oc1ncc(O)o1
O=C=NC(F)C(F)C#N
O=CCOC(F)(F)F
O=c1ncc(F)cc(F)n1
N#Cc1cnoc1N
[NH]C1ON=NNNNC1[NH]
c1cnncn1
Fc1c[nH]c(O)c1
N#CC1=NCC(N)C1O
Objective: 0.4671875
Start training discriminator
epoch 0
Discriminator loss: 0.239185363054 Accuracy: 0.838709652424
epoch 1
Discriminator loss: 0.345578789711 Accuracy: 0.774193525314
#########################################################################
Training generator with Reinforcement Learning. Epoch 23
total_batch:  23 g_loss:  235.28
total_batch:  23 test_loss:  9.21413
Unique samples. Pct: 0.78125
COc1cnnnn1
Nc1cc(F)nnc1
Nc1nccnc1
N#Cc1ncncn1
[NH]C1NNNCON=NC1=O
Nc1cnoc1
c1nc2cnoc2o1
Cc1ncnc(=O)c1
Nc1cncnc1
Nc1nn(C=O)nn1
Verified samples. Pct: 0.8171875
COc1cnnnn1
Nc1cc(F)nnc1
Nc1nccnc1
N#Cc1ncncn1
[NH]C1NNNCON=NC1=O
Nc1cnoc1
c1nc2cnoc2o1
Nc1cncnc1
Nc1nn(C=O)nn1
Nc1noc(O)n1
Objective: 0.491145833333
Start training discriminator
epoch 0
Discriminator loss: 0.31052172184 Accuracy: 0.903225779533
epoch 1
Discriminator loss: 0.40820106864 Accuracy: 0.741935491562
#########################################################################
Training generator with Reinforcement Learning. Epoch 24
total_batch:  24 g_loss:  245.704
total_batch:  24 test_loss:  9.16605
Unique samples. Pct: 0.767708333333
Nc1cc(O)oc1=O
C#Cc1ccnnn1
Oc1cnccn1
[NH]C1NNNC(F)NC1C1
c1nc2nc[nH]c2o1
c1ncccc1F
Oc1cc(F)cn(F)n1
O=CCCCO
[NH]C1NNONNC(CO1
c1nc2cncoc2o12
Verified samples. Pct: 0.836979166667
C#Cc1ccnnn1
Oc1cnccn1
c1nc2nc[nH]c2o1
c1ncccc1F
O=CCCCO
Nc1ncncn1
O=Cc1ncon1
ON=CC(N)(C#N)C#N
CC#CC(N)C=O
C#CC(O)CO
Objective: 0.484375
Start training discriminator
epoch 0
Discriminator loss: 0.169696643949 Accuracy: 0.93548387289
epoch 1
Discriminator loss: 0.149440020323 Accuracy: 1.0
#########################################################################
Training generator with Reinforcement Learning. Epoch 25
total_batch:  25 g_loss:  229.952
total_batch:  25 test_loss:  9.18431
Unique samples. Pct: 0.777083333333
CC(=O)CC#N
Cc1cnccn1
Nc1cnncn1
Nc1ccnc(F)n1
Oc1ncccn1
Nc1cnnc(=O)[nH]1
N#CCC(=O)C=O
O=c1cncc(F)nc1F
Fc1ncncc1F
[NH]C1NNNNC(C=O)C=NO1
Verified samples. Pct: 0.847395833333
CC(=O)CC#N
Cc1cnccn1
Nc1cnncn1
Nc1ccnc(F)n1
Oc1ncccn1
Nc1cnnc(=O)[nH]1
N#CCC(=O)C=O
O=c1cncc(F)nc1F
Fc1ncncc1F
[NH]C1NNNNC(C=O)C=NO1
Objective: 0.509375
Start training discriminator
epoch 0
Discriminator loss: 0.149668961763 Accuracy: 0.93548387289
epoch 1
Discriminator loss: 0.095833748579 Accuracy: 0.967741906643
#########################################################################
Training generator with Reinforcement Learning. Epoch 26
total_batch:  26 g_loss:  252.63
total_batch:  26 test_loss:  9.0087
Unique samples. Pct: 0.786458333333
NC(=O)C(=O)C(N)C#N
CC(=O)C(O)C#N
NC(N)=C(F)C=O
C#CCC(=O)C=O
Oc1ncncc1F
O=c1nc(F)cc[nH]1
C#CC#CCC#N
c1nc2cnoc2o1
Cc1cncc(=O)o1
O=Cc1ccc(O)o1
Verified samples. Pct: 0.847395833333
NC(=O)C(=O)C(N)C#N
CC(=O)C(O)C#N
NC(N)=C(F)C=O
C#CCC(=O)C=O
Oc1ncncc1F
O=c1nc(F)cc[nH]1
C#CC#CCC#N
c1nc2cnoc2o1
Cc1cncc(=O)o1
O=Cc1ccc(O)o1
Objective: 0.521354166667
Start training discriminator
epoch 0
Discriminator loss: 0.309905350208 Accuracy: 0.838709652424
epoch 1
Discriminator loss: 0.130157038569 Accuracy: 0.93548387289
#########################################################################
Training generator with Reinforcement Learning. Epoch 27
total_batch:  27 g_loss:  250.293
total_batch:  27 test_loss:  9.0561
Unique samples. Pct: 0.786458333333
N#CCC=O
Nc1cnnnc1
c1cc2cnnnc2o1
N#Cc1cncnn1
C#CCC(=N)CC=N1
[NH]C1NNC=NOCCOO1
NN=C(N)C=NCO1
CC(O)CC#N
Nc1ncnc(F)n1
CCC(=O)C#N
Verified samples. Pct: 0.84375
N#CCC=O
Nc1cnnnc1
c1cc2cnnnc2o1
N#Cc1cncnn1
[NH]C1NNC=NOCCOO1
CC(O)CC#N
Nc1ncnc(F)n1
CCC(=O)C#N
N#CC(CO)C#N
N#CC1OCCC1=O
Objective: 0.517708333333
Start training discriminator
epoch 0
Discriminator loss: 0.394574612379 Accuracy: 0.806451618671
epoch 1
Discriminator loss: 0.178333804011 Accuracy: 0.870967745781
#########################################################################
Training generator with Reinforcement Learning. Epoch 28
total_batch:  28 g_loss:  247.138
total_batch:  28 test_loss:  8.95942
Unique samples. Pct: 0.801041666667
COCC(=O)C#C
Nc1ncncc1F
[NH]C=NC(F)CNCC1
[NH]C1ONNNNC=CC1=O
[NH]C1NNC(F)CNNN=1
O=c1cc(F)ccc(=O)o1
[NH]C1NNCNC=NON=CO
Nc1cn(F)ncc1F
c1ncccn1
Nc1cc(F)nc(F)n1
Verified samples. Pct: 0.830729166667
COCC(=O)C#C
Nc1ncncc1F
[NH]C1ONNNNC=CC1=O
[NH]C1NNC(F)CNNN=1
O=c1cc(F)ccc(=O)o1
c1ncccn1
Nc1cc(F)nc(F)n1
COc1noc(=O)[nH]1
CCCO
C=CNC(N)C#N
Objective: 0.525520833333
Start training discriminator
epoch 0
Discriminator loss: 0.122224897146 Accuracy: 1.0
epoch 1
Discriminator loss: 0.215289771557 Accuracy: 0.870967745781
#########################################################################
Training generator with Reinforcement Learning. Epoch 29
total_batch:  29 g_loss:  248.243
total_batch:  29 test_loss:  9.01843
Unique samples. Pct: 0.795833333333
N#Cc1ccccc1F
[NH]C1NNC(O)CNN=NO1
Nc1noc(C=O)n1
[NH]C1NNNNCON=CC1=O
O=Cn1cc(O)nc(F)n1
N#CC1OCC1O
c1cc2oncnc2o1
N#Cc1nc(O)ccc1F
CNCC(F)(F)F
C#CCC(O)C=N
Verified samples. Pct: 0.833333333333
N#Cc1ccccc1F
[NH]C1NNC(O)CNN=NO1
Nc1noc(C=O)n1
[NH]C1NNNNCON=CC1=O
N#CC1OCC1O
N#Cc1nc(O)ccc1F
CNCC(F)(F)F
C#CCC(O)C=N
N#CC1(C#N)CCC1
Nc1nc(=O)cc[nH]1
Objective: 0.527083333333
Start training discriminator
epoch 0
Discriminator loss: 0.24324645102 Accuracy: 0.903225779533
epoch 1
Discriminator loss: 0.372509360313 Accuracy: 0.774193525314
#########################################################################
Training generator with Reinforcement Learning. Epoch 30
total_batch:  30 g_loss:  244.711
total_batch:  30 test_loss:  8.92818
Unique samples. Pct: 0.803125
C#CCC(=O)CN=N
Oc1cnncc1F
Nc1cnc(O)nn1
Cc1ncc(O)nn1
Cc1n[nH]c(N)n1
Nc1cncnc1
C#CC(=O)CNC=O
C#Cc1ncnnc1
Nc1nc(O)ccO1
[NH]Cc1ccnn1
Verified samples. Pct: 0.834895833333
C#CCC(=O)CN=N
Oc1cnncc1F
Nc1cnc(O)nn1
Cc1ncc(O)nn1
Cc1n[nH]c(N)n1
Nc1cncnc1
C#CC(=O)CNC=O
C#Cc1ncnnc1
N#Cc1ccncc1F
C#CCC(N)C#N
Objective: 0.538541666667
Start training discriminator
epoch 0
Discriminator loss: 0.0866717547178 Accuracy: 0.967741906643
epoch 1
Discriminator loss: 0.0575683265924 Accuracy: 1.0
#########################################################################
Training generator with Reinforcement Learning. Epoch 31
total_batch:  31 g_loss:  244.551
total_batch:  31 test_loss:  9.00171
Unique samples. Pct: 0.7875
NC(=O)C(=O)C(N)C#N
N#Cc1ccccc1F
C#CC#CC(C=O)C=O
Cn1ncc(F)nn1
O=CNc1ccon1
c1nc2ncnc2o1
O=c1[nH]cnc(F)c1F
N#Cc1nc(O)ncc1F
O=c1[nH]nnoc1=O
C#CC
Verified samples. Pct: 0.8296875
NC(=O)C(=O)C(N)C#N
N#Cc1ccccc1F
C#CC#CC(C=O)C=O
O=CNc1ccon1
O=c1[nH]cnc(F)c1F
N#Cc1nc(O)ncc1F
O=c1[nH]nnoc1=O
C#CC
[NH]C1NNONNCC1O
N=[N+]([NH])Oc1cnccn1
Objective: 0.519270833333
Start training discriminator
epoch 0
Discriminator loss: 0.146451443434 Accuracy: 0.93548387289
epoch 1
Discriminator loss: 0.220644488931 Accuracy: 0.903225779533
#########################################################################
Training generator with Reinforcement Learning. Epoch 32
total_batch:  32 g_loss:  250.715
total_batch:  32 test_loss:  8.97086
Unique samples. Pct: 0.811458333333
C1COCC1
CCC(N)=O
Nc1nnnnc1F
O=c1ccncc(F)o1
NCC(=O)C=O
O=Cc1ncc[nH]
O=Cc1conc1N
Nc1cnccc1F
[NH]C1ON=NNNNNCO1
O=CCn1cnnn1
Verified samples. Pct: 0.823958333333
C1COCC1
CCC(N)=O
Nc1nnnnc1F
NCC(=O)C=O
O=Cc1conc1N
Nc1cnccc1F
[NH]C1ON=NNNNNCO1
O=CCn1cnnn1
O=Cn1ncc(O)c1F
CN
Objective: 0.534895833333
Start training discriminator
epoch 0
Discriminator loss: 0.271016180515 Accuracy: 0.870967745781
epoch 1
Discriminator loss: 0.163650006056 Accuracy: 0.93548387289
#########################################################################
Training generator with Reinforcement Learning. Epoch 33
total_batch:  33 g_loss:  250.857
total_batch:  33 test_loss:  8.91742
Unique samples. Pct: 0.819270833333
Nc1ncc(C#N)nn1
Oc1cnccn1
Nc1ncncc1F
Cc1nonc1O
c1onccn1
O=Cn1ccc(F)c1O
Nc1ccncc1F
CC(=O)C(N)=N
Cc1cnccn1
N#CC1CNCC1=O
Verified samples. Pct: 0.8140625
Nc1ncc(C#N)nn1
Oc1cnccn1
Nc1ncncc1F
Cc1nonc1O
O=Cn1ccc(F)c1O
Nc1ccncc1F
CC(=O)C(N)=N
Cc1cnccn1
N#CC1CNCC1=O
N#N.[NH]C1ONOCOC(=O)N1
Objective: 0.532291666667
Start training discriminator
epoch 0
Discriminator loss: 0.381882727146 Accuracy: 0.93548387289
epoch 1
Discriminator loss: 0.0611514262855 Accuracy: 1.0
#########################################################################
Training generator with Reinforcement Learning. Epoch 34
total_batch:  34 g_loss:  251.182
total_batch:  34 test_loss:  8.9093
Unique samples. Pct: 0.809895833333
C#CC1NCC1O
NN=C(N)OCC=O
O=c1occcc1O
Nc1n[nH]c(O)n1
Nc1ncc(O)nn1
C#CCC(N)=O
O=Cc1ncnnc1F
Nc1ncnc(F)c1F
Nc1ncnc(F)nc1=O
O=c1[nH]cnc(F)c1F
Verified samples. Pct: 0.855729166667
C#CC1NCC1O
NN=C(N)OCC=O
O=c1occcc1O
Nc1n[nH]c(O)n1
Nc1ncc(O)nn1
C#CCC(N)=O
O=Cc1ncnnc1F
Nc1ncnc(F)c1F
Nc1ncnc(F)nc1=O
O=c1[nH]cnc(F)c1F
Objective: 0.553125
Start training discriminator
epoch 0
Discriminator loss: 0.0503045208752 Accuracy: 1.0
epoch 1
Discriminator loss: 0.117941118777 Accuracy: 0.967741906643
#########################################################################
Training generator with Reinforcement Learning. Epoch 35
total_batch:  35 g_loss:  246.669
total_batch:  35 test_loss:  8.9381
Unique samples. Pct: 0.791666666667
[N][N]C1CNNC=NO1
N#CC#Cc1ncncnc1=O
Nc1ccccn1
C=O
O[CH]COC=NO1
O=c1ccc(F)cnc1F
[NH]C1ONNNC=NOC1C#N
O=c1ccc(F)c(F)nn1
[NH]C1NNCNC(F)=NC(F)O1
[NH]C1ON=NCNC(O)OC1=O
Verified samples. Pct: 0.844791666667
[N][N]C1CNNC=NO1
N#CC#Cc1ncncnc1=O
Nc1ccccn1
C=O
O=c1ccc(F)cnc1F
[NH]C1ONNNC=NOC1C#N
O=c1ccc(F)c(F)nn1
[NH]C1NNCNC(F)=NC(F)O1
[NH]C1ON=NCNC(O)OC1=O
Nc1cc(F)nc(F)n1
Objective: 0.519270833333
Start training discriminator
epoch 0
Discriminator loss: 0.217571541667 Accuracy: 0.903225779533
epoch 1
Discriminator loss: 0.2448964715 Accuracy: 0.903225779533
#########################################################################
Training generator with Reinforcement Learning. Epoch 36
total_batch:  36 g_loss:  249.328
total_batch:  36 test_loss:  8.91328
Unique samples. Pct: 0.797916666667
N#CCc1ncoc1
Nc1ncnnc1O
O=Cc1cnnnn1
c1nc2nnoc2n1[nH]
C#CC#CC(=O)C#N
Nc1cc(F)c(F)o1
Nc1nc(O)oc(=O)o1
O=c1cccc[nH]1
Cc1cncnn1
[NH]C1ONCOC=NO1
Verified samples. Pct: 0.851041666667
N#CCc1ncoc1
Nc1ncnnc1O
O=Cc1cnnnn1
C#CC#CC(=O)C#N
Nc1cc(F)c(F)o1
O=c1cccc[nH]1
Cc1cncnn1
[NH]C1ONCOC=NO1
Nc1cnc(F)nn1
O=COc1ncoc(=O)n1
Objective: 0.522916666667
Start training discriminator
epoch 0
Discriminator loss: 0.287627726793 Accuracy: 0.838709652424
epoch 1
Discriminator loss: 0.328209131956 Accuracy: 0.741935491562
#########################################################################
Training generator with Reinforcement Learning. Epoch 37
total_batch:  37 g_loss:  238.68
total_batch:  37 test_loss:  8.87875
Unique samples. Pct: 0.7921875
NC(=O)C(F)(F)F
O=c1ccnncc1F
COc1ccon1
C=CC(=O)CN
Cn1ncnn1
COCC#N
[NH]C1NNNNCNC=N1
N#CC1=NCNCCO1
Cc1cnc(F)nn1
c1nn[nH]c1O
Verified samples. Pct: 0.858333333333
NC(=O)C(F)(F)F
O=c1ccnncc1F
COc1ccon1
C=CC(=O)CN
Cn1ncnn1
COCC#N
[NH]C1NNNNCNC=N1
N#CC1=NCNCCO1
Cc1cnc(F)nn1
c1nn[nH]c1O
Objective: 0.522395833333
Start training discriminator
epoch 0
Discriminator loss: 0.228739887476 Accuracy: 0.870967745781
epoch 1
Discriminator loss: 0.168877854943 Accuracy: 0.967741906643
#########################################################################
Training generator with Reinforcement Learning. Epoch 38
total_batch:  38 g_loss:  270.542
total_batch:  38 test_loss:  8.87807
Unique samples. Pct: 0.789583333333
c1nccnc1F
[NH]C1NNNNCON=N1
N#Cc1ncccn1
O=c1nc(O)ncc(F)n1
CCNC=O
N#CC1=NCNCOC1=O
Nc1nc(F)ncn1
O=[C][C]OC(N)ON=NNCOC=N1
NC(=O)C=O
C#CC(=O)CNC=N1
Verified samples. Pct: 0.8640625
c1nccnc1F
[NH]C1NNNNCON=N1
N#Cc1ncccn1
O=c1nc(O)ncc(F)n1
CCNC=O
N#CC1=NCNCOC1=O
Nc1nc(F)ncn1
NC(=O)C=O
[NH]C1ONNC=NNC1N=O
Nc1cccnn1
Objective: 0.519791666667
Start training discriminator
epoch 0
Discriminator loss: 0.228582143784 Accuracy: 0.870967745781
epoch 1
Discriminator loss: 0.172272026539 Accuracy: 0.93548387289
#########################################################################
Training generator with Reinforcement Learning. Epoch 39
total_batch:  39 g_loss:  251.132
total_batch:  39 test_loss:  8.91272
Unique samples. Pct: 0.783854166667
[NH]C1NNC(F)NNC=NO1
Cc1nc(O)co1
C#Cc1cc(O)n[nH]1
N#CC1=CCOCC1O
Cc1nc(F)c[nH]1
N#CC#CCNC=O
Cc1nnnc(F)c1
Nc1nnoc1F
C#CCC#CC(O)C#N
Nc1ncc(F)nn1
Verified samples. Pct: 0.866145833333
[NH]C1NNC(F)NNC=NO1
Cc1nc(O)co1
C#Cc1cc(O)n[nH]1
N#CC1=CCOCC1O
Cc1nc(F)c[nH]1
N#CC#CCNC=O
Cc1nnnc(F)c1
Nc1nnoc1F
C#CCC#CC(O)C#N
Nc1ncc(F)nn1
Objective: 0.5078125
Start training discriminator
epoch 0
Discriminator loss: 0.206761568785 Accuracy: 0.903225779533
epoch 1
Discriminator loss: 0.276198476553 Accuracy: 0.838709652424
#########################################################################
Training generator with Reinforcement Learning. Epoch 40
total_batch:  40 g_loss:  245.854
total_batch:  40 test_loss:  8.83307
Unique samples. Pct: 0.769791666667
Nc1nnnc(N)n1
O=c1cc(F)nc(F)n1
N#CCCC#N
O=CCc1cnno1
[N][N][C]1OC=NNCNCC=N1
Oc1cnc(F)nn1
Fc1ccc(F)c(O)c1F
[NH]C1CNC(F)=NO1
Nc1nc[nH]c1O
O=CC1OCC1
Verified samples. Pct: 0.853125
Nc1nnnc(N)n1
N#CCCC#N
O=CCc1cnno1
[N][N][C]1OC=NNCNCC=N1
Oc1cnc(F)nn1
Fc1ccc(F)c(O)c1F
[NH]C1CNC(F)=NO1
Nc1nc[nH]c1O
O=CC1OCC1
C#CC#CC1CCO1
Objective: 0.48125
Start training discriminator
epoch 0
Discriminator loss: 0.293668240309 Accuracy: 0.903225779533
epoch 1
Discriminator loss: 0.254194706678 Accuracy: 0.838709652424
#########################################################################
Training generator with Reinforcement Learning. Epoch 41
total_batch:  41 g_loss:  217.729
total_batch:  41 test_loss:  8.91969
Unique samples. Pct: 0.7609375
C1CCC1
[NH]C1CNC(O)=NO1
Nc1nc(=O)c(F)on1
Nc1nc(O)nc(O)n1
CC(N)C#N
Nc1cc(=O)onc1=O
N#CCC#N
O=C1NCCOC1=O
Cc1cnco1
N#CC#CC(O)C=O
Verified samples. Pct: 0.84375
C1CCC1
[NH]C1CNC(O)=NO1
Nc1nc(O)nc(O)n1
CC(N)C#N
N#CCC#N
O=C1NCCOC1=O
Cc1cnco1
N#CC#CC(O)C=O
Nc1n[nH]cn1
O=CC(=O)C=O
Objective: 0.4609375
Start training discriminator
epoch 0
Discriminator loss: 0.131677299738 Accuracy: 0.967741906643
epoch 1
Discriminator loss: 0.145638719201 Accuracy: 0.93548387289
#########################################################################
Training generator with Reinforcement Learning. Epoch 42
total_batch:  42 g_loss:  249.756
total_batch:  42 test_loss:  8.79885
Unique samples. Pct: 0.763020833333
NC(=O)C(F)(F)F
N#CC(=O)CC#N
CC(N)=CN=C=N
Nc1n[nH]c(N)n1
O=CC(=O)C(F)(F)F
N#Cc1cnncn1
O=c1cncc(F)nn1
[NH]C1OC=NNNNC=NO1
O=CCn1cnnn1
N#N.[NH][C][C]C(F)=NON=NN.O=N
Verified samples. Pct: 0.843229166667
NC(=O)C(F)(F)F
N#CC(=O)CC#N
CC(N)=CN=C=N
Nc1n[nH]c(N)n1
O=CC(=O)C(F)(F)F
N#Cc1cnncn1
O=c1cncc(F)nn1
[NH]C1OC=NNNNC=NO1
O=CCn1cnnn1
N#N.[NH][C][C]C(F)=NON=NN.O=N
Objective: 0.4765625
best score:  8.79885
Start training discriminator
epoch 0
Discriminator loss: 0.192547574639 Accuracy: 0.903225779533
epoch 1
Discriminator loss: 0.207406684756 Accuracy: 0.870967745781
#########################################################################
Training generator with Reinforcement Learning. Epoch 43
total_batch:  43 g_loss:  245.207
total_batch:  43 test_loss:  8.83296
Unique samples. Pct: 0.777083333333
Nc1nc(F)nnc1
Nc1ccc(F)c(F)n1
FC(F)(F)CC(=O)CO
O=CC#Cc1cnnnn1
Oc1ncc(F)nc1F
O=COc1ccco1
C#CC(C#N)C(N)=O
[NH][C]1ON=NNNNCC1=O
C#Cc1cncnc1
[NH]C1CNN=NNO1
Verified samples. Pct: 0.8359375
Nc1nc(F)nnc1
Nc1ccc(F)c(F)n1
FC(F)(F)CC(=O)CO
O=CC#Cc1cnnnn1
Oc1ncc(F)nc1F
O=COc1ccco1
C#CC(C#N)C(N)=O
[NH][C]1ON=NNNNCC1=O
C#Cc1cncnc1
[NH]C1CNN=NNO1
Objective: 0.480208333333
Start training discriminator
epoch 0
Discriminator loss: 0.286873221397 Accuracy: 0.870967745781
epoch 1
Discriminator loss: 0.188040986657 Accuracy: 0.93548387289
#########################################################################
Training generator with Reinforcement Learning. Epoch 44
total_batch:  44 g_loss:  239.083
total_batch:  44 test_loss:  8.75216
Unique samples. Pct: 0.754166666667
[NH]C1ONN=NNCOC1=O
Nc1conc1F
c1cncc1O
COc1cnco1
C(N)C(F)(F)F
O=C1CNCC1
N#CC1=CCOC(N)N1
O=COc1ccco1
O=CCC(F)(F)(F)F)
O=Cc1cnnnn1
Verified samples. Pct: 0.859375
[NH]C1ONN=NNCOC1=O
Nc1conc1F
COc1cnco1
C(N)C(F)(F)F
O=C1CNCC1
N#CC1=CCOC(N)N1
O=COc1ccco1
O=Cc1cnnnn1
Nc1nnc(F)c(F)n1
Fc1cccc(=O)nn1
Objective: 0.478125
best score:  8.75216
Start training discriminator
epoch 0
Discriminator loss: 0.284658491611 Accuracy: 0.806451618671
epoch 1
Discriminator loss: 0.183974727988 Accuracy: 0.93548387289
#########################################################################
Training generator with Reinforcement Learning. Epoch 45
total_batch:  45 g_loss:  232.821
total_batch:  45 test_loss:  8.77356
Unique samples. Pct: 0.755208333333
[NH]C1NNNC(=N)NC(F)=NO1
[NH]C1OCN=NCO1
Nc1ccncn1
C#CCC#CCC#N
O=c1[nH]nccc1F
Fc1ccc[nH]1
Cn1ccnn1
[NH]C1NNNN=NNC1O
COc1cnnn1
c1ncnc(F)c1F
Verified samples. Pct: 0.844791666667
[NH]C1NNNC(=N)NC(F)=NO1
[NH]C1OCN=NCO1
Nc1ccncn1
C#CCC#CCC#N
O=c1[nH]nccc1F
Fc1ccc[nH]1
Cn1ccnn1
[NH]C1NNNN=NNC1O
c1ncnc(F)c1F
NC(=O)C#CC(F)(F)F
Objective: 0.473958333333
Start training discriminator
epoch 0
Discriminator loss: 0.361186146736 Accuracy: 0.806451618671
epoch 1
Discriminator loss: 0.162388339639 Accuracy: 0.93548387289
#########################################################################
Training generator with Reinforcement Learning. Epoch 46
total_batch:  46 g_loss:  203.331
total_batch:  46 test_loss:  8.76183
Unique samples. Pct: 0.751041666667
C#CC#CC(N)C#N
Nc1cc(F)nnc1F
c1ncncc1F
[NH]C1OCN=NNC(=N)N1
NN=C(N)C(N)=O
C#CC(O)C(=O)C#N
FC(F)(F)F
O=CCC(F)(F)F
O=CC(=O)c1nnnn1
N#CCCC#N
Verified samples. Pct: 0.872395833333
C#CC#CC(N)C#N
Nc1cc(F)nnc1F
c1ncncc1F
[NH]C1OCN=NNC(=N)N1
NN=C(N)C(N)=O
C#CC(O)C(=O)C#N
FC(F)(F)F
O=CCC(F)(F)F
N#CCCC#N
[NH]C1NNNNNC=N1
Objective: 0.496354166667
Start training discriminator
epoch 0
Discriminator loss: 0.197602301836 Accuracy: 0.93548387289
epoch 1
Discriminator loss: 0.31707406044 Accuracy: 0.806451618671
#########################################################################
Training generator with Reinforcement Learning. Epoch 47
total_batch:  47 g_loss:  238.922
total_batch:  47 test_loss:  8.77244
Unique samples. Pct: 0.733333333333
O=c1ccCccc1F
N#CC1(C#N)CNC1
N#Cc1ccnnc1F
Oc1cnccn1
O=C1OCCOC1
N#CC#CCC(=O)C=O
Fc1cncnc1
O=C1C=NCC(=O)O
N#CCC#N
[NH]C1ON=NNNC(F)=NO1
Verified samples. Pct: 0.865104166667
N#CC1(C#N)CNC1
N#Cc1ccnnc1F
Oc1cnccn1
O=C1OCCOC1
N#CC#CCC(=O)C=O
Fc1cncnc1
N#CCC#N
[NH]C1ON=NNNC(F)=NO1
N#CCC(N)=N
CNC=O
Objective: 0.475
Start training discriminator
epoch 0
Discriminator loss: 0.20706397295 Accuracy: 0.93548387289
epoch 1
Discriminator loss: 0.189402341843 Accuracy: 0.93548387289
#########################################################################
Training generator with Reinforcement Learning. Epoch 48
total_batch:  48 g_loss:  240.275
total_batch:  48 test_loss:  8.7208
Unique samples. Pct: 0.7484375
O=COc1ccnc(F)n1
O=COc1ccncn1
Nc1ccoc1=O
O=c1ccccnc1F
O=CC(C=O)C=O
Cc1nnnnc1
Nc1ncnnn1
O=Cc1ncncn1
C#CCC1COC1=O
Cc1nc(=O)[nH]nc1
Verified samples. Pct: 0.870833333333
O=COc1ccnc(F)n1
O=COc1ccncn1
O=c1ccccnc1F
O=CC(C=O)C=O
Cc1nnnnc1
Nc1ncnnn1
O=Cc1ncncn1
C#CCC1COC1=O
Cc1nc(=O)[nH]nc1
[NH]C1OCN=NNNC1=O
Objective: 0.4953125
best score:  8.7208
Start training discriminator
epoch 0
Discriminator loss: 0.13160033524 Accuracy: 0.93548387289
epoch 1
Discriminator loss: 0.246220082045 Accuracy: 0.838709652424
#########################################################################
Training generator with Reinforcement Learning. Epoch 49
total_batch:  49 g_loss:  243.78
total_batch:  49 test_loss:  8.76386
Unique samples. Pct: 0.722916666667
C#CC(N)C#N
Oc1nnc(F)cn1
N#CC#CCOCC#N
O=CC(N)=CNC=N
N#CCCC=O
O=c1ncc(F)ncc1F
O=CC1OCCC1
O=CC(=O)[C](F)CO1
Nc1ncnc(F)c1F
[NH]C1NNN=NNCN=NO1
Verified samples. Pct: 0.886458333333
C#CC(N)C#N
Oc1nnc(F)cn1
N#CC#CCOCC#N
O=CC(N)=CNC=N
N#CCCC=O
O=c1ncc(F)ncc1F
O=CC1OCCC1
Nc1ncnc(F)c1F
[NH]C1NNN=NNCN=NO1
O=CC(=O)n1ccnn1
Objective: 0.494791666667
Start training discriminator
epoch 0
Discriminator loss: 0.215335324407 Accuracy: 0.870967745781
epoch 1
Discriminator loss: 0.147385075688 Accuracy: 0.93548387289
#########################################################################
Training generator with Reinforcement Learning. Epoch 50
total_batch:  50 g_loss:  248.771
total_batch:  50 test_loss:  8.59917
Unique samples. Pct: 0.7421875
N#CC#CC(=N)C(F)(F)(F)F
N#N.[O][C][C](F)NNC1
O=Cc1cnccnc1=O
C#CCc1nnno1
O=CC(=O)n1nccn1
CC#CCC#N
C#CCC(=O)C#N
C#Cc1nc(C#C)on1
CC#CCN
Oc1cnccc1F
Verified samples. Pct: 0.879166666667
O=Cc1cnccnc1=O
C#CCc1nnno1
O=CC(=O)n1nccn1
CC#CCC#N
C#CCC(=O)C#N
C#Cc1nc(C#C)on1
CC#CCN
Oc1cnccc1F
Cn1cnc(F)n1
C#CCCN
Objective: 0.503125
best score:  8.59917
Start training discriminator
epoch 0
Discriminator loss: 0.319808512926 Accuracy: 0.774193525314
epoch 1
Discriminator loss: 0.185505777597 Accuracy: 0.838709652424
#########################################################################
Training generator with Reinforcement Learning. Epoch 51
total_batch:  51 g_loss:  247.2
total_batch:  51 test_loss:  8.65401
Unique samples. Pct: 0.736979166667
c1nccco1
N#N..[O][C]1ON=NNNC=NO1
c1ccccc1F
CO
O=Cc1ccnnn1
N#Cc1cncoc1=O
Cc1c[nH]c(O)n1
N#CC1CCC1
[NH]C1OC=NNNC=NO1
Oc1ncc(F)c(F)n1
Verified samples. Pct: 0.859895833333
c1ccccc1F
CO
O=Cc1ccnnn1
N#Cc1cncoc1=O
Cc1c[nH]c(O)n1
N#CC1CCC1
[NH]C1OC=NNNC=NO1
Oc1ncc(F)c(F)n1
CC#CC(C#N)C#N
O=C1CNCC1
Objective: 0.488020833333
Start training discriminator
epoch 0
Discriminator loss: 0.384172946215 Accuracy: 0.709677398205
epoch 1
Discriminator loss: 0.250819504261 Accuracy: 0.93548387289
#########################################################################
Training generator with Reinforcement Learning. Epoch 52
total_batch:  52 g_loss:  258.337
total_batch:  52 test_loss:  8.68678
Unique samples. Pct: 0.746354166667
CC#CCO
O=CC#CCC(=O)C#N
O=Cc1ccncc(=O)c1
OC1CCO1
Fc1ccccc1F
[NH]C1NN=NNNC=NNO1
C#CC#CC(N)=O
Fc1ccccnc1
CC(=O)n1cnnn1
C#CC#CC(C#CC#N
Verified samples. Pct: 0.869791666667
CC#CCO
O=CC#CCC(=O)C#N
O=Cc1ccncc(=O)c1
OC1CCO1
Fc1ccccc1F
[NH]C1NN=NNNC=NNO1
C#CC#CC(N)=O
CC(=O)n1cnnn1
Nc1ncnc(F)n1
COc1nnccn1
Objective: 0.5109375
Start training discriminator
epoch 0
Discriminator loss: 0.235401853919 Accuracy: 0.870967745781
epoch 1
Discriminator loss: 0.401023089886 Accuracy: 0.806451618671
#########################################################################
Training generator with Reinforcement Learning. Epoch 53
total_batch:  53 g_loss:  224.278
total_batch:  53 test_loss:  8.59814
Unique samples. Pct: 0.7390625
O=CC1(CO)CCO1
C#CC#CCOC=[N]
OCC=O
Oc1cnccc1F
O=C1COCC1
N#Cc1ccncnc1
O=Cc1nccnc1O
OCc1ccco1
C#CC#CCO
Cn1cncn1
Verified samples. Pct: 0.8578125
O=CC1(CO)CCO1
C#CC#CCOC=[N]
OCC=O
Oc1cnccc1F
O=C1COCC1
O=Cc1nccnc1O
OCc1ccco1
C#CC#CCO
Cn1cncn1
Cc1nccc(F)n1
Objective: 0.481770833333
best score:  8.59814
Start training discriminator
epoch 0
Discriminator loss: 0.228374168277 Accuracy: 0.903225779533
epoch 1
Discriminator loss: 0.214046895504 Accuracy: 0.870967745781
#########################################################################
Training generator with Reinforcement Learning. Epoch 54
total_batch:  54 g_loss:  258.359
total_batch:  54 test_loss:  8.60429
Unique samples. Pct: 0.747916666667
O=C1Oc1C[N][N][N]C=N
[NH]C1NNC(F)=NON=NO1
O=CC#CCC#N
C#CCC(O)=O
Nc1ccnc[nH]1
[NH]C1NNNNC=NO1
[NH]C1ON=C(F)CON=NC1=O
Cc1cnn[nH]c1=O
CC(=O)C(F)(F)F
O=CC#CCC#N
Verified samples. Pct: 0.8484375
O=C1Oc1C[N][N][N]C=N
[NH]C1NNC(F)=NON=NO1
O=CC#CCC#N
C#CCC(O)=O
[NH]C1NNNNC=NO1
[NH]C1ON=C(F)CON=NC1=O
Cc1cnn[nH]c1=O
CC(=O)C(F)(F)F
O=CC#CCC#N
N#CC#CC(N)C#N
Objective: 0.49375
Start training discriminator
epoch 0
Discriminator loss: 0.191196650267 Accuracy: 0.93548387289
epoch 1
Discriminator loss: 0.219680652022 Accuracy: 0.903225779533
#########################################################################
Training generator with Reinforcement Learning. Epoch 55
total_batch:  55 g_loss:  240.322
total_batch:  55 test_loss:  8.57135
Unique samples. Pct: 0.760416666667
N#CCC(=O)C(F)(F)F
N#CCc1nc(O)nno1
CCC#N
Nc1ncccn1
Cc1nnc(F)nn1
Nc1ccncc1F
O=CNCC(F)(F)O
Cn1nc(O)nn1
O=CC(=O)C=NC(=O)C=O
C#Cc1cnncc1O
Verified samples. Pct: 0.854166666667
N#CCC(=O)C(F)(F)F
CCC#N
Nc1ncccn1
Cc1nnc(F)nn1
Nc1ccncc1F
O=CNCC(F)(F)O
Cn1nc(O)nn1
O=CC(=O)C=NC(=O)C=O
C#Cc1cnncc1O
CC#CC(N)=C=O
Objective: 0.497916666667
best score:  8.57135
Start training discriminator
epoch 0
Discriminator loss: 0.0681938230991 Accuracy: 1.0
epoch 1
Discriminator loss: 0.363334059715 Accuracy: 0.838709652424
#########################################################################
Training generator with Reinforcement Learning. Epoch 56
total_batch:  56 g_loss:  217.508
total_batch:  56 test_loss:  8.56296
Unique samples. Pct: 0.748958333333
Cc1nc(O)nco1
Cc1nc(O)co1
NN=C(N)C(O)=N
C#CCC#N
CC#CCO
N#Cc1occcc1=O
C#CC#CC#NCC(F)(F)F
C#Cc1ncccc1F
C#CC(O)C#CC#N
N#CC#CC(N)C#N
Verified samples. Pct: 0.875
Cc1nc(O)co1
NN=C(N)C(O)=N
C#CCC#N
CC#CCO
C#Cc1ncccc1F
C#CC(O)C#CC#N
N#CC#CC(N)C#N
Nc1cnno1
Nc1n[nH]c(O)n1
N#CC(=O)C1COC1
Objective: 0.515104166667
best score:  8.56296
Start training discriminator
epoch 0
Discriminator loss: 0.287543058395 Accuracy: 0.903225779533
epoch 1
Discriminator loss: 0.075852625072 Accuracy: 1.0
#########################################################################
Training generator with Reinforcement Learning. Epoch 57
total_batch:  57 g_loss:  246.987
total_batch:  57 test_loss:  8.47247
Unique samples. Pct: 0.736979166667
[NH]C1OCN=NOC(O)=N1
Nc1nc(=O)nco1
C#CC(=O)CC#CC#N
C=CNC(N)=C=N
CC#N
O=c1cnc(F)nc(F)n1
[NH]C1OC=NONCC=NO1
O=CC1OCCO1
N#CC#CCC(=O)O
C#CCC#CCC#N
Verified samples. Pct: 0.865625
[NH]C1OCN=NOC(O)=N1
Nc1nc(=O)nco1
C#CC(=O)CC#CC#N
C=CNC(N)=C=N
CC#N
O=c1cnc(F)nc(F)n1
[NH]C1OC=NONCC=NO1
O=CC1OCCO1
N#CC#CCC(=O)O
C#CCC#CCC#N
Objective: 0.506770833333
best score:  8.47247
Start training discriminator
epoch 0
Discriminator loss: 0.23549580574 Accuracy: 0.870967745781
epoch 1
Discriminator loss: 0.107841074467 Accuracy: 1.0
#########################################################################
Training generator with Reinforcement Learning. Epoch 58
total_batch:  58 g_loss:  234.51
total_batch:  58 test_loss:  8.57089
Unique samples. Pct: 0.7359375
NC(=O)C(N)=O
O=C1CN(C=O)C=NCO1
N#N.[O][C]1NC=NNC(F)=NO1
c1n[nH]nc1O
O=CC(=O)CC#N
C#Cc1cccc(=O)o1
C1CCC1
Nc1cncnc(=O)n1
O=CNc1cncoc1=O
N=COC=O
Verified samples. Pct: 0.878125
NC(=O)C(N)=O
O=C1CN(C=O)C=NCO1
N#N.[O][C]1NC=NNC(F)=NO1
c1n[nH]nc1O
O=CC(=O)CC#N
C#Cc1cccc(=O)o1
C1CCC1
Nc1cncnc(=O)n1
O=CNc1cncoc1=O
N=COC=O
Objective: 0.5
Start training discriminator
epoch 0
Discriminator loss: 0.162875667214 Accuracy: 0.93548387289
epoch 1
Discriminator loss: 0.233747392893 Accuracy: 0.903225779533
#########################################################################
Training generator with Reinforcement Learning. Epoch 59
total_batch:  59 g_loss:  234.398
total_batch:  59 test_loss:  8.5516
Unique samples. Pct: 0.75625
[NH]C1NNNC=NNNC=C1F
Nc1cncnc1
O=Cc1nnccc1O
Fc1ccccc1F
N#N.O=C=NN[C](F)=NN=NNN=O
O=Cc1cnc(F)cc1F)n1
c1onccn1
[NH]C1NNC=NNNC(=O)N=NO
O=Cc1cccoc1=O
COc1ccon1
Verified samples. Pct: 0.870833333333
[NH]C1NNNC=NNNC=C1F
Nc1cncnc1
O=Cc1nnccc1O
Fc1ccccc1F
N#N.O=C=NN[C](F)=NN=NNN=O
O=Cc1cccoc1=O
COc1ccon1
N#CC1CCC1
O=CC(=O)OC(=O)C=O
N#Cc1nocc1C#N
Objective: 0.53125
Start training discriminator
epoch 0
Discriminator loss: 0.231372565031 Accuracy: 0.903225779533
epoch 1
Discriminator loss: 0.223029121757 Accuracy: 0.903225779533
#########################################################################
Training generator with Reinforcement Learning. Epoch 60
total_batch:  60 g_loss:  231.05
total_batch:  60 test_loss:  8.45816
Unique samples. Pct: 0.7515625
C#CC#CC(N)C#N
c1nocc1F
CC(=O)C=O
Nc1cc(F)nc(F)n1
O=c1ccccnc1F
O=CC1CNCC1
O=Cc1cocnc1=O
[NH]C1OC=NNNNN=NO1
NC1=CCOCC1=O
NC(=O)C#N
Verified samples. Pct: 0.85625
C#CC#CC(N)C#N
c1nocc1F
CC(=O)C=O
Nc1cc(F)nc(F)n1
O=c1ccccnc1F
O=CC1CNCC1
O=Cc1cocnc1=O
[NH]C1OC=NNNNN=NO1
NC1=CCOCC1=O
NC(=O)C#N
Objective: 0.5109375
best score:  8.45816
Start training discriminator
epoch 0
Discriminator loss: 0.0799577012658 Accuracy: 1.0
epoch 1
Discriminator loss: 0.0464405603707 Accuracy: 1.0
#########################################################################
Training generator with Reinforcement Learning. Epoch 61
total_batch:  61 g_loss:  233.478
total_batch:  61 test_loss:  8.39889
Unique samples. Pct: 0.7640625
FC(F)(F)CC(=O)O
O=C1CNCC1
c1nc(F)ccn1
NCO
N#N.NC=N[N]O1
O=CCNC=O
C#CC(O)C(N)#N
N#CCCO
Nc1ncnc(F)c1F
N#Cc1n[nH]nc1O
Verified samples. Pct: 0.861458333333
FC(F)(F)CC(=O)O
O=C1CNCC1
c1nc(F)ccn1
NCO
O=CCNC=O
N#CCCO
Nc1ncnc(F)c1F
N#Cc1n[nH]nc1O
O=Cc1ncccc1F
Nc1noc(=O)nc1
Objective: 0.522395833333
best score:  8.39889
Start training discriminator
epoch 0
Discriminator loss: 0.120848506689 Accuracy: 0.93548387289
epoch 1
Discriminator loss: 0.224353179336 Accuracy: 0.870967745781
#########################################################################
Training generator with Reinforcement Learning. Epoch 62
total_batch:  62 g_loss:  249.15
total_batch:  62 test_loss:  8.4783
Unique samples. Pct: 0.747395833333
C#Cc1cccc(F)n1
[NH]C1NNNNN=NON1
C#CC#CC(=O)NC(F)(F)F
[NH]C1CNN=NNC(F)=NO1
[NH]C1OC=NNNC(F)=NO1
N#N.[NH]C=NC(F)(F)F
C#Cc1nc(F)cc(F)n1
C#CC#CC#CCC#N
C=CNC(F)(F)F
Nc1ncc(F)nc1F
Verified samples. Pct: 0.864583333333
C#Cc1cccc(F)n1
[NH]C1NNNNN=NON1
C#CC#CC(=O)NC(F)(F)F
[NH]C1CNN=NNC(F)=NO1
[NH]C1OC=NNNC(F)=NO1
N#N.[NH]C=NC(F)(F)F
C#Cc1nc(F)cc(F)n1
C#CC#CC#CCC#N
C=CNC(F)(F)F
Nc1ncc(F)nc1F
Objective: 0.514583333333
Start training discriminator
epoch 0
Discriminator loss: 0.31872305274 Accuracy: 0.838709652424
epoch 1
Discriminator loss: 0.107752867043 Accuracy: 0.93548387289
#########################################################################
Training generator with Reinforcement Learning. Epoch 63
total_batch:  63 g_loss:  258.287
total_batch:  63 test_loss:  8.54365
Unique samples. Pct: 0.736458333333
C#Cc1cccnc1
N#CC#CC(C=O)OC=O
N#Cc1nnc(C#CO)n1
CC#N
Oc1ncnnn1
N#Cc1ncc(C=O)nn1
O=COC(F)(F)F
COc1ccoc1
Nc1cc(O)nc(F)n1
N#Cc1ncccc1F
Verified samples. Pct: 0.877604166667
C#Cc1cccnc1
N#CC#CC(C=O)OC=O
CC#N
Oc1ncnnn1
N#Cc1ncc(C=O)nn1
O=COC(F)(F)F
COc1ccoc1
Nc1cc(O)nc(F)n1
N#Cc1ncccc1F
O=Cc1cccoc1=O
Objective: 0.519791666667
Start training discriminator
epoch 0
Discriminator loss: 0.151981547475 Accuracy: 0.967741906643
epoch 1
Discriminator loss: 0.10227381438 Accuracy: 0.967741906643
#########################################################################
Training generator with Reinforcement Learning. Epoch 64
total_batch:  64 g_loss:  236.839
total_batch:  64 test_loss:  8.50853
Unique samples. Pct: 0.747916666667
N#Cc1ncc(F)cc1F
O=CC1COCC1
[NH]C1O[C]=NNNNCC=N1
N#CC#CCNC=O
Nc1nc(N)no1
Fc1ccccc1F
Cc1cc(=O)n[nH]1
N#Cc1cnccc1F
O=c1cccc(F)o1
N#CC1C=NCNC1
Verified samples. Pct: 0.857291666667
N#Cc1ncc(F)cc1F
O=CC1COCC1
[NH]C1O[C]=NNNNCC=N1
N#CC#CCNC=O
Nc1nc(N)no1
Fc1ccccc1F
N#Cc1cnccc1F
O=c1cccc(F)o1
N#CC1C=NCNC1
C#CCC#CC(O)N
Objective: 0.509375
Start training discriminator
epoch 0
Discriminator loss: 0.165267139673 Accuracy: 0.93548387289
epoch 1
Discriminator loss: 0.209081187844 Accuracy: 0.903225779533
#########################################################################
Training generator with Reinforcement Learning. Epoch 65
total_batch:  65 g_loss:  255.898
total_batch:  65 test_loss:  8.47773
Unique samples. Pct: 0.753125
N#Cc1ccccn1
N#Cc1cccnc1F
C#CC(C#N)CC#N
Cn1ncc(=O)nn1
O=C1COCCC1=O
O=CNC1NCC(=O)N#N
[NH]C1NONNNC=NO1
CC#CC#CCC#N
N#CC#CC(N)C#N
C#CC(=O)CC(=O)C#N
Verified samples. Pct: 0.8671875
N#Cc1ccccn1
N#Cc1cccnc1F
C#CC(C#N)CC#N
Cn1ncc(=O)nn1
O=C1COCCC1=O
[NH]C1NONNNC=NO1
CC#CC#CCC#N
N#CC#CC(N)C#N
C#CC(=O)CC(=O)C#N
[NH]C1OC=NNON=NNN1
Objective: 0.5359375
Start training discriminator
epoch 0
Discriminator loss: 0.120312638581 Accuracy: 0.903225779533
epoch 1
Discriminator loss: 0.0705986917019 Accuracy: 1.0
#########################################################################
Training generator with Reinforcement Learning. Epoch 66
total_batch:  66 g_loss:  255.419
total_batch:  66 test_loss:  8.52362
Unique samples. Pct: 0.764583333333
FC(F)(F)C1CC#N
N#CCC(=O)C#.O]
CC(=O)C(=O)C#N
N#CC#CC#CCC=O
N#Cc1ccccc1O
C#CCC#N
N#CC#CCc1nc(O)no1
N#Cc1cc([N+](F)cn[F]
[N][N][C]1N=CNNC=NNN=NN[N]O1
O=Cc1cocnc1
Verified samples. Pct: 0.85
CC(=O)C(=O)C#N
N#CC#CC#CCC=O
N#Cc1ccccc1O
C#CCC#N
N#CC#CCc1nc(O)no1
[N][N][C]1N=CNNC=NNN=NN[N]O1
NC(=O)C(F)(F)F
C#Cc1ccnc(F)n1
[NH]C1CCON=NOC1=O
Cc1occc1O
Objective: 0.534375
Start training discriminator
epoch 0
Discriminator loss: 0.0435030274093 Accuracy: 1.0
epoch 1
Discriminator loss: 0.10976023972 Accuracy: 0.967741906643
#########################################################################
Training generator with Reinforcement Learning. Epoch 67
total_batch:  67 g_loss:  249.497
total_batch:  67 test_loss:  8.44803
Unique samples. Pct: 0.757291666667
C#CC(=O)C(F)(F)F
O=c1cc(F)occ1F
C#CC(=O)CO
N#CC#CCCC#C
O=CC#Cc1cnnoc1=O
Nc1nccnc1F
[N][N][C]1NC(=N[NH)NNNN1N
[NH]C1NNONC=NNNN1
CNc1ccon1
O=Cc1ncncc1O
Verified samples. Pct: 0.853125
C#CC(=O)C(F)(F)F
O=c1cc(F)occ1F
C#CC(=O)CO
N#CC#CCCC#C
O=CC#Cc1cnnoc1=O
Nc1nccnc1F
[NH]C1NNONC=NNNN1
CNc1ccon1
O=Cc1ncncc1O
NCC#CC(F)(F)F
Objective: 0.529166666667
Start training discriminator
epoch 0
Discriminator loss: 0.167063400149 Accuracy: 0.903225779533
epoch 1
Discriminator loss: 0.109161533415 Accuracy: 0.93548387289
#########################################################################
Training generator with Reinforcement Learning. Epoch 68
total_batch:  68 g_loss:  232.415
total_batch:  68 test_loss:  8.50901
Unique samples. Pct: 0.748958333333
COC(=O)C(N)=O
C#CCC#N
N#C[C]1NNNOC=NNON1
N#Cc1nc(O)c[nH]n1
O=CC(C=O)C=O
N#CC#CC#CCC#N
C#CCC#CC(=O)NC=O
[NH]C1NONCC=NNN=N[N]1=O
N#Cc1c[nH]nnc1O
[NH]C1CNN=CCN1N
Verified samples. Pct: 0.855208333333
COC(=O)C(N)=O
C#CCC#N
N#C[C]1NNNOC=NNON1
O=CC(C=O)C=O
N#CC#CC#CCC#N
C#CCC#CC(=O)NC=O
[NH]C1CNN=CCN1N
O=CN
C#CCC(=O)C=O
C#CCC(=O)C#CC
Objective: 0.528645833333
Start training discriminator
epoch 0
Discriminator loss: 0.0672052577138 Accuracy: 0.967741906643
epoch 1
Discriminator loss: 0.054234020412 Accuracy: 0.967741906643
#########################################################################
Training generator with Reinforcement Learning. Epoch 69
total_batch:  69 g_loss:  255.312
total_batch:  69 test_loss:  8.48837
Unique samples. Pct: 0.761979166667
O=C1COCC1
N#CC#Cc1ncccnc1=O
Nc1nc(O)c[nH]1
COC(F)(F)F
[NH]C1CNN=NNNN1
[NH]C1NNNC(F)=NNNNN1
NC(=O)CC#N
N#CC1NCCC1=O
O=Cc1cc(O)co1
C#Cc1cnccc1F
Verified samples. Pct: 0.871354166667
O=C1COCC1
N#CC#Cc1ncccnc1=O
Nc1nc(O)c[nH]1
COC(F)(F)F
[NH]C1CNN=NNNN1
[NH]C1NNNC(F)=NNNNN1
NC(=O)CC#N
N#CC1NCCC1=O
O=Cc1cc(O)co1
C#Cc1cnccc1F
Objective: 0.552604166667
Start training discriminator
epoch 0
Discriminator loss: 0.195020630956 Accuracy: 0.903225779533
epoch 1
Discriminator loss: 0.0604853481054 Accuracy: 0.967741906643
#########################################################################
Training generator with Reinforcement Learning. Epoch 70
total_batch:  70 g_loss:  237.134
total_batch:  70 test_loss:  8.37319
Unique samples. Pct: 0.744791666667
COc1ncno1
C#Cc1ncncc1O
C#CCC#CC#CC#N
[NH]C1NNC(F)=NNC(F)=NON1
N#CC#CCC(=O)C#N
N#CC#CC(O)CN
C#Cc1c[nH]cc1O
N#CC1=NCCOC1O
N#CC#CC#CC#CC#N
C=NCC(=O)C=O
Verified samples. Pct: 0.871354166667
COc1ncno1
C#Cc1ncncc1O
C#CCC#CC#CC#N
[NH]C1NNC(F)=NNC(F)=NON1
N#CC#CCC(=O)C#N
N#CC#CC(O)CN
C#Cc1c[nH]cc1O
N#CC1=NCCOC1O
N#CC#CC#CC#CC#N
C=NCC(=O)C=O
Objective: 0.5390625
best score:  8.37319
Start training discriminator
epoch 0
Discriminator loss: 0.173963487148 Accuracy: 0.870967745781
epoch 1
Discriminator loss: 0.144807443023 Accuracy: 0.903225779533
#########################################################################
Training generator with Reinforcement Learning. Epoch 71
total_batch:  71 g_loss:  253.631
total_batch:  71 test_loss:  8.36128
Unique samples. Pct: 0.7484375
C#CC#CC#CCC#N
CC(=O)C(=O)C#N
OCC#CC(=O)C#CC#N
C#CC#CCCC#C
Nc1ncncc1F
N#Cc1ncccc1O
O=c1occccc1F
O=CNC(=O)C(O)C#N
O=CC#CC(O)C#N
N#CC1OCCC1=O
Verified samples. Pct: 0.877604166667
C#CC#CC#CCC#N
CC(=O)C(=O)C#N
OCC#CC(=O)C#CC#N
C#CC#CCCC#C
Nc1ncncc1F
N#Cc1ncccc1O
O=CNC(=O)C(O)C#N
O=CC#CC(O)C#N
N#CC1OCCC1=O
OCC#N
Objective: 0.540625
best score:  8.36128
Start training discriminator
epoch 0
Discriminator loss: 0.090627476573 Accuracy: 0.967741906643
epoch 1
Discriminator loss: 0.24243400991 Accuracy: 0.870967745781
#########################################################################
Training generator with Reinforcement Learning. Epoch 72
total_batch:  72 g_loss:  246.827
total_batch:  72 test_loss:  8.37526
Unique samples. Pct: 0.744270833333
C#Cc1cnncc1N
C#CC(N)(C=O)N
C#Cc1cnc(O)nc1F
NN=C(N)C(=O)C#NC
N#Cc1onccc1N
O=C1OCCOC1
Oc1cnccn1
O=c1cncccn1
Oc1ncncn1
Cc1ncn[nH]1
Verified samples. Pct: 0.888541666667
C#Cc1cnncc1N
C#CC(N)(C=O)N
C#Cc1cnc(O)nc1F
O=C1OCCOC1
Oc1cnccn1
O=c1cncccn1
Oc1ncncn1
Cc1ncn[nH]1
O=c1cncccc1F
Cc1nc[nH]c1
Objective: 0.540104166667
Start training discriminator
epoch 0
Discriminator loss: 0.111321099102 Accuracy: 0.93548387289
epoch 1
Discriminator loss: 0.308580070734 Accuracy: 0.806451618671
#########################################################################
Training generator with Reinforcement Learning. Epoch 73
total_batch:  73 g_loss:  235.522
total_batch:  73 test_loss:  8.38271
Unique samples. Pct: 0.7421875
[NH]C1NNNC=NNC(N)=N1
C#CC#CC#CCNC=O
C#Cc1nocc1O
N#CCNc1ccon1
COc1c(O)nnn1
NC(=O)C(=O)C#CC=O
N#CC#CC(N)=C(N)C#N
[NH]C1CNC=NNNO1
N#CC#CC#CC#CCO
C#Cc1cccc(F)c1F
Verified samples. Pct: 0.895833333333
[NH]C1NNNC=NNC(N)=N1
C#CC#CC#CCNC=O
C#Cc1nocc1O
N#CCNc1ccon1
NC(=O)C(=O)C#CC=O
N#CC#CC(N)=C(N)C#N
[NH]C1CNC=NNNO1
N#CC#CC#CC#CCO
C#Cc1cccc(F)c1F
Cc1cncnc1F
Objective: 0.533333333333
Start training discriminator
epoch 0
Discriminator loss: 0.27890431881 Accuracy: 0.838709652424
epoch 1
Discriminator loss: 0.113556697965 Accuracy: 0.967741906643
#########################################################################
Training generator with Reinforcement Learning. Epoch 74
total_batch:  74 g_loss:  251.222
total_batch:  74 test_loss:  8.39144
Unique samples. Pct: 0.730729166667
N#CC(=O)COC=O
C#CC1CNC1
N#CC(=O)C(=O)C#N
N#Cc1cc(F)ncn1
C#CC#CC(=O)C=O
C#CC#CC#CC#CC#N
N#CC#CCC(N)C#N
N#CC#CCC(N)=O
C#Cc1nonc1N
C#Cc1nocc1C=O
Verified samples. Pct: 0.8921875
N#CC(=O)COC=O
C#CC1CNC1
N#CC(=O)C(=O)C#N
N#Cc1cc(F)ncn1
C#CC#CC(=O)C=O
C#CC#CC#CC#CC#N
N#CC#CCC(N)C#N
N#CC#CCC(N)=O
C#Cc1nonc1N
C#Cc1nocc1C=O
Objective: 0.516145833333
Start training discriminator
epoch 0
Discriminator loss: 0.144419029355 Accuracy: 0.903225779533
epoch 1
Discriminator loss: 0.194637149572 Accuracy: 0.870967745781
#########################################################################
Training generator with Reinforcement Learning. Epoch 75
total_batch:  75 g_loss:  234.723
total_batch:  75 test_loss:  8.45709
Unique samples. Pct: 0.711979166667
O=CC#CC#CC#CC=O
C#CCC#CCC#C
CCc1cn[nH]n1
C#CC#CC#CCC#N
N#CCC#CC#N
O=COc1ccnc1O
CCC#N
CO=CC(=O)C=N
[NH]C1NNNC=NNN=NN1
N#Cc1nc(F)ncc1F
Verified samples. Pct: 0.870833333333
O=CC#CC#CC#CC=O
C#CCC#CCC#C
CCc1cn[nH]n1
C#CC#CC#CCC#N
N#CCC#CC#N
CCC#N
[NH]C1NNNC=NNN=NN1
N#Cc1nc(F)ncc1F
N#Cc1ccccn1
C#CC#CC#CC#CC=O
Objective: 0.471875
Start training discriminator
epoch 0
Discriminator loss: 0.171095788479 Accuracy: 0.870967745781
epoch 1
Discriminator loss: 0.209439173341 Accuracy: 0.93548387289
#########################################################################
Training generator with Reinforcement Learning. Epoch 76
total_batch:  76 g_loss:  254.826
total_batch:  76 test_loss:  8.29404
Unique samples. Pct: 0.7015625
NN=C(C=O)C=N[NC]1F
Cc1ncco1
N#CC#CCC(=O)C#N
c1ncccn1
O=CNC(=O)C=O
C#CC1NCC1
O=Cc1coc(C#N)n1
O=CNC(C=O)C=O
Fc1cccc1O
Nc1cc(F)c(F)o1
Verified samples. Pct: 0.8625
Cc1ncco1
N#CC#CCC(=O)C#N
c1ncccn1
O=CNC(=O)C=O
C#CC1NCC1
O=Cc1coc(C#N)n1
O=CNC(C=O)C=O
Nc1cc(F)c(F)o1
O=CC(=O)C#CC#N
COC[N]C#N
Objective: 0.465625
best score:  8.29404
Start training discriminator
epoch 0
Discriminator loss: 0.0792573392391 Accuracy: 0.967741906643
epoch 1
Discriminator loss: 0.184142544866 Accuracy: 0.870967745781
#########################################################################
Training generator with Reinforcement Learning. Epoch 77
total_batch:  77 g_loss:  231.932
total_batch:  77 test_loss:  8.40816
Unique samples. Pct: 0.686979166667
OCc1ncno1
N#CC#CC#Cc1ccno1
O=Cc1ccncn1
C#CC(=O)C#N
c1ncccc1F
O=CNC(=O)C=N
N#CC(=O)C#CC(F)F
C#Cc1ccccn1
c1ncncc1F
Nc1cnc(=O)o
Verified samples. Pct: 0.884895833333
OCc1ncno1
N#CC#CC#Cc1ccno1
O=Cc1ccncn1
C#CC(=O)C#N
c1ncccc1F
O=CNC(=O)C=N
N#CC(=O)C#CC(F)F
C#Cc1ccccn1
c1ncncc1F
N#CC(=O)CC#N
Objective: 0.463020833333
Start training discriminator
epoch 0
Discriminator loss: 0.15808917582 Accuracy: 0.967741906643
epoch 1
Discriminator loss: 0.244131222367 Accuracy: 0.870967745781
#########################################################################
Training generator with Reinforcement Learning. Epoch 78
total_batch:  78 g_loss:  213.245
total_batch:  78 test_loss:  8.40708
Unique samples. Pct: 0.686458333333
O=C1OCC(O)C#N
O1C2CN1CC#N
[NH]C1ON=NNC=NNC1N=O
Fc1ccccc1F
N#CCc1nnnc1O
C#CC1NC(=O)CC1=O
C#CCC#CC#CC#N
C1CNC1
O=c1cc(F)oc1O
C#CC(C#C)C=O
Verified samples. Pct: 0.851041666667
[NH]C1ON=NNC=NNC1N=O
Fc1ccccc1F
C#CC1NC(=O)CC1=O
C#CCC#CC#CC#N
C1CNC1
C#CC(C#C)C=O
C#CCC(=O)C#N
[NH]C1NNNN=NNN1N
O=Cc1cnccn1
Oc1nc(F)c(F)nc1F
Objective: 0.438020833333
Start training discriminator
epoch 0
Discriminator loss: 0.154698714614 Accuracy: 0.903225779533
epoch 1
Discriminator loss: 0.254286140203 Accuracy: 0.774193525314
#########################################################################
Training generator with Reinforcement Learning. Epoch 79
total_batch:  79 g_loss:  220.431
total_batch:  79 test_loss:  8.38287
Unique samples. Pct: 0.695833333333
N#CC(=O)CNC#N
Cc1cc(O)n[nH]1
N#Cc1ccccn1
O=c1ccccc1F
O=[C+]([O-])c1ncc[nH]1
O=c1cnccc1F
C#CCC(=O)C#N
C#CC#CC#CC#CC#C
C#Cc1c[nH]c(=O)cn1
[NH]C1ON=NNC=NON=N[N]O1
Verified samples. Pct: 0.861979166667
N#CC(=O)CNC#N
Cc1cc(O)n[nH]1
N#Cc1ccccn1
O=[C+]([O-])c1ncc[nH]1
C#CCC(=O)C#N
C#CC#CC#CC#CC#C
C#Cc1c[nH]c(=O)cn1
[NH]C1ON=NNC=NON=N[N]O1
C#CC#CCC#N
N#CC(=O)C(N)=O
Objective: 0.4609375
Start training discriminator
epoch 0
Discriminator loss: 0.167353630066 Accuracy: 0.903225779533
epoch 1
Discriminator loss: 0.0993547737598 Accuracy: 0.967741906643
#########################################################################
Training generator with Reinforcement Learning. Epoch 80
total_batch:  80 g_loss:  227.916
total_batch:  80 test_loss:  8.31237
Unique samples. Pct: 0.715104166667
N#Cc1c[nH]c(N)c1
C#CC1=NCC(C#N)C(=O)[N]]
OCC#CC#N
NN=C(N)CC#N
O=c1nnccc1O
N#CC#Cc1ccncn1
[NH]C1ON=NONC=CO1
C#CC#CC=O
O=COc1c[nH]c(=O)n1
OCC=O
Verified samples. Pct: 0.8671875
N#Cc1c[nH]c(N)c1
OCC#CC#N
NN=C(N)CC#N
N#CC#Cc1ccncn1
[NH]C1ON=NONC=CO1
C#CC#CC=O
OCC=O
N#CC(=O)c1ncnnc1F
N#CC#CCC#N
[NH]C1OC=NON=NNC1F
Objective: 0.478125
Start training discriminator
epoch 0
Discriminator loss: 0.14246751368 Accuracy: 0.93548387289
epoch 1
Discriminator loss: 0.215148195624 Accuracy: 0.903225779533
#########################################################################
Training generator with Reinforcement Learning. Epoch 81
total_batch:  81 g_loss:  239.129
total_batch:  81 test_loss:  8.38145
Unique samples. Pct: 0.709895833333
C#CCC(=O)C=O
N#Cc1cocc1
N#CC#CC#CCC#N
N#CC#CC(=O)C(N)=N=O
Cc1ncn[nH]1
N#CC#CC#CC#CC#C
Cc1ncco1
N#CC#Cc1cnc(F)nn1
OCC#CC(F)(F)F
C#CCC#N
Verified samples. Pct: 0.869791666667
C#CCC(=O)C=O
N#Cc1cocc1
N#CC#CC#CCC#N
Cc1ncn[nH]1
N#CC#CC#CC#CC#C
Cc1ncco1
N#CC#Cc1cnc(F)nn1
OCC#CC(F)(F)F
C#CCC#N
Oc1cnnc(F)n1
Objective: 0.464583333333
Start training discriminator
epoch 0
Discriminator loss: 0.0979904010892 Accuracy: 0.967741906643
epoch 1
Discriminator loss: 0.0904850140214 Accuracy: 1.0
#########################################################################
Training generator with Reinforcement Learning. Epoch 82
total_batch:  82 g_loss:  245.224
total_batch:  82 test_loss:  8.4677
Unique samples. Pct: 0.715104166667
O=c1ccccc1F
c1ncccn1
C#CC#CCC#N
O=c1ncc(F)cc1F
CC#CCC#N
C#CC(=O)CC#N
Fc1cncnc1F
O=CC#Cc1cnco1
Cc1ncnoc1=O
O=Cc1cnncc1F
Verified samples. Pct: 0.863020833333
c1ncccn1
C#CC#CCC#N
CC#CCC#N
C#CC(=O)CC#N
Fc1cncnc1F
O=CC#Cc1cnco1
Cc1ncnoc1=O
O=Cc1cnncc1F
N#Cc1noc(=O)cn1
N#CC#CC#CC(N)C#C
Objective: 0.4765625
Start training discriminator
epoch 0
Discriminator loss: 0.0748189538717 Accuracy: 1.0
epoch 1
Discriminator loss: 0.153233170509 Accuracy: 0.93548387289
#########################################################################
Training generator with Reinforcement Learning. Epoch 83
total_batch:  83 g_loss:  238.928
total_batch:  83 test_loss:  8.38826
Unique samples. Pct: 0.7234375
NC(=O)C=O
O=Cc1ccnc(F)n1
O=Cc1ccncn1
C1CCC1
N#Cc1c[nH]c(=O)[nH]1
c1ccncc1F
N#CC#CC#CC#CC#CC#N
OCC#CC(=O)C=[N]
O=c1ccccc1O
O=CC1CCO1
Verified samples. Pct: 0.877083333333
NC(=O)C=O
O=Cc1ccnc(F)n1
O=Cc1ccncn1
C1CCC1
N#Cc1c[nH]c(=O)[nH]1
c1ccncc1F
N#CC#CC#CC#CC#CC#N
OCC#CC(=O)C=[N]
O=CC1CCO1
[NH]C1=C[N]CON=NO1
Objective: 0.484375
Start training discriminator
epoch 0
Discriminator loss: 0.180442541838 Accuracy: 0.838709652424
epoch 1
Discriminator loss: 0.177857011557 Accuracy: 0.93548387289
#########################################################################
Training generator with Reinforcement Learning. Epoch 84
total_batch:  84 g_loss:  242.086
total_batch:  84 test_loss:  8.3471
Unique samples. Pct: 0.729166666667
N#Cc1cncnc1F
O=C1NCOC=C1F
[NH]C1NNNC=NNC1=O
C#Cc1c[nH]c(C#N)n1
C#CC(=O)C1CN1
N#CCC=O
O=COc1ccc[nH]1
[NH]C1C=NOC=NC(F)N1
N#C
c1ncncc1F
Verified samples. Pct: 0.886458333333
N#Cc1cncnc1F
O=C1NCOC=C1F
[NH]C1NNNC=NNC1=O
C#Cc1c[nH]c(C#N)n1
C#CC(=O)C1CN1
N#CCC=O
O=COc1ccc[nH]1
[NH]C1C=NOC=NC(F)N1
N#C
c1ncncc1F
Objective: 0.509375
Start training discriminator
epoch 0
Discriminator loss: 0.213016659021 Accuracy: 0.903225779533
epoch 1
Discriminator loss: 0.179826170206 Accuracy: 0.870967745781
#########################################################################
Training generator with Reinforcement Learning. Epoch 85
total_batch:  85 g_loss:  238.26
total_batch:  85 test_loss:  8.32009
Unique samples. Pct: 0.759895833333
N#Cc1ccccc1F
N#Cc1ccccc1F
C#CC#Cc1ccoc1
C#CC#CC(=O)C=NC=O
C#CC(=O)Cn1
Oc1cnc[nH]1
N#CC#CCC#CC#N
[NH]C1NC(=N)N=NNN=NN[N=NN1
Cc1cncnn1
O=C1CNCC1
Verified samples. Pct: 0.894270833333
N#Cc1ccccc1F
N#Cc1ccccc1F
C#CC#Cc1ccoc1
C#CC#CC(=O)C=NC=O
Oc1cnc[nH]1
N#CC#CCC#CC#N
Cc1cncnn1
O=C1CNCC1
N#CC(=O)C#CCO
N#CC(=O)ON
Objective: 0.546354166667
Start training discriminator
epoch 0
Discriminator loss: 0.189758941531 Accuracy: 0.838709652424
epoch 1
Discriminator loss: 0.183642029762 Accuracy: 0.903225779533
#########################################################################
Training generator with Reinforcement Learning. Epoch 86
total_batch:  86 g_loss:  235.998
total_batch:  86 test_loss:  8.34615
Unique samples. Pct: 0.750520833333
O=c1cnnncc1
NC(=O)C#CC=O
NC(=O)C=N
c1cnncn1
Oc1cc(F)ncn1
N#CC#CCOC(=O)C=O
OCC#CC#CC(N)=N
N#CCOC(=O)C=O
C1CCO1
N#CC1OCCC1=O
Verified samples. Pct: 0.890104166667
O=c1cnnncc1
NC(=O)C#CC=O
NC(=O)C=N
c1cnncn1
Oc1cc(F)ncn1
N#CC#CCOC(=O)C=O
OCC#CC#CC(N)=N
N#CCOC(=O)C=O
C1CCO1
N#CC1OCCC1=O
Objective: 0.538020833333
Start training discriminator
epoch 0
Discriminator loss: 0.0936898216605 Accuracy: 0.967741906643
epoch 1
Discriminator loss: 0.242262214422 Accuracy: 0.838709652424
#########################################################################
Training generator with Reinforcement Learning. Epoch 87
total_batch:  87 g_loss:  263.41
total_batch:  87 test_loss:  8.36328
Unique samples. Pct: 0.75625
N#CC#Cc1cc[nH]c1
N#CC#CC#Cc1c[nH]nn1
O=c1cncco1
C#CC#CCC(=O)C#CC#N
O=CC#CC(=O)C(C)O
O=c1ccc(O)no1
C#CC#CC(C=O)C#N
C#CC(=O)C(N)C#N
O=CC#CCOC=O
N#CC(=O)c1cnncn1
Verified samples. Pct: 0.903125
N#CC#Cc1cc[nH]c1
N#CC#CC#Cc1c[nH]nn1
O=c1cncco1
C#CC#CCC(=O)C#CC#N
O=CC#CC(=O)C(C)O
O=c1ccc(O)no1
C#CC#CC(C=O)C#N
C#CC(=O)C(N)C#N
O=CC#CCOC=O
N#CC(=O)c1cnncn1
Objective: 0.552604166667
Start training discriminator
epoch 0
Discriminator loss: 0.0922504365444 Accuracy: 0.93548387289
epoch 1
Discriminator loss: 0.20422129333 Accuracy: 0.93548387289
#########################################################################
Training generator with Reinforcement Learning. Epoch 88
total_batch:  88 g_loss:  262.397
total_batch:  88 test_loss:  8.35614
Unique samples. Pct: 0.765104166667
O=CC(=O)C(N)C#N
C#CC(=O)C#CC=O
C1CCOC1
N#Cc1ccccc1F
C#Cc1cc(O)co1
Oc1nccnc1F
O=CC1CCC1
[NH]C1NN=CNNC(F)=NN1
C#CC#CC(N)C#N
C#CC#CCCC#N
Verified samples. Pct: 0.894270833333
O=CC(=O)C(N)C#N
C#CC(=O)C#CC=O
C1CCOC1
N#Cc1ccccc1F
C#Cc1cc(O)co1
Oc1nccnc1F
O=CC1CCC1
[NH]C1NN=CNNC(F)=NN1
C#CC#CC(N)C#N
C#CC#CCCC#N
Objective: 0.565104166667
Start training discriminator
epoch 0
Discriminator loss: 0.186061993241 Accuracy: 0.93548387289
epoch 1
Discriminator loss: 0.0512117184699 Accuracy: 1.0
#########################################################################
Training generator with Reinforcement Learning. Epoch 89
total_batch:  89 g_loss:  263.877
total_batch:  89 test_loss:  8.32742
Unique samples. Pct: 0.76875
Cn1nnnc1O
N#Cc1ccccc1F
C1CCOC1=O
C#CC=OCC=O
C#CC(=C#CC(C)OCO1
N#CC(C#C)C(N)C#N
Oc1cnccn1
C#Cc1noc(C=O)n1
[NH]C1NN=NNNNN=N1N
Oc1nccco1
Verified samples. Pct: 0.899479166667
Cn1nnnc1O
N#Cc1ccccc1F
C1CCOC1=O
N#CC(C#C)C(N)C#N
Oc1cnccn1
C#Cc1noc(C=O)n1
O=Cc1ccc[nH]1
C#Cc1cncoc1=O
CC#CC(N)C#N
C#Cc1ccccn1
Objective: 0.578645833333
Start training discriminator
epoch 0
Discriminator loss: 0.13594122231 Accuracy: 0.967741906643
epoch 1
Discriminator loss: 0.106354884803 Accuracy: 0.93548387289
#########################################################################
Training generator with Reinforcement Learning. Epoch 90
total_batch:  90 g_loss:  268.588
total_batch:  90 test_loss:  8.38115
Unique samples. Pct: 0.753645833333
[NH]C1=N[C](F)C=NNCN=NO1
N#CC#CC#CCC#CC#C
Oc1cnco1
N#CC#CC(=O)CNC=O
N#Cc1ccccc1F
CN=CNC=O
C#Cc1cc(F)cco1
C#Cc1ccccn1
CNc1ncno1
[NH]C1NNC=NON=C]O1
Verified samples. Pct: 0.896875
[NH]C1=N[C](F)C=NNCN=NO1
N#CC#CC#CCC#CC#C
Oc1cnco1
N#CC#CC(=O)CNC=O
N#Cc1ccccc1F
CN=CNC=O
C#Cc1ccccn1
CNc1ncno1
CC#CC(=N)C#CC
c1ncccc1F
Objective: 0.575
Start training discriminator
epoch 0
Discriminator loss: 0.211941406131 Accuracy: 0.903225779533
epoch 1
Discriminator loss: 0.189836427569 Accuracy: 0.93548387289
#########################################################################
Training generator with Reinforcement Learning. Epoch 91
total_batch:  91 g_loss:  273.865
total_batch:  91 test_loss:  8.38149
Unique samples. Pct: 0.783854166667
CC#CCOC=O
C#CC#CC1CCC1=O
N#CC(=O)C(N)C#N
O=CNC(F)(F)F
N#CC(=N)C#CC#CCC#C
N#CCC(O)C#C
C#Cc1ccnnn1
Cn1nn[nH]c1C#N
[NH]C1=NCNC=NCN=NO1
O=CCN
Verified samples. Pct: 0.895833333333
CC#CCOC=O
C#CC#CC1CCC1=O
N#CC(=O)C(N)C#N
O=CNC(F)(F)F
N#CC(=N)C#CC#CCC#C
N#CCC(O)C#C
C#Cc1ccnnn1
[NH]C1=NCNC=NCN=NO1
O=CCN
C#CC#Cc1ncc(O)[nH]1
Objective: 0.59375
Start training discriminator
epoch 0
Discriminator loss: 0.160817041993 Accuracy: 0.903225779533
epoch 1
Discriminator loss: 0.131492957473 Accuracy: 0.93548387289
#########################################################################
Training generator with Reinforcement Learning. Epoch 92
total_batch:  92 g_loss:  261.194
total_batch:  92 test_loss:  8.37216
Unique samples. Pct: 0.769791666667
Oc1cc(N)no1
Cc1ncncc1
O=Cc1ncnc(N)n1
N#Cc1ncccc1F
C1COCC1
O=c1cccccc1
Fc1ccccn1
[NH]C1NNCN=NNC=N[NCO1
CC#CC(O)C#N
O=Cc1cccnc1
Verified samples. Pct: 0.894791666667
Oc1cc(N)no1
Cc1ncncc1
O=Cc1ncnc(N)n1
N#Cc1ncccc1F
C1COCC1
O=c1cccccc1
Fc1ccccn1
CC#CC(O)C#N
O=Cc1cccnc1
[NH]C1NNC=NNNC=NO1
Objective: 0.577604166667
Start training discriminator
epoch 0
Discriminator loss: 0.0862409025431 Accuracy: 0.967741906643
epoch 1
Discriminator loss: 0.169340774417 Accuracy: 0.903225779533
#########################################################################
Training generator with Reinforcement Learning. Epoch 93
total_batch:  93 g_loss:  266.704
total_batch:  93 test_loss:  8.49861
Unique samples. Pct: 0.749479166667
Cc1nc(O)co1
c1cnccn1
C#CCC#CC#CC(O)C#N
Nc1cncnn1
FC(F)(F)CC1
Nc1nc(F)nc(F)n1
Nc1ncnnc1
O=Cc1cccnc1
CC(=O)c1n[nH]nc1
N#CCn1ccnc1N
Verified samples. Pct: 0.903645833333
Cc1nc(O)co1
c1cnccn1
C#CCC#CC#CC(O)C#N
Nc1cncnn1
Nc1nc(F)nc(F)n1
Nc1ncnnc1
O=Cc1cccnc1
CC(=O)c1n[nH]nc1
N#CCn1ccnc1N
CC#CC(N)C#C
Objective: 0.563020833333
Start training discriminator
epoch 0
Discriminator loss: 0.125657454133 Accuracy: 0.93548387289
epoch 1
Discriminator loss: 0.172440499067 Accuracy: 0.903225779533
#########################################################################
Training generator with Reinforcement Learning. Epoch 94
total_batch:  94 g_loss:  252.381
total_batch:  94 test_loss:  8.47844
Unique samples. Pct: 0.739583333333
C#Cc1ncccn1
Cc1nnc(F)nn1
Cc1cnccn1
c1ncncc1F
Cc1cncnn1
[NH]C1N=NCN_N=NN=NC=N1
[NH]C1NNNN=NC1OC(=O)=N[N]
N#CCC(N)C=O
O=c1ccnccn1
O=c1oc(F)ccc1F
Verified samples. Pct: 0.910416666667
C#Cc1ncccn1
Cc1nnc(F)nn1
Cc1cnccn1
c1ncncc1F
Cc1cncnn1
N#CCC(N)C=O
O=c1ccnccn1
O=c1oc(F)ccc1F
O=Cc1c[nH]c(=O)[nH]1
Cc1ncco1
Objective: 0.559895833333
Start training discriminator
epoch 0
Discriminator loss: 0.0603432431817 Accuracy: 1.0
epoch 1
Discriminator loss: 0.187075793743 Accuracy: 0.93548387289
#########################################################################
Training generator with Reinforcement Learning. Epoch 95
total_batch:  95 g_loss:  266.001
total_batch:  95 test_loss:  8.57206
Unique samples. Pct: 0.758333333333
O=Cc1nc[nH]c1N
Nc1n[nH]c(=O)[nH]1
C#Cc1ccccc1F
CC(N)C#N
N#CC#Cc1nccnn1
[NH]C1NNNN=NNC1=NO
F
C#CCCC(F)(F)F
N#CC#Cc1ncncn1
c1cnncc1F
Verified samples. Pct: 0.893229166667
O=Cc1nc[nH]c1N
Nc1n[nH]c(=O)[nH]1
C#Cc1ccccc1F
CC(N)C#N
N#CC#Cc1nccnn1
[NH]C1NNNN=NNC1=NO
F
C#CCCC(F)(F)F
N#CC#Cc1ncncn1
c1cnncc1F
Objective: 0.564583333333
Start training discriminator
epoch 0
Discriminator loss: 0.118455387652 Accuracy: 0.967741906643
epoch 1
Discriminator loss: 0.0685004591942 Accuracy: 0.967741906643
#########################################################################
Training generator with Reinforcement Learning. Epoch 96
total_batch:  96 g_loss:  258.532
total_batch:  96 test_loss:  8.52536
Unique samples. Pct: 0.759375
N#CC1([NH]C=NNN=NN=N1
Cc1nccnn1
Cn1cncn1
N#CC(=O)C(=O)C(=O)C=O
C#Cc1cnc(N)no1
CC#Cc1ccno1
O=C1CC(F)CO
Oc1cc(F)nnc1F
Oc1cc(F)nnc1F
N#CC#CCC(F)(F)F
Verified samples. Pct: 0.894270833333
Cc1nccnn1
Cn1cncn1
N#CC(=O)C(=O)C(=O)C=O
CC#Cc1ccno1
Oc1cc(F)nnc1F
Oc1cc(F)nnc1F
N#CC#CCC(F)(F)F
N#Cc1ccccc1F
Oc1ccco1
O=CC=O
Objective: 0.55
Start training discriminator
epoch 0
Discriminator loss: 0.174505159259 Accuracy: 0.903225779533
epoch 1
Discriminator loss: 0.249792098999 Accuracy: 0.774193525314
#########################################################################
Training generator with Reinforcement Learning. Epoch 97
total_batch:  97 g_loss:  244.012
total_batch:  97 test_loss:  8.37302
Unique samples. Pct: 0.769791666667
N#CC(=O)C(=O)C#N
Cc1ncc(O)o1
N#CC#Cc1coc(C#N)n1
N#Cc1coc(C=O)n1
Oc1cncnc1
N#CC1NCC1
N#CC#CCOC(N)=N
C#CC#CC#CC#CC#CC#CC#C
C#Cc1ncnc1O
N#CC(=O)c1cnno1
Verified samples. Pct: 0.889583333333
N#CC(=O)C(=O)C#N
Cc1ncc(O)o1
N#CC#Cc1coc(C#N)n1
N#Cc1coc(C=O)n1
Oc1cncnc1
N#CC1NCC1
N#CC#CCOC(N)=N
C#CC#CC#CC#CC#CC#CC#C
N#CC(=O)c1cnno1
[NH]C1=NCN=NNN=NN=NO1
Objective: 0.561979166667
Start training discriminator
epoch 0
Discriminator loss: 0.151778742671 Accuracy: 0.93548387289
epoch 1
Discriminator loss: 0.221469178796 Accuracy: 0.838709652424
#########################################################################
Training generator with Reinforcement Learning. Epoch 98
total_batch:  98 g_loss:  259.476
total_batch:  98 test_loss:  8.3751
Unique samples. Pct: 0.755208333333
C#Cc1nc(O)ccn1
N#Cc1nccnc1
Oc1ccco1
N#CCCC#CC=O
CC(=O)C(N)C#C
N#Cc1cocn1
[NH][C]1NC=NNNN=NO1
Oc1ccncn1
N#CC#CC=NC#CCC=O
N#CC#CC1CC=CO1
Verified samples. Pct: 0.8875
C#Cc1nc(O)ccn1
N#Cc1nccnc1
Oc1ccco1
N#CCCC#CC=O
CC(=O)C(N)C#C
N#Cc1cocn1
[NH][C]1NC=NNNN=NO1
Oc1ccncn1
N#CC#CC=NC#CCC=O
N#CC#CC1CC=CO1
Objective: 0.548958333333
Start training discriminator
epoch 0
Discriminator loss: 0.180467739701 Accuracy: 0.967741906643
epoch 1
Discriminator loss: 0.203756451607 Accuracy: 0.93548387289
#########################################################################
Training generator with Reinforcement Learning. Epoch 99
total_batch:  99 g_loss:  251.732
total_batch:  99 test_loss:  8.45657
Unique samples. Pct: 0.75
Fc1ccccc1
Nc1nc(F)co1
CC(=O)C(N)=O
CC(N)=O
Oc1ncncn1
C#CC#CC(=O)CC#N
C#CC(=O)C1NCC1=O
c1nnncc1F
N#CC#CCN(C=C#N)C#N
O=Cc1nccnc1
Verified samples. Pct: 0.903125
Fc1ccccc1
Nc1nc(F)co1
CC(=O)C(N)=O
CC(N)=O
Oc1ncncn1
C#CC#CC(=O)CC#N
C#CC(=O)C1NCC1=O
c1nnncc1F
O=Cc1nccnc1
CC#CC(=O)C(F)(F)F
Objective: 0.544791666667
Start training discriminator
epoch 0
Discriminator loss: 0.173084139824 Accuracy: 0.93548387289
epoch 1
Discriminator loss: 0.103874132037 Accuracy: 0.93548387289
#########################################################################
Training generator with Reinforcement Learning. Epoch 100
total_batch:  100 g_loss:  242.595
total_batch:  100 test_loss:  8.51227
Unique samples. Pct: 0.747916666667
N#CC(O)C(=O)C#CC
[NH]C1NNC=NNN=NC1=O
Cc1cnc[nH]1
N=CNC(N)=C#N
N#Cc1cc(O)cno1
Fc1ccccc1
Oc1cnccn1
Oc1ncno1
OCC#CC#CC=O
N#CC(N)C(N)=O
Verified samples. Pct: 0.894270833333
N#CC(O)C(=O)C#CC
[NH]C1NNC=NNN=NC1=O
Cc1cnc[nH]1
Fc1ccccc1
Oc1cnccn1
Oc1ncno1
OCC#CC#CC=O
N#CC(N)C(N)=O
O=C1CNC(O)1N
C#CCc1ncno1
Objective: 0.534895833333
Start training discriminator
epoch 0
Discriminator loss: 0.24363425374 Accuracy: 0.870967745781
epoch 1
Discriminator loss: 0.181107252836 Accuracy: 0.870967745781
#########################################################################
Training generator with Reinforcement Learning. Epoch 101
total_batch:  101 g_loss:  243.759
total_batch:  101 test_loss:  8.46617
Unique samples. Pct: 0.753125
Cc1nc(O)co1
Nc1nc(O)nc(=O)co1
N#CC1=CCNC1O
N#Cc1nnccc1F
N#Cc1cocc1C=O
C#Cc1nnnnn1
C1C#CC(N)C#C
O=CC(=O)C(O)C#N
NC(=O)C(N)=O
N#CC#CC#CC(=O)C(O)C#N
Verified samples. Pct: 0.8921875
Cc1nc(O)co1
N#CC1=CCNC1O
N#Cc1nnccc1F
N#Cc1cocc1C=O
C#Cc1nnnnn1
O=CC(=O)C(O)C#N
NC(=O)C(N)=O
N#CC#CC#CC(=O)C(O)C#N
C#Cc1ncc(O)c(F)n1
C#CCC(N)=O
Objective: 0.535416666667
Start training discriminator
epoch 0
Discriminator loss: 0.115695044398 Accuracy: 0.93548387289
epoch 1
Discriminator loss: 0.128092393279 Accuracy: 0.967741906643
#########################################################################
Training generator with Reinforcement Learning. Epoch 102
total_batch:  102 g_loss:  239.066
total_batch:  102 test_loss:  8.39663
Unique samples. Pct: 0.710416666667
N#CCC=O
NC(=O)C1CC1
C#CCc1nnc(F)n1
C#CCOCC#N
N#CCc1cnco1
C#CC(N)C#C
C#CC#CC=O
Cc1c[nH]nc1
Cc1cncno1
N#Cc1ccc(F)cn1
Verified samples. Pct: 0.8953125
N#CCC=O
NC(=O)C1CC1
C#CCOCC#N
N#CCc1cnco1
C#CC(N)C#C
C#CC#CC=O
Cc1c[nH]nc1
N#Cc1ccc(F)cn1
COC(N)(C#N)C=O
O=CC(=O)CC#N
Objective: 0.486458333333
Start training discriminator
epoch 0
Discriminator loss: 0.154363051057 Accuracy: 0.903225779533
epoch 1
Discriminator loss: 0.187597557902 Accuracy: 0.903225779533
#########################################################################
Training generator with Reinforcement Learning. Epoch 103
total_batch:  103 g_loss:  247.082
total_batch:  103 test_loss:  8.41578
Unique samples. Pct: 0.697916666667
NC1NCC1
O=CC#Cc1cnoc1
[NH]C1=NCN=NCOC=N1
N#CC#CC(N)C=O
N#CC#CC(O)C#CC#CC#C
C#CCc1cnno1
N#CC#CC(O)C(N)=O
O=C#Cc1c[nH]nc1=O
C#CCc1nnnn1
Oc1ncncn1
Verified samples. Pct: 0.886979166667
NC1NCC1
O=CC#Cc1cnoc1
[NH]C1=NCN=NCOC=N1
N#CC#CC(N)C=O
N#CC#CC(O)C#CC#CC#C
C#CCc1cnno1
N#CC#CC(O)C(N)=O
Oc1ncncn1
N#CC(=O)C(N)=O
C#Cc1nccc(F)n1
Objective: 0.4765625
Start training discriminator
epoch 0
Discriminator loss: 0.163511171937 Accuracy: 0.967741906643
epoch 1
Discriminator loss: 0.118233583868 Accuracy: 0.967741906643
#########################################################################
Training generator with Reinforcement Learning. Epoch 104
total_batch:  104 g_loss:  254.618
total_batch:  104 test_loss:  8.39061
Unique samples. Pct: 0.696875
Oc1cc(O)nc1F
Oc1cccc(F)n1
Oc1ccco1
N#CCC(=O)C(N)=C#N
C#CC#CC#CCC#C
Oc1ccncn1
CC#CC#CC(N)=C#CC#C
N#CC#CC#N
N#Cc1cc[nH]c1N
C#Cc1conc1C#N
Verified samples. Pct: 0.896875
Oc1cccc(F)n1
Oc1ccco1
C#CC#CC#CCC#C
Oc1ccncn1
N#CC#CC#N
N#Cc1cc[nH]c1N
C#Cc1conc1C#N
NC(=O)C#CC
O=COc1ncncn1
N#CC(=O)C=O
Objective: 0.482291666667
Start training discriminator
epoch 0
Discriminator loss: 0.173768371344 Accuracy: 0.93548387289
epoch 1
Discriminator loss: 0.0985833108425 Accuracy: 0.93548387289
#########################################################################
Training generator with Reinforcement Learning. Epoch 105
total_batch:  105 g_loss:  234.481
total_batch:  105 test_loss:  8.41889
Unique samples. Pct: 0.684895833333
N#CCC#CC#CC#C
N#Cc1ncoc1C=O
N#Cc1ncccc1
O=CC(=O)CC=O
Cc1cnccn1
c1ncccn1
FC(F)(F)C#CC#CC#N
N#Cc1cnc(O)cn1
Nc1ncncn1
Nc1cnco1
Verified samples. Pct: 0.890104166667
N#CCC#CC#CC#C
N#Cc1ncoc1C=O
N#Cc1ncccc1
O=CC(=O)CC=O
Cc1cnccn1
c1ncccn1
FC(F)(F)C#CC#CC#N
N#Cc1cnc(O)cn1
Nc1ncncn1
Nc1cnco1
Objective: 0.455208333333
Start training discriminator
epoch 0
Discriminator loss: 0.260595291853 Accuracy: 0.838709652424
epoch 1
Discriminator loss: 0.127264037728 Accuracy: 0.903225779533
#########################################################################
Training generator with Reinforcement Learning. Epoch 106
total_batch:  106 g_loss:  236.043
total_batch:  106 test_loss:  8.4112
Unique samples. Pct: 0.6984375
N#CC1CCC1
C#CC#CC(N)C=O
CC#CC(C)=O
CC#CC(O)C(N)=C#N
O=Cc1cccnn1
N#CC(=O)CO
[NH]C1=N[CH]NNN=NO1
C#CCC#CC#CC#CC#N
N#Cc1cccnc1
[NH]C1=N[N]NNC=NC1=O
Verified samples. Pct: 0.892708333333
N#CC1CCC1
C#CC#CC(N)C=O
CC#CC(C)=O
O=Cc1cccnn1
N#CC(=O)CO
[NH]C1=N[CH]NNN=NO1
C#CCC#CC#CC#CC#N
N#Cc1cccnc1
[NH]C1=N[N]NNC=NC1=O
Oc1nccnc1
Objective: 0.4796875
Start training discriminator
epoch 0
Discriminator loss: 0.136979222298 Accuracy: 0.93548387289
epoch 1
Discriminator loss: 0.152742996812 Accuracy: 0.967741906643
#########################################################################
Training generator with Reinforcement Learning. Epoch 107
total_batch:  107 g_loss:  235.205
total_batch:  107 test_loss:  8.3905
Unique samples. Pct: 0.7
Oc1c[nH]nc1
Oc1cnccn1
C#CC#CC#CC#CC#CC
N#Cc1ccccn1
CC#CC#CC#N
N#CC#CCC#CC#CC#C
C#CC(N)C#N
C#CCc1nn[nH]n1
C#Cc1ccno1
N#CCC#CC(N)C#C
Verified samples. Pct: 0.905729166667
Oc1c[nH]nc1
Oc1cnccn1
C#CC#CC#CC#CC#CC
N#Cc1ccccn1
CC#CC#CC#N
N#CC#CCC#CC#CC#C
C#CC(N)C#N
C#CCc1nn[nH]n1
C#Cc1ccno1
N#CCC#CC(N)C#C
Objective: 0.480729166667
Start training discriminator
epoch 0
Discriminator loss: 0.199142113328 Accuracy: 0.870967745781
epoch 1
Discriminator loss: 0.0906255543232 Accuracy: 0.967741906643
#########################################################################
Training generator with Reinforcement Learning. Epoch 108
total_batch:  108 g_loss:  232.871
total_batch:  108 test_loss:  8.34967
Unique samples. Pct: 0.6796875
N#Cc1nonc1C#C
FC(F)(F)c1cnoc1
C#CC#CCC#N
C#CC#CC=CO
N#Cc1c[nH]cc1F
C#CCC#N
O=Cc1cnccn1
Cc1cccnc1
[NH]C1=NC=NNC(F)=NO1
C#CC(N)C#C
Verified samples. Pct: 0.925
N#Cc1nonc1C#C
FC(F)(F)c1cnoc1
C#CC#CCC#N
C#CC#CC=CO
N#Cc1c[nH]cc1F
C#CCC#N
O=Cc1cnccn1
Cc1cccnc1
[NH]C1=NC=NNC(F)=NO1
C#CC(N)C#C
Objective: 0.488020833333
Start training discriminator
epoch 0
Discriminator loss: 0.174418970942 Accuracy: 0.93548387289
epoch 1
Discriminator loss: 0.178833678365 Accuracy: 0.903225779533
#########################################################################
Training generator with Reinforcement Learning. Epoch 109
total_batch:  109 g_loss:  254.803
total_batch:  109 test_loss:  8.27518
Unique samples. Pct: 0.679166666667
N#Cc1cnccc1
C#CC#Cc1ncnnn1
NC(=O)n1cnno1
C#CC#CC(=O)C=N
Nc1nnncc1
N#CCC#CC#CC#CC#C
O=CC(=O)CC#N
[NH]C1=C[N]C(F)=NON
C#CCOC(N)=C=O
C#CCO
Verified samples. Pct: 0.925
N#Cc1cnccc1
C#CC#Cc1ncnnn1
C#CC#CC(=O)C=N
Nc1nnncc1
N#CCC#CC#CC#CC#C
O=CC(=O)CC#N
C#CCOC(N)=C=O
C#CCO
CC(=O)C(N)=O
c1nnccc1F
Objective: 0.4859375
best score:  8.27518
Start training discriminator
epoch 0
Discriminator loss: 0.117536090314 Accuracy: 0.93548387289
epoch 1
Discriminator loss: 0.403571814299 Accuracy: 0.806451618671
#########################################################################
Training generator with Reinforcement Learning. Epoch 110
total_batch:  110 g_loss:  232.509
total_batch:  110 test_loss:  8.37531
Unique samples. Pct: 0.674479166667
C#CC#CC(O)C#C
O=CC#CC#CC#CCC#C
Cn1cncn1
N#CC#CCC(F)(F)F
C#CC(C=O)C=O
[NH]C1=C(F)CNN=NC1F
N#CCc1c[nH]nn1
OCC#CC#CC#CC#N
Oc1cnccn1
C#CC#CC(C#CC=O
Verified samples. Pct: 0.9265625
C#CC#CC(O)C#C
O=CC#CC#CC#CCC#C
Cn1cncn1
N#CC#CCC(F)(F)F
C#CC(C=O)C=O
[NH]C1=C(F)CNN=NC1F
N#CCc1c[nH]nn1
OCC#CC#CC#CC#N
Oc1cnccn1
CC#CC(C#C)C#N
Objective: 0.491145833333
Start training discriminator
epoch 0
Discriminator loss: 0.0507542639971 Accuracy: 1.0
epoch 1
Discriminator loss: 0.265821874142 Accuracy: 0.838709652424
#########################################################################
Training generator with Reinforcement Learning. Epoch 111
total_batch:  111 g_loss:  232.995
total_batch:  111 test_loss:  8.32938
Unique samples. Pct: 0.666666666667
C#CC(O)C=O
Cn1ccnn1
O=CNc1ncno1
[NH]C1NNC=NOC(F)=N1
C#CC(O)C#CC#N
N#CC(O)C(N)(C#C)C#N
Cc1ccon1
O=CC1CNC1
[NH]C=NC(=O)C=N
CC=O
Verified samples. Pct: 0.925520833333
C#CC(O)C=O
Cn1ccnn1
O=CNc1ncno1
[NH]C1NNC=NOC(F)=N1
C#CC(O)C#CC#N
N#CC(O)C(N)(C#C)C#N
Cc1ccon1
O=CC1CNC1
[NH]C=NC(=O)C=N
CC=O
Objective: 0.496354166667
Start training discriminator
epoch 0
Discriminator loss: 0.216012045741 Accuracy: 0.93548387289
epoch 1
Discriminator loss: 0.00850121211261 Accuracy: 1.0
#########################################################################
Training generator with Reinforcement Learning. Epoch 112
total_batch:  112 g_loss:  229.243
total_batch:  112 test_loss:  8.35113
Unique samples. Pct: 0.655208333333
C#CC#CCC(N)=N
C#CC(C#C)C#C
[NH]C1=CCN=CNN=N1
OCC=O
N#Cc1nccnc1F
N#CC#CCC#N
N#CC(C#N)C(N)C#
C#CCC(O)C#N
Cc1cn[nH]c1
OCC(=O)C#CC#C
Verified samples. Pct: 0.932291666667
C#CC#CCC(N)=N
C#CC(C#C)C#C
[NH]C1=CCN=CNN=N1
OCC=O
N#Cc1nccnc1F
N#CC#CCC#N
C#CCC(O)C#N
Cc1cn[nH]c1
OCC(=O)C#CC#C
CNC(N)C#C
Objective: 0.477604166667
Start training discriminator
epoch 0
Discriminator loss: 0.167732551694 Accuracy: 0.967741906643
epoch 1
Discriminator loss: 0.192814469337 Accuracy: 0.93548387289
#########################################################################
Training generator with Reinforcement Learning. Epoch 113
total_batch:  113 g_loss:  230.54
total_batch:  113 test_loss:  8.29557
Unique samples. Pct: 0.6546875
C#CC(O)C(F)(F)F
N#CC#CC(N)C#C
N#CC(=O)c1ncno1
N#CCC(O)C#N
C#CC(N)C#C
O=CNCC#C
Cc1ncncn1
O=CO
C#CCC(N)C#N
O=CC#CCC#C
Verified samples. Pct: 0.935416666667
C#CC(O)C(F)(F)F
N#CC#CC(N)C#C
N#CC(=O)c1ncno1
N#CCC(O)C#N
C#CC(N)C#C
O=CNCC#C
Cc1ncncn1
O=CO
C#CCC(N)C#N
O=CC#CCC#C
Objective: 0.483333333333
Start training discriminator
epoch 0
Discriminator loss: 0.163406759501 Accuracy: 0.93548387289
epoch 1
Discriminator loss: 0.104642607272 Accuracy: 0.967741906643
#########################################################################
Training generator with Reinforcement Learning. Epoch 114
total_batch:  114 g_loss:  247.908
total_batch:  114 test_loss:  8.40631
Unique samples. Pct: 0.632291666667
N#CCC(N)C#C
N#CCC#CC#CC(O)N
[NH]C1=NCOC=CO1
CC#CC(C#C)C#N
N#CC#CC#CCC=O
C#CCC(N)C#N
N#Cc1ccccc1F
NC(=O)C(N)C#C
C#Cc1c[nH]c(N)o1
O=CC#Cc1cccno1
Verified samples. Pct: 0.935416666667
N#CCC(N)C#C
N#CCC#CC#CC(O)N
[NH]C1=NCOC=CO1
CC#CC(C#C)C#N
N#CC#CC#CCC=O
C#CCC(N)C#N
N#Cc1ccccc1F
NC(=O)C(N)C#C
OCC(N)C#C
C#CC#CCC#CC#C
Objective: 0.46875
Start training discriminator
epoch 0
Discriminator loss: 0.185560852289 Accuracy: 0.903225779533
epoch 1
Discriminator loss: 0.135799393058 Accuracy: 0.93548387289
#########################################################################
Training generator with Reinforcement Learning. Epoch 115
total_batch:  115 g_loss:  234.941
total_batch:  115 test_loss:  8.35523
Unique samples. Pct: 0.633854166667
C#Cc1noc(N)n1
c1n[nH]cn1
O=C1CCCO1
N#CC=NC#CCC#C
Oc1cnc[nH]1
[NH]C1C=NON=CC1=O
N#CC#CCNCC#N
N#CC(C#N)C(=O)C#C
O=CC(C#N)CC(F)F
O=CC(C#C)C#C
Verified samples. Pct: 0.934375
C#Cc1noc(N)n1
c1n[nH]cn1
O=C1CCCO1
N#CC=NC#CCC#C
Oc1cnc[nH]1
[NH]C1C=NON=CC1=O
N#CC#CCNCC#N
N#CC(C#N)C(=O)C#C
O=CC(C#N)CC(F)F
O=CC(C#C)C#C
Objective: 0.4703125
Start training discriminator
epoch 0
Discriminator loss: 0.114980280399 Accuracy: 0.93548387289
epoch 1
Discriminator loss: 0.134527757764 Accuracy: 0.93548387289
#########################################################################
Training generator with Reinforcement Learning. Epoch 116
total_batch:  116 g_loss:  227.069
total_batch:  116 test_loss:  8.42548
Unique samples. Pct: 0.625520833333
N#CC#Cc1ncnnn1
O=Cc1nnccn1
O=C(N)C(N)C#C
C#CC(=O)C(N)C#N
[NH]C1=NNNC(O)N=N1
Cc1c[nH]c(=O)nn1
O=COCCC#N
C#CC(N)C#C
O=COc1conc1
NC(N)C#N
Verified samples. Pct: 0.944791666667
N#CC#Cc1ncnnn1
O=Cc1nnccn1
O=C(N)C(N)C#C
C#CC(=O)C(N)C#N
[NH]C1=NNNC(O)N=N1
Cc1c[nH]c(=O)nn1
O=COCCC#N
C#CC(N)C#C
O=COc1conc1
NC(N)C#N
Objective: 0.483333333333
Start training discriminator
epoch 0
Discriminator loss: 0.321964204311 Accuracy: 0.870967745781
epoch 1
Discriminator loss: 0.0962681472301 Accuracy: 0.967741906643
#########################################################################
Training generator with Reinforcement Learning. Epoch 117
total_batch:  117 g_loss:  211.945
total_batch:  117 test_loss:  8.28492
Unique samples. Pct: 0.622916666667
FC(F)c1cncno1
C#Cc1ncccc1
CC(C#C#CC#CC#CC#CC=O
OCc1cnno1
CC#CC(C=O)C=O
O=CNC(O)C#C
NC(=O)C1OCC12
N#CC(=O)C#CC#CC#C
N#CCCC#C
O=CC#CC(N)C#C
Verified samples. Pct: 0.944270833333
C#Cc1ncccc1
OCc1cnno1
CC#CC(C=O)C=O
O=CNC(O)C#C
N#CC(=O)C#CC#CC#C
N#CCCC#C
O=CC#CC(N)C#C
N#CC(O)CC#N
OCC#CC=O
N#CC(=O)C(C#C)C#C
Objective: 0.4859375
Start training discriminator
epoch 0
Discriminator loss: 0.216140300035 Accuracy: 0.870967745781
epoch 1
Discriminator loss: 0.0375288538635 Accuracy: 1.0
#########################################################################
Training generator with Reinforcement Learning. Epoch 118
total_batch:  118 g_loss:  204.33
total_batch:  118 test_loss:  8.28762
Unique samples. Pct: 0.597395833333
N#N.[NH][C]1CNC=CO1
CNC(N)=N
C#CC#CC(C#C)C#CC
C#CC#CCC#N
CC#CC=O
N#CC#CC#CCC#C
CCC#C
CC(N)(C#C#C
C#CC#CC(O)C#C
Cc1cnno1
Verified samples. Pct: 0.946354166667
N#N.[NH][C]1CNC=CO1
CNC(N)=N
C#CC#CC(C#C)C#CC
C#CC#CCC#N
CC#CC=O
N#CC#CC#CCC#C
CCC#C
C#CC#CC(O)C#C
Cc1cnno1
N#CC#CC#CC(C#C)C#C
Objective: 0.461458333333
Start training discriminator
epoch 0
Discriminator loss: 0.14595939219 Accuracy: 0.93548387289
epoch 1
Discriminator loss: 0.102586984634 Accuracy: 0.967741906643
#########################################################################
Training generator with Reinforcement Learning. Epoch 119
total_batch:  119 g_loss:  234.374
total_batch:  119 test_loss:  8.29976
Unique samples. Pct: 0.596875
O=CC(C)C#C
CNC#CC#C
CC#CC#CC#CC#C
N#CC#CCC#CCC#N
NC(C#C)C#CC#N
O=CNC=CO
N#CC#CC(=O)C#CC#C[C]2
N#CC(=O)CC#C
C#Cc1ncnc(N)n1
Cc1cnncn1
Verified samples. Pct: 0.942708333333
O=CC(C)C#C
CNC#CC#C
CC#CC#CC#CC#C
N#CC#CCC#CCC#N
NC(C#C)C#CC#N
O=CNC=CO
N#CC(=O)CC#C
C#Cc1ncnc(N)n1
Cc1cnncn1
N#CC#C
Objective: 0.45625
Start training discriminator
epoch 0
Discriminator loss: 0.163311511278 Accuracy: 0.93548387289
epoch 1
Discriminator loss: 0.186102554202 Accuracy: 0.903225779533
#########################################################################
Training generator with Reinforcement Learning. Epoch 120
