Starting SeqGAN with 1951 positive samples
Size of alphabet is 22
Sequence length is 29
W tensorflow/core/platform/cpu_feature_guard.cc:45] The TensorFlow library wasn't compiled to use SSE4.1 instructions, but these are available on your machine and could speed up CPU computations.
W tensorflow/core/platform/cpu_feature_guard.cc:45] The TensorFlow library wasn't compiled to use SSE4.2 instructions, but these are available on your machine and could speed up CPU computations.
W tensorflow/core/platform/cpu_feature_guard.cc:45] The TensorFlow library wasn't compiled to use AVX instructions, but these are available on your machine and could speed up CPU computations.
W tensorflow/core/platform/cpu_feature_guard.cc:45] The TensorFlow library wasn't compiled to use AVX2 instructions, but these are available on your machine and could speed up CPU computations.
W tensorflow/core/platform/cpu_feature_guard.cc:45] The TensorFlow library wasn't compiled to use FMA instructions, but these are available on your machine and could speed up CPU computations.
Pretrain loaded from previous checkpoint checkpoints/pretrain_ckpt
#########################################################################
Start Reinforcement Training Generator...
#########################################################################
Training generator with Reinforcement Learning. Epoch 0
total_batch:  0 g_loss:  231.533
total_batch:  0 test_loss:  8.82644
Unique samples. Pct: 0.828125
C#CCn1cnnn1
N#CC1=COC([NH])=NC1=O
N#Cc1noccc1=O
C#Cc1cc(N)on1
C#CCC=O
[NH]C1=N[N]NC(=O)O1
N#Cc1cc(O)no1
N#CC#Cc1ncoc(=O)o1
[NH]C1=N[N]ON=N1
O=c1[nH]nc(O)cc1F
Verified samples. Pct: 0.790625
C#CCn1cnnn1
N#CC1=COC([NH])=NC1=O
N#Cc1noccc1=O
C#Cc1cc(N)on1
C#CCC=O
[NH]C1=N[N]NC(=O)O1
N#Cc1cc(O)no1
[NH]C1=N[N]ON=N1
O=c1[nH]nc(O)cc1F
c1n[nH]c2nonc12
Objective: 0.316666666667
best score:  8.82644
Start training discriminator
epoch 0
Discriminator loss: 0.563798427582 Accuracy: 0.677419364452
epoch 1
Discriminator loss: 0.452559620142 Accuracy: 0.741935491562
epoch 2
Discriminator loss: 0.428989797831 Accuracy: 0.806451618671
epoch 3
Discriminator loss: 0.488551855087 Accuracy: 0.806451618671
#########################################################################
Training generator with Reinforcement Learning. Epoch 1
total_batch:  1 g_loss:  201.88
total_batch:  1 test_loss:  9.01537
Unique samples. Pct: 0.802083333333
Nc1nonc1C=O
NC1NC1C#N
[NH][CH]OC=O
O=c1occnc1F
N#CC1OCC1=O
N#Cc1cnnnc1=O
O=Cn1ncoc1=O
Nc1nonnc1=O
Nc1ncno1
N#Cc1cocnc1=O
Verified samples. Pct: 0.8015625
Nc1nonc1C=O
NC1NC1C#N
[NH][CH]OC=O
O=c1occnc1F
N#CC1OCC1=O
O=Cn1ncoc1=O
Nc1nonnc1=O
Nc1ncno1
N#Cc1cocnc1=O
[NH]C1=C[N]C=C(F)O1
Objective: 0.308333333333
Start training discriminator
epoch 0
Discriminator loss: 0.404750704765 Accuracy: 0.838709652424
epoch 1
Discriminator loss: 0.395451009274 Accuracy: 0.806451618671
epoch 2
Discriminator loss: 0.522332727909 Accuracy: 0.709677398205
epoch 3
Discriminator loss: 0.516727209091 Accuracy: 0.774193525314
#########################################################################
Training generator with Reinforcement Learning. Epoch 2
total_batch:  2 g_loss:  181.671
total_batch:  2 test_loss:  9.22962
Unique samples. Pct: 0.744791666667
[NH]C1=NC(C=O)O=N=N=O.[N]
O=Cc1nnoc1
Nc1nc(O)no1
C1O[C]([NH])CO1
C#CC(=O)C(=O)C=O
O=C1C2OC3C12N
c1cnc2ocnn1
N#Cc1n[nH]cn1
O=Cn1nnon1
N#Cc1nnc(C#C[O]
Verified samples. Pct: 0.7953125
O=Cc1nnoc1
Nc1nc(O)no1
C1O[C]([NH])CO1
C#CC(=O)C(=O)C=O
N#Cc1n[nH]cn1
C#C[C]([N][NH])C=O
O=c1cncco1
[NH]C1=NC(=O)N=C=N[N]1
[NH][C]1ON=C(O)O1
N#CC(=O)c1ccon1
Objective: 0.264583333333
Start training discriminator
epoch 0
Discriminator loss: 0.375041723251 Accuracy: 0.93548387289
epoch 1
Discriminator loss: 0.40619251132 Accuracy: 0.774193525314
epoch 2
Discriminator loss: 0.590987324715 Accuracy: 0.709677398205
epoch 3
Discriminator loss: 0.445820301771 Accuracy: 0.709677398205
#########################################################################
Training generator with Reinforcement Learning. Epoch 3
total_batch:  3 g_loss:  190.745
total_batch:  3 test_loss:  9.25101
Unique samples. Pct: 0.724479166667
NC(=O)Cn1
CC#CC#N
Oc1ccnnn1
C#Cc1nnc(C#N)nn1
O=c1oc(F)cnc1
N#CC#CC(=O)NC=O
Nc1noc(
O=c1ccocn1
c1ncccn1
CCC(F)(F)F
Verified samples. Pct: 0.808333333333
CC#CC#N
Oc1ccnnn1
C#Cc1nnc(C#N)nn1
O=c1oc(F)cnc1
N#CC#CC(=O)NC=O
O=c1ccocn1
c1ncccn1
CCC(F)(F)F
[NH]C1=NC(F)=C(O)OC1=O
[NH]C1=N[CH]OC1=O
Objective: 0.267708333333
Start training discriminator
epoch 0
Discriminator loss: 0.563570618629 Accuracy: 0.709677398205
epoch 1
Discriminator loss: 0.477652728558 Accuracy: 0.806451618671
epoch 2
Discriminator loss: 0.463370829821 Accuracy: 0.741935491562
epoch 3
Discriminator loss: 0.373542547226 Accuracy: 0.774193525314
#########################################################################
Training generator with Reinforcement Learning. Epoch 4
total_batch:  4 g_loss:  180.753
total_batch:  4 test_loss:  9.27143
Unique samples. Pct: 0.709375
[NH][C]1ON=C(N)O1
Fc1cccco1
N#CC1=NOC=N[CH]1
CO
Oc1ccoc1
Cc1nnnn[nH]1
Nc1ncoc1
O=CC#CC(=O)C=O
N#Cc1coc(=O)o1
Oc1cnco1
Verified samples. Pct: 0.803125
[NH][C]1ON=C(N)O1
N#CC1=NOC=N[CH]1
CO
Oc1ccoc1
Nc1ncoc1
O=CC#CC(=O)C=O
N#Cc1coc(=O)o1
Oc1cnco1
Nc1ncoc(=O)n1
O=COc1ncon1
Objective: 0.253125
Start training discriminator
epoch 0
Discriminator loss: 0.419631063938 Accuracy: 0.806451618671
epoch 1
Discriminator loss: 0.439649790525 Accuracy: 0.774193525314
epoch 2
Discriminator loss: 0.43545114994 Accuracy: 0.741935491562
epoch 3
Discriminator loss: 0.403753399849 Accuracy: 0.838709652424
#########################################################################
Training generator with Reinforcement Learning. Epoch 5
total_batch:  5 g_loss:  149.581
total_batch:  5 test_loss:  9.16815
Unique samples. Pct: 0.6734375
N#C[C]([NH])O[C]O1
Oc1ncno1
[NH][C]1OC(N)=CO1
C1OC2CC13
[NH]C1=NCN=CO1
C#CCC#N
C#CC(O)C#N
Cc1coc(=O)o1
Nc1c[nH]nn1
[NH][C]1OCC1
Verified samples. Pct: 0.8203125
Oc1ncno1
[NH][C]1OC(N)=CO1
[NH]C1=NCN=CO1
C#CCC#N
C#CC(O)C#N
Cc1coc(=O)o1
Nc1c[nH]nn1
[NH][C]1OCC1
O=c1cnonc1
Nc1coc(=O)o1
Objective: 0.243229166667
Start training discriminator
epoch 0
Discriminator loss: 0.447156369686 Accuracy: 0.645161271095
epoch 1
Discriminator loss: 0.332856953144 Accuracy: 0.870967745781
epoch 2
Discriminator loss: 0.267455309629 Accuracy: 0.903225779533
epoch 3
Discriminator loss: 0.401307553053 Accuracy: 0.806451618671
#########################################################################
Training generator with Reinforcement Learning. Epoch 6
total_batch:  6 g_loss:  170.561
total_batch:  6 test_loss:  9.14705
Unique samples. Pct: 0.677083333333
Oc1ncncn1
FC(F)(F)C1ON1
O=COC(F)(F)F
O=c1onco1
N#N.[NH][C][N]C#N
C#CC(N)(=O)C=O
C#CC#CCC#C
Nc1cn[nH]c1
N#Cc1conc1O
N#Cc1nn[nH]c(=O)n1
Verified samples. Pct: 0.821875
Oc1ncncn1
FC(F)(F)C1ON1
O=COC(F)(F)F
O=c1onco1
N#N.[NH][C][N]C#N
C#CC#CCC#C
Nc1cn[nH]c1
N#Cc1conc1O
N#Cc1nn[nH]c(=O)n1
Nc1nc[nH]n1
Objective: 0.258854166667
Start training discriminator
epoch 0
Discriminator loss: 0.373511254787 Accuracy: 0.838709652424
epoch 1
Discriminator loss: 0.225767999887 Accuracy: 0.870967745781
epoch 2
Discriminator loss: 0.248038977385 Accuracy: 0.870967745781
epoch 3
Discriminator loss: 0.484183698893 Accuracy: 0.709677398205
#########################################################################
Training generator with Reinforcement Learning. Epoch 7
total_batch:  7 g_loss:  186.801
total_batch:  7 test_loss:  9.06707
Unique samples. Pct: 0.688020833333
Nc1conc1
[NH][C]1OCO
[NH]C1O[C](O)OC=OO
c1nnccn1
N#CCC=O
Nc1conc1
Nc1ocno1
Fc1ccoc(=O)n1
[NH]C1c1ccoc(=O)n1
CC#CC(N)=O
Verified samples. Pct: 0.825
Nc1conc1
c1nnccn1
N#CCC=O
Nc1conc1
Fc1ccoc(=O)n1
CC#CC(N)=O
C#CC(F)(F)F
COc1nnon1
CC#CC(N)=O
NC(=O)C#CC=O
Objective: 0.263020833333
Start training discriminator
epoch 0
Discriminator loss: 0.356945365667 Accuracy: 0.709677398205
epoch 1
Discriminator loss: 0.414397448301 Accuracy: 0.806451618671
epoch 2
Discriminator loss: 0.362902969122 Accuracy: 0.806451618671
epoch 3
Discriminator loss: 0.298971265554 Accuracy: 0.903225779533
#########################################################################
Training generator with Reinforcement Learning. Epoch 8
total_batch:  8 g_loss:  137.505
total_batch:  8 test_loss:  9.17122
Unique samples. Pct: 0.678125
N#CC#CC(=O)CN1
Oc1n[nH]c(O)c1
NC(=O)c1nnon1
[NH][C]1ON=NOC1=O
[NH]C1OC=OCO1
N#Cc1nonn1
O=c1occ(O)o1
[NH][C]1OC(=O)OC=NO1
C#CC#CC(O)C#N
O=Cc1nocnc1=O
Verified samples. Pct: 0.8234375
Oc1n[nH]c(O)c1
NC(=O)c1nnon1
[NH][C]1ON=NOC1=O
N#Cc1nonn1
O=c1occ(O)o1
[NH][C]1OC(=O)OC=NO1
C#CC#CC(O)C#N
O=Cc1nocnc1=O
Cc1nnoc1
C#CC#CC(F)(F)F
Objective: 0.270833333333
Start training discriminator
epoch 0
Discriminator loss: 0.244099020958 Accuracy: 0.93548387289
epoch 1
Discriminator loss: 0.401980131865 Accuracy: 0.806451618671
epoch 2
Discriminator loss: 0.42081618309 Accuracy: 0.741935491562
epoch 3
Discriminator loss: 0.572930932045 Accuracy: 0.741935491562
#########################################################################
Training generator with Reinforcement Learning. Epoch 9
total_batch:  9 g_loss:  159.717
total_batch:  9 test_loss:  8.95376
Unique samples. Pct: 0.669270833333
N#CC(C#N)(C#N)C=O
O=C1COCC1=O
N#Cc1cnnoc1=O
N#CCC(F)(F)F
O=C1CCO1
Nc1noc(=O)o1
Oc1ncno1
Nc1coc(O)n1
O=COc1cocn1
N#Cc1cnon1
Verified samples. Pct: 0.809375
N#CC(C#N)(C#N)C=O
O=C1COCC1=O
N#Cc1cnnoc1=O
N#CCC(F)(F)F
O=C1CCO1
Nc1noc(=O)o1
Oc1ncno1
Nc1coc(O)n1
O=COc1cocn1
N#Cc1cnon1
Objective: 0.258333333333
Start training discriminator
epoch 0
Discriminator loss: 0.352354556322 Accuracy: 0.806451618671
epoch 1
Discriminator loss: 0.422182232141 Accuracy: 0.838709652424
epoch 2
Discriminator loss: 0.440164983273 Accuracy: 0.838709652424
epoch 3
Discriminator loss: 0.36151984334 Accuracy: 0.774193525314
#########################################################################
Training generator with Reinforcement Learning. Epoch 10
total_batch:  10 g_loss:  184.132
total_batch:  10 test_loss:  8.86775
Unique samples. Pct: 0.670833333333
C#Cc1nonc1C=O
C#CC(F)(F)F
Nc1cnoc2O
CC(=O)CN
Oc1cocn1
O=C=NC(=O)OC#N
CCC#C
[NH]C1ON=C(O)C(=O)O1
[NH][C]1ON=NC(F)=NO1
C#CC1OCC1=O
Verified samples. Pct: 0.821875
C#Cc1nonc1C=O
C#CC(F)(F)F
CC(=O)CN
Oc1cocn1
O=C=NC(=O)OC#N
CCC#C
[NH]C1ON=C(O)C(=O)O1
[NH][C]1ON=NC(F)=NO1
C#CC1OCC1=O
C#CCC(=O)C=O
Objective: 0.271875
Start training discriminator
epoch 0
Discriminator loss: 0.395185679197 Accuracy: 0.774193525314
epoch 1
Discriminator loss: 0.385980546474 Accuracy: 0.838709652424
epoch 2
Discriminator loss: 0.387825965881 Accuracy: 0.838709652424
epoch 3
Discriminator loss: 0.304178744555 Accuracy: 0.870967745781
#########################################################################
Training generator with Reinforcement Learning. Epoch 11
total_batch:  11 g_loss:  176.031
total_batch:  11 test_loss:  8.79073
Unique samples. Pct: 0.653125
N#CC#CC(=O)C#CC#C
O=[N+]([O-])c1c[nH]n(F)n1
[NH]C1N=C(F)ON=NC1=O
[NH][C]1ON=NOC(=O)O1
NC(=O)n1nnnn1
C#CC(F)(F)F
Oc1nc2nonn2n1
[NH][C]1ON=C(F)NC1=O
N#Cc1cncnn1
O=Cn1nnnc1O
Verified samples. Pct: 0.836979166667
N#CC#CC(=O)C#CC#C
[NH]C1N=C(F)ON=NC1=O
[NH][C]1ON=NOC(=O)O1
NC(=O)n1nnnn1
C#CC(F)(F)F
[NH][C]1ON=C(F)NC1=O
N#Cc1cncnn1
O=Cn1nnnc1O
C#CC(=O)CO
COC(N)=O
Objective: 0.261979166667
best score:  8.79073
Start training discriminator
epoch 0
Discriminator loss: 0.351212561131 Accuracy: 0.806451618671
epoch 1
Discriminator loss: 0.311173886061 Accuracy: 0.870967745781
epoch 2
Discriminator loss: 0.299612522125 Accuracy: 0.870967745781
epoch 3
Discriminator loss: 0.382798433304 Accuracy: 0.806451618671
#########################################################################
Training generator with Reinforcement Learning. Epoch 12
total_batch:  12 g_loss:  159.802
total_batch:  12 test_loss:  8.8807
Unique samples. Pct: 0.625520833333
Oc1nc[nH]n1
N#CC(=O)n1cnnn1
[N][N]C1=C[N][N]C#N
Nc1nnon1
NCn1nnon1
N#CCC(O)C#N
N#CC#CCO
COC(=O)C=O
N#Cc1cnno1
N#Cc1c[nH]nc1O
Verified samples. Pct: 0.852604166667
Oc1nc[nH]n1
N#CC(=O)n1cnnn1
Nc1nnon1
N#CCC(O)C#N
N#CC#CCO
COC(=O)C=O
N#Cc1cnno1
N#Cc1c[nH]nc1O
C#CC(=O)C(F)(F)F
C#Cc1nc[nH]n1
Objective: 0.235416666667
Start training discriminator
epoch 0
Discriminator loss: 0.288807064295 Accuracy: 0.903225779533
epoch 1
Discriminator loss: 0.288438916206 Accuracy: 0.93548387289
epoch 2
Discriminator loss: 0.377794533968 Accuracy: 0.838709652424
epoch 3
Discriminator loss: 0.336378961802 Accuracy: 0.838709652424
#########################################################################
Training generator with Reinforcement Learning. Epoch 13
total_batch:  13 g_loss:  167.572
total_batch:  13 test_loss:  8.83819
Unique samples. Pct: 0.643229166667
O=Cc1n[nH]nc1#N
O=C1[CH]([NH])O[C]]1=O)
C#CC1CC12
c1oc2oncn12
[NH][C]1ON=C(F)OC1=O
N#CC#CC(C#N)C=O
Oc1nc(F)cno1
FC(F)(F)c1ncon1
C#CC(=O)C(=O)C#N
C#Cc1cocn1
Verified samples. Pct: 0.85625
[NH][C]1ON=C(F)OC1=O
N#CC#CC(C#N)C=O
FC(F)(F)c1ncon1
C#CC(=O)C(=O)C#N
C#Cc1cocn1
COC(=O)C#N
N#N.[NH][C][N]C(=O)C=O
N#Cc1cn[nH]c1O
NC(=O)C#CC#N
[NH]C1OC=NOC1=O
Objective: 0.252604166667
Start training discriminator
epoch 0
Discriminator loss: 0.75850045681 Accuracy: 0.612903237343
epoch 1
Discriminator loss: 0.392561405897 Accuracy: 0.806451618671
epoch 2
Discriminator loss: 0.277112722397 Accuracy: 0.838709652424
epoch 3
Discriminator loss: 0.384716391563 Accuracy: 0.774193525314
#########################################################################
Training generator with Reinforcement Learning. Epoch 14
total_batch:  14 g_loss:  140.126
total_batch:  14 test_loss:  8.77941
Unique samples. Pct: 0.630208333333
CC(F)(F)F
Cc1ncon1
C#CC(=O)CO
Oc1nccno1
Cc1coc(=O)o1
N#CC#CCO
O=CC#N
O=c1n[nH]c(O)o1
O=CC=O
C#CC(=O)C=O
Verified samples. Pct: 0.8609375
CC(F)(F)F
Cc1ncon1
C#CC(=O)CO
Cc1coc(=O)o1
N#CC#CCO
O=CC#N
O=CC=O
C#CC(=O)C=O
NC(=O)C(F)(F)F
N#Cc1ccco1
Objective: 0.249479166667
best score:  8.77941
Start training discriminator
epoch 0
Discriminator loss: 0.18860514462 Accuracy: 0.967741906643
epoch 1
Discriminator loss: 0.419079065323 Accuracy: 0.870967745781
epoch 2
Discriminator loss: 0.226591467857 Accuracy: 0.93548387289
epoch 3
Discriminator loss: 0.58912974596 Accuracy: 0.677419364452
#########################################################################
Training generator with Reinforcement Learning. Epoch 15
total_batch:  15 g_loss:  150.448
total_batch:  15 test_loss:  8.84499
Unique samples. Pct: 0.632291666667
O=Cn1cncn1
N#CC(=O)C(=O)C=O
Oc1cnnc(F)c1F
OCc1nnon1
C#CC1COC1=O
C#CC(=O)CC(F)
[NH]C1ON=C(O)N1
O=C1CCO1
N#CC(C)(O)C#N
O=C1[CH][C][NH])1
Verified samples. Pct: 0.857291666667
O=Cn1cncn1
N#CC(=O)C(=O)C=O
Oc1cnnc(F)c1F
OCc1nnon1
C#CC1COC1=O
C#CC(=O)CC(F)
[NH]C1ON=C(O)N1
O=C1CCO1
N#CC(C)(O)C#N
O=c1cccn[nH]1
Objective: 0.2421875
Start training discriminator
epoch 0
Discriminator loss: 0.34900701046 Accuracy: 0.838709652424
epoch 1
Discriminator loss: 0.405740976334 Accuracy: 0.870967745781
epoch 2
Discriminator loss: 0.193287193775 Accuracy: 0.93548387289
epoch 3
Discriminator loss: 0.394220322371 Accuracy: 0.870967745781
#########################################################################
Training generator with Reinforcement Learning. Epoch 16
total_batch:  16 g_loss:  175.771
total_batch:  16 test_loss:  8.87677
Unique samples. Pct: 0.6421875
C#Cc1cc[nH]n1
Oc1cnn[nH]1
O=c1ncnn[nnH1
Fc1ccc[nH]1
Oc1conn1
N#CCC(=O)C=O
C#CC#CC#N
N#Cc1ccno1
O=c1[nH]nnc1O
Oc1ncnn[nH1
Verified samples. Pct: 0.852604166667
C#Cc1cc[nH]n1
Oc1cnn[nH]1
Fc1ccc[nH]1
Oc1conn1
N#CCC(=O)C=O
C#CC#CC#N
N#Cc1ccno1
Oc1cn[nH]c1O
N#Cc1cocnc1=O
Nc1conn1
Objective: 0.240104166667
Start training discriminator
epoch 0
Discriminator loss: 0.431004047394 Accuracy: 0.838709652424
epoch 1
Discriminator loss: 0.58169054985 Accuracy: 0.645161271095
epoch 2
Discriminator loss: 0.340662568808 Accuracy: 0.838709652424
epoch 3
Discriminator loss: 0.519830703735 Accuracy: 0.774193525314
#########################################################################
Training generator with Reinforcement Learning. Epoch 17
total_batch:  17 g_loss:  160.301
total_batch:  17 test_loss:  8.68531
Unique samples. Pct: 0.626041666667
N#CC#CC#CCO
Cc1cnon1
N#CCOC(F)(F)F
CN
NC(=O)C#CC=O
CC(=O)C#CC#N
N#Cc1conc1N
Nc1nnoc1=O
O=CC(=O)c1ncno1
COCO
Verified samples. Pct: 0.855208333333
N#CC#CC#CCO
Cc1cnon1
N#CCOC(F)(F)F
CN
NC(=O)C#CC=O
CC(=O)C#CC#N
N#Cc1conc1N
O=CC(=O)c1ncno1
COCO
O=[N+]([O-])c1nonn1
Objective: 0.238020833333
best score:  8.68531
Start training discriminator
epoch 0
Discriminator loss: 0.314840704203 Accuracy: 0.806451618671
epoch 1
Discriminator loss: 0.381655544043 Accuracy: 0.806451618671
epoch 2
Discriminator loss: 0.331165790558 Accuracy: 0.870967745781
epoch 3
Discriminator loss: 0.346063315868 Accuracy: 0.774193525314
#########################################################################
Training generator with Reinforcement Learning. Epoch 18
total_batch:  18 g_loss:  208.678
total_batch:  18 test_loss:  8.67556
Unique samples. Pct: 0.620833333333
N#CC#CC#N
Oc1cc[nH]n1
O=c1ncocc1F
N#CCCO
N#CC1=NO[N]N=C1F
[NH]C1OC2C1OC12
CCC#N
O=CC(=O)C#CC=O
N#Cc1cc(=O)ocn1
N#Cc1ccnn1
Verified samples. Pct: 0.858854166667
N#CC#CC#N
Oc1cc[nH]n1
O=c1ncocc1F
N#CCCO
N#CC1=NO[N]N=C1F
CCC#N
O=CC(=O)C#CC=O
N#Cc1cc(=O)ocn1
Nc1n[nH]cn1
Oc1ncnoc1=O
Objective: 0.25
best score:  8.67556
Start training discriminator
epoch 0
Discriminator loss: 0.433784544468 Accuracy: 0.741935491562
epoch 1
Discriminator loss: 0.562166571617 Accuracy: 0.709677398205
epoch 2
Discriminator loss: 0.331931591034 Accuracy: 0.870967745781
epoch 3
Discriminator loss: 0.181320250034 Accuracy: 0.967741906643
#########################################################################
Training generator with Reinforcement Learning. Epoch 19
total_batch:  19 g_loss:  161.985
total_batch:  19 test_loss:  8.79543
Unique samples. Pct: 0.642708333333
N#CCC#CC#N
O=c1cncoc1
c1nncc2non12
CC#CCO
[NH]C1=NC(F)=NOCO1
CCC(F)(F)F
Nc1ocnn1
CC#CC1
O=CC(C#N)C#N
O=C1CCC1
Verified samples. Pct: 0.8515625
N#CCC#CC#N
c1nncc2non12
CC#CCO
[NH]C1=NC(F)=NOCO1
CCC(F)(F)F
Nc1ocnn1
O=CC(C#N)C#N
O=C1CCC1
c1nnc2oncc2n1
FC=CC(F)O
Objective: 0.253125
Start training discriminator
epoch 0
Discriminator loss: 0.483901381493 Accuracy: 0.774193525314
epoch 1
Discriminator loss: 0.281945049763 Accuracy: 0.870967745781
epoch 2
Discriminator loss: 0.254407018423 Accuracy: 0.967741906643
epoch 3
Discriminator loss: 0.512825846672 Accuracy: 0.709677398205
#########################################################################
Training generator with Reinforcement Learning. Epoch 20
total_batch:  20 g_loss:  153.007
total_batch:  20 test_loss:  8.79929
Unique samples. Pct: 0.633333333333
c1nccnc1
O=c1nconn1
Nc1cn[nH]n1
[NH][C]1ON=CC(=O)N1
Oc1cn[nH]n1
NC(=O)C(N)=O
N=CC(O)C#C
N#CC1(C=O)C=O
C=CNC(=O)C#N
C#CC(C=O)C=O
Verified samples. Pct: 0.863541666667
c1nccnc1
O=c1nconn1
Nc1cn[nH]n1
[NH][C]1ON=CC(=O)N1
Oc1cn[nH]n1
NC(=O)C(N)=O
N=CC(O)C#C
C=CNC(=O)C#N
C#CC(C=O)C=O
OCc1ncon1
Objective: 0.235416666667
Start training discriminator
epoch 0
Discriminator loss: 0.395614802837 Accuracy: 0.870967745781
epoch 1
Discriminator loss: 0.302473366261 Accuracy: 0.903225779533
epoch 2
Discriminator loss: 0.289440721273 Accuracy: 0.903225779533
epoch 3
Discriminator loss: 0.24149094522 Accuracy: 0.903225779533
#########################################################################
Training generator with Reinforcement Learning. Epoch 21
total_batch:  21 g_loss:  164.859
total_batch:  21 test_loss:  8.74031
Unique samples. Pct: 0.646354166667
C#CC1CO1
C#Cc1noc(=O)n1
Oc1ccoc1
Nc1conc1
CCCO
Nc1cnoc(=O)n1
Oc1nnncc1O
C#Cc1cnno1
O=c1cnocc1F
N#Cc1cn[nH]c1
Verified samples. Pct: 0.847916666667
C#CC1CO1
Oc1ccoc1
Nc1conc1
CCCO
Nc1cnoc(=O)n1
Oc1nnncc1O
C#Cc1cnno1
O=c1cnocc1F
N#Cc1cn[nH]c1
CC(N)=O
Objective: 0.248958333333
Start training discriminator
epoch 0
Discriminator loss: 0.336335092783 Accuracy: 0.838709652424
epoch 1
Discriminator loss: 0.304881095886 Accuracy: 0.806451618671
epoch 2
Discriminator loss: 0.352583825588 Accuracy: 0.838709652424
epoch 3
Discriminator loss: 0.264018297195 Accuracy: 0.93548387289
#########################################################################
Training generator with Reinforcement Learning. Epoch 22
total_batch:  22 g_loss:  181.171
total_batch:  22 test_loss:  8.81488
Unique samples. Pct: 0.6578125
O=C1COCC1=O
C#CC(=O)C(O)C#N
c1ncccC#CC#N
N#CC(=O)C#CC#N
FC(F)=CC(F)(F)F
N#CC=Nc1nnnn1
C#Cc1cnoc(=O)n1
Nc1nnoc1C#N
C#Cc1cnoc1N
N#Cc1ncc[nH]1
Verified samples. Pct: 0.861979166667
O=C1COCC1=O
C#CC(=O)C(O)C#N
N#CC(=O)C#CC#N
FC(F)=CC(F)(F)F
C#Cc1cnoc(=O)n1
Nc1nnoc1C#N
C#Cc1cnoc1N
N#Cc1ncc[nH]1
NC(=O)CC=O
CC#CC
Objective: 0.2625
Start training discriminator
epoch 0
Discriminator loss: 0.283401250839 Accuracy: 0.903225779533
epoch 1
Discriminator loss: 0.304618865252 Accuracy: 0.870967745781
epoch 2
Discriminator loss: 0.43823876977 Accuracy: 0.774193525314
epoch 3
Discriminator loss: 0.387625724077 Accuracy: 0.774193525314
#########################################################################
Training generator with Reinforcement Learning. Epoch 23
total_batch:  23 g_loss:  126.519
total_batch:  23 test_loss:  8.76666
Unique samples. Pct: 0.660416666667
CCCO1
N#CC(=N)C(F)(F)F
N#CC#CCC#C
NC(=N)C(F)
N#Cc1c[nH]nc1
O=c1[nH]ccco1
Nc1conc1
N#CCC#CC#N
NC(=O)C#CC=O
N#CC(=O)c1cnno1
Verified samples. Pct: 0.852083333333
N#CC(=N)C(F)(F)F
N#CC#CCC#C
NC(=N)C(F)
N#Cc1c[nH]nc1
Nc1conc1
N#CCC#CC#N
NC(=O)C#CC=O
N#CC(=O)c1cnno1
C#CC(=O)O
C#CC#N
Objective: 0.265625
Start training discriminator
epoch 0
Discriminator loss: 0.361208021641 Accuracy: 0.741935491562
epoch 1
Discriminator loss: 0.480865478516 Accuracy: 0.741935491562
epoch 2
Discriminator loss: 0.283243507147 Accuracy: 0.870967745781
epoch 3
Discriminator loss: 0.360176801682 Accuracy: 0.774193525314
#########################################################################
Training generator with Reinforcement Learning. Epoch 24
total_batch:  24 g_loss:  159.74
total_batch:  24 test_loss:  8.82006
Unique samples. Pct: 0.671354166667
N#Cc1nn[nH]c1C#N
O=c1ccocc1O
C#Cc1ccno1
N#CC#CC(F)(F)F
N#CCn1cnnn1
C#CC1CO1
N#Cc1ccoc1C=O
N#Cc1ncn[nH]1
CN
COc1cnno1
Verified samples. Pct: 0.8390625
N#Cc1nn[nH]c1C#N
O=c1ccocc1O
C#Cc1ccno1
N#CC#CC(F)(F)F
N#CCn1cnnn1
C#CC1CO1
N#Cc1ccoc1C=O
N#Cc1ncn[nH]1
CN
COc1cnno1
Objective: 0.263020833333
Start training discriminator
epoch 0
Discriminator loss: 0.575457692146 Accuracy: 0.645161271095
epoch 1
Discriminator loss: 0.303246587515 Accuracy: 0.903225779533
epoch 2
Discriminator loss: 0.323118329048 Accuracy: 0.838709652424
epoch 3
Discriminator loss: 0.396413207054 Accuracy: 0.774193525314
#########################################################################
Training generator with Reinforcement Learning. Epoch 25
total_batch:  25 g_loss:  159.397
total_batch:  25 test_loss:  8.83081
Unique samples. Pct: 0.678125
c1nn2nnn2[nH]nn1
CCC#N
N#Cc1noccc1=O
c1cncnc1
c1ccncn1
O=c1n[nH]nnn1
N#CC(O)(C=O)C#N
O=CC1CN1
Oc1nccn[nH]1
CC#CC(=O)C#C
Verified samples. Pct: 0.843229166667
c1nn2nnn2[nH]nn1
CCC#N
N#Cc1noccc1=O
c1cncnc1
c1ccncn1
N#CC(O)(C=O)C#N
O=CC1CN1
CC#CC(=O)C#C
CC(F)(F)F
O=c1ccoc(F)n1
Objective: 0.272395833333
Start training discriminator
epoch 0
Discriminator loss: 0.226241752505 Accuracy: 0.903225779533
epoch 1
Discriminator loss: 0.217752590775 Accuracy: 0.93548387289
epoch 2
Discriminator loss: 0.469469934702 Accuracy: 0.741935491562
epoch 3
Discriminator loss: 0.227896690369 Accuracy: 0.93548387289
#########################################################################
Training generator with Reinforcement Learning. Epoch 26
total_batch:  26 g_loss:  147.077
total_batch:  26 test_loss:  8.79006
Unique samples. Pct: 0.6859375
N#Cc1ncoc(=O)n1
O=c1[nH]nccn1
ON=c1noncc1n1
[NH][C]1ON=NOC=N1
N#CC1CC1
FC(F)(F)c1ncon1
[NH][C]1N=C(F)C=N[N]1=O
c1noc2nnnc2n1
N#CC#CC#CC#C
N#CC#CC(=O)C#N
Verified samples. Pct: 0.823958333333
N#Cc1ncoc(=O)n1
O=c1[nH]nccn1
[NH][C]1ON=NOC=N1
N#CC1CC1
FC(F)(F)c1ncon1
c1noc2nnnc2n1
N#CC#CC#CC#C
N#CC#CC(=O)C#N
Oc1ncncn1
CCCO
Objective: 0.271354166667
Start training discriminator
epoch 0
Discriminator loss: 0.35033300519 Accuracy: 0.870967745781
epoch 1
Discriminator loss: 0.328830450773 Accuracy: 0.870967745781
epoch 2
Discriminator loss: 0.441083014011 Accuracy: 0.806451618671
epoch 3
Discriminator loss: 0.44583684206 Accuracy: 0.677419364452
#########################################################################
Training generator with Reinforcement Learning. Epoch 27
total_batch:  27 g_loss:  155.747
total_batch:  27 test_loss:  8.79981
Unique samples. Pct: 0.684375
N#CC#CC=O
C#CC#N
O=c1ncocc1O
C#CC(=O)C(C#N)C#N
N#CC1CC1
[NH]C1=C(F)OC=NO1
C#Cc1cnno1
O=Cn1nnoc1=O
O=CCNC=O
Fc1cc[nH]cn1
Verified samples. Pct: 0.7921875
N#CC#CC=O
C#CC#N
O=c1ncocc1O
C#CC(=O)C(C#N)C#N
N#CC1CC1
[NH]C1=C(F)OC=NO1
C#Cc1cnno1
O=Cn1nnoc1=O
O=CCNC=O
Cn1cnnn1
Objective: 0.258333333333
Start training discriminator
epoch 0
Discriminator loss: 0.419599980116 Accuracy: 0.741935491562
epoch 1
Discriminator loss: 0.210889205337 Accuracy: 0.93548387289
epoch 2
Discriminator loss: 0.193607345223 Accuracy: 0.967741906643
epoch 3
Discriminator loss: 0.325779944658 Accuracy: 0.806451618671
#########################################################################
Training generator with Reinforcement Learning. Epoch 28
total_batch:  28 g_loss:  150.405
total_batch:  28 test_loss:  8.69033
Unique samples. Pct: 0.690104166667
N#Cc1noccc1N
Nc1nocc1C=O
[NH]C1=N[N]ON=N1
c1ncccnn1
N#Cc1cn[nH]c1C#N
C#Cc1ccno1
O=c1cnoc(F)n1
N#CC1OCC1=O
N#Cc1ccc[nH]n1
N#Cc1nnoc(=O)n1
Verified samples. Pct: 0.791666666667
Nc1nocc1C=O
[NH]C1=N[N]ON=N1
N#Cc1cn[nH]c1C#N
C#Cc1ccno1
O=c1cnoc(F)n1
N#CC1OCC1=O
N#Cc1nnoc(=O)n1
NC(=O)OC(N)=O
[NH][C]1N=NCON=N1
C#CC(O)C(=O)C#N
Objective: 0.261458333333
Start training discriminator
epoch 0
Discriminator loss: 0.328092783689 Accuracy: 0.774193525314
epoch 1
Discriminator loss: 0.292751073837 Accuracy: 0.838709652424
epoch 2
Discriminator loss: 0.304221600294 Accuracy: 0.838709652424
epoch 3
Discriminator loss: 0.321397483349 Accuracy: 0.870967745781
#########################################################################
Training generator with Reinforcement Learning. Epoch 29
total_batch:  29 g_loss:  165.417
total_batch:  29 test_loss:  8.76572
Unique samples. Pct: 0.688020833333
N#CC#Cc1cn[nH]n1
N#Cc1cn[nH]c1C#N
O=[N+]([O-])c1cnc[nH]1
O=Cn1cnnn1
N#Cc1cc[nH]cn1
C#Cc1cnc[nH]n1
N#CC#Cc1cnco1
NC(C=O)C=O
c1cnccn1
Nc1connc1=O
Verified samples. Pct: 0.7921875
N#CC#Cc1cn[nH]n1
N#Cc1cn[nH]c1C#N
O=[N+]([O-])c1cnc[nH]1
O=Cn1cnnn1
N#CC#Cc1cnco1
NC(C=O)C=O
c1cnccn1
Nc1connc1=O
C#CC=O
[NH][C]1ON=NC(=O)O1
Objective: 0.253125
Start training discriminator
epoch 0
Discriminator loss: 0.333844006062 Accuracy: 0.838709652424
epoch 1
Discriminator loss: 0.353785216808 Accuracy: 0.838709652424
epoch 2
Discriminator loss: 0.354702860117 Accuracy: 0.806451618671
epoch 3
Discriminator loss: 0.445895880461 Accuracy: 0.741935491562
#########################################################################
Training generator with Reinforcement Learning. Epoch 30
total_batch:  30 g_loss:  141.695
total_batch:  30 test_loss:  8.797
Unique samples. Pct: 0.66875
CC#CCO
[N]C=NC(F)=O
N#CC(=O)CO
N#Cc1c[nH]c(O)n1
c1nccnn1
N#Cc1cnn[nH]c1=O
c1nc2[nH]nnc2[nH]n1
Nc1nocnc1O
N#Cc1ccoc(=O)n1
C#CC(=N)C(F)(=O)F
Verified samples. Pct: 0.810416666667
CC#CCO
[N]C=NC(F)=O
N#CC(=O)CO
N#Cc1c[nH]c(O)n1
c1nccnn1
N#Cc1cnn[nH]c1=O
N#Cc1ccoc(=O)n1
[NH]C1=NC(F)=N[N]O1
CC#CC#C
Nc1nnoc1N
Objective: 0.257291666667
Start training discriminator
epoch 0
Discriminator loss: 0.256756156683 Accuracy: 0.93548387289
epoch 1
Discriminator loss: 0.329069823027 Accuracy: 0.806451618671
epoch 2
Discriminator loss: 0.285740435123 Accuracy: 0.870967745781
epoch 3
Discriminator loss: 0.27886530757 Accuracy: 0.870967745781
#########################################################################
Training generator with Reinforcement Learning. Epoch 31
total_batch:  31 g_loss:  165.345
total_batch:  31 test_loss:  8.86447
Unique samples. Pct: 0.689583333333
N#CC
[N]=CC(=O)N=C(F)=N1
C#CC#CC=O
O=c1cnc(O)[nH]n1
c1nccnn1
N#CCC#CC=O
CC#CC=O
O=Cc1n[nH]cn1
N#CC(=O)c1nn[nH]c(=O)n1
N#CC1C(N)=N
Verified samples. Pct: 0.807291666667
N#CC
C#CC#CC=O
c1nccnn1
N#CCC#CC=O
CC#CC=O
O=Cc1n[nH]cn1
N#CC(=O)c1nn[nH]c(=O)n1
C#CC(=O)C(F)(F)F
Nc1cccnn1
Nc1cnco1
Objective: 0.269791666667
Start training discriminator
epoch 0
Discriminator loss: 0.224857985973 Accuracy: 0.93548387289
epoch 1
Discriminator loss: 0.377918183804 Accuracy: 0.774193525314
epoch 2
Discriminator loss: 0.255656450987 Accuracy: 0.870967745781
epoch 3
Discriminator loss: 0.340770989656 Accuracy: 0.838709652424
#########################################################################
Training generator with Reinforcement Learning. Epoch 32
total_batch:  32 g_loss:  178.905
total_batch:  32 test_loss:  8.82788
Unique samples. Pct: 0.666145833333
O=CC#Cc1c[nH]nn1
CNC1
Fc1cc(F)cco1
N#CC#CCC#N
O=CC1CO1
C#Cc1noncc1n1
[N][N][C]1OCO1
O=Cc1cnnnc1
CC(=O)C=O
[NH][C]1ON=N(CO)=NO1
Verified samples. Pct: 0.834895833333
O=CC#Cc1c[nH]nn1
N#CC#CCC#N
O=CC1CO1
[N][N][C]1OCO1
O=Cc1cnnnc1
CC(=O)C=O
O=c1cncco1
C#Cc1conn1
O=c1ccocc1O
FC(F)(F)c1ncon1
Objective: 0.263541666667
Start training discriminator
epoch 0
Discriminator loss: 0.537905395031 Accuracy: 0.645161271095
epoch 1
Discriminator loss: 0.299433141947 Accuracy: 0.838709652424
epoch 2
Discriminator loss: 0.367034643888 Accuracy: 0.838709652424
epoch 3
Discriminator loss: 0.42632317543 Accuracy: 0.774193525314
#########################################################################
Training generator with Reinforcement Learning. Epoch 33
total_batch:  33 g_loss:  162.039
total_batch:  33 test_loss:  8.91002
Unique samples. Pct: 0.681770833333
N#CC=O
N#Cc1ncco1
Oc1c[nH]nn1
C#CC#C
O=CNc1ncno1
Nc1nnc2oncn2n1
Fc1ncccn1
C#Cc1coc(=O)o1
C#CC(O)=CN=O
N#CC#Cc1ncon1
Verified samples. Pct: 0.814583333333
N#CC=O
N#Cc1ncco1
Oc1c[nH]nn1
C#CC#C
O=CNc1ncno1
Fc1ncccn1
C#Cc1coc(=O)o1
C#CC(O)=CN=O
N#CC#Cc1ncon1
N#CCC#CC#N
Objective: 0.254166666667
Start training discriminator
epoch 0
Discriminator loss: 0.375947207212 Accuracy: 0.903225779533
epoch 1
Discriminator loss: 0.257673859596 Accuracy: 0.903225779533
epoch 2
Discriminator loss: 0.292169958353 Accuracy: 0.903225779533
epoch 3
Discriminator loss: 0.326507240534 Accuracy: 0.806451618671
#########################################################################
Training generator with Reinforcement Learning. Epoch 34
total_batch:  34 g_loss:  147.894
total_batch:  34 test_loss:  9.03398
Unique samples. Pct: 0.677604166667
CCN
Nc1conc1O
N#Cc1cccnn1
O=c1occcc1O
O=CC1CC1
N#Cc1cnncc1O
O=c1cnonn1
Nc1nonn1
O=Cn1ccnc1O
N#Cc1ccoc1C#N
Verified samples. Pct: 0.819270833333
CCN
Nc1conc1O
N#Cc1cccnn1
O=c1occcc1O
O=CC1CC1
N#Cc1cnncc1O
O=c1cnonn1
Nc1nonn1
O=Cn1ccnc1O
N#Cc1ccoc1C#N
Objective: 0.249479166667
Start training discriminator
epoch 0
Discriminator loss: 0.46220600605 Accuracy: 0.774193525314
epoch 1
Discriminator loss: 0.409169226885 Accuracy: 0.774193525314
epoch 2
Discriminator loss: 0.346983790398 Accuracy: 0.838709652424
epoch 3
Discriminator loss: 0.429977744818 Accuracy: 0.709677398205
#########################################################################
Training generator with Reinforcement Learning. Epoch 35
total_batch:  35 g_loss:  148.679
total_batch:  35 test_loss:  9.09324
Unique samples. Pct: 0.686458333333
C=CN(C=O)C=O
ON=C1CNC1
C#Cc1nnc(=O)on1
N#Cc1ncoc1C#N
[NH]C1=NC=NOC1=O
C#CC(=O)c1conn1
C#CC#CC=O
Fc1c[nH]cn1
Fc1cccc[nH1
O=CC1CO1
Verified samples. Pct: 0.8078125
C=CN(C=O)C=O
ON=C1CNC1
C#Cc1nnc(=O)on1
N#Cc1ncoc1C#N
[NH]C1=NC=NOC1=O
C#CC(=O)c1conn1
C#CC#CC=O
Fc1c[nH]cn1
O=CC1CO1
c1nnc2occn12
Objective: 0.250520833333
Start training discriminator
epoch 0
Discriminator loss: 0.303160071373 Accuracy: 0.93548387289
epoch 1
Discriminator loss: 0.459384381771 Accuracy: 0.806451618671
epoch 2
Discriminator loss: 0.314507395029 Accuracy: 0.806451618671
epoch 3
Discriminator loss: 0.447598665953 Accuracy: 0.774193525314
#########################################################################
Training generator with Reinforcement Learning. Epoch 36
total_batch:  36 g_loss:  143.423
total_batch:  36 test_loss:  9.07967
Unique samples. Pct: 0.672916666667
CC(F)(F)F
N#CC#CC(N)=O
[NH][CH]ON=CO1
N#CCC(F)(F)F
C#CCC#N
N#CCN
O=Cn1cncn1
C=Oc1ccno1
O=Cc1cnc[nH]1
N#Cc1cncnc1F
Verified samples. Pct: 0.816666666667
CC(F)(F)F
N#CC#CC(N)=O
N#CCC(F)(F)F
C#CCC#N
N#CCN
O=Cn1cncn1
O=Cc1cnc[nH]1
N#Cc1cncnc1F
C
C#CCO
Objective: 0.236458333333
Start training discriminator
epoch 0
Discriminator loss: 0.466562330723 Accuracy: 0.774193525314
epoch 1
Discriminator loss: 0.350308746099 Accuracy: 0.838709652424
epoch 2
Discriminator loss: 0.391805887222 Accuracy: 0.741935491562
epoch 3
Discriminator loss: 0.415510207415 Accuracy: 0.806451618671
#########################################################################
Training generator with Reinforcement Learning. Epoch 37
total_batch:  37 g_loss:  159.713
total_batch:  37 test_loss:  9.14358
Unique samples. Pct: 0.661979166667
N#Cc1cocn1
Nc1nnon1
N#CC#CC#N
Oc1cn[nH]n1
C#Cc1ccnc1n1
C#Cc1nn[nH]n1
N#Cc1coc(C#N)n1
CC#CC#N
N#CC1C=NOC1=O
N#CC(=O)C(F)(F)F
Verified samples. Pct: 0.833333333333
N#Cc1cocn1
Nc1nnon1
N#CC#CC#N
Oc1cn[nH]n1
C#Cc1nn[nH]n1
N#Cc1coc(C#N)n1
CC#CC#N
N#CC1C=NOC1=O
N#CC(=O)C(F)(F)F
N#Cc1ccno1
Objective: 0.230729166667
Start training discriminator
epoch 0
Discriminator loss: 0.250014305115 Accuracy: 0.903225779533
epoch 1
Discriminator loss: 0.353177636862 Accuracy: 0.870967745781
epoch 2
Discriminator loss: 0.421491831541 Accuracy: 0.741935491562
epoch 3
Discriminator loss: 0.354555368423 Accuracy: 0.806451618671
#########################################################################
Training generator with Reinforcement Learning. Epoch 38
total_batch:  38 g_loss:  135.125
total_batch:  38 test_loss:  9.16128
Unique samples. Pct: 0.644270833333
COc1ncon1
O=COc1ncno1
Cc1conn1
O=c1onnnn1
NC(=O)c1nnon1
N#Cc1nonc1O
O=COc1cnno1
C#Cc1n[nH]c(=O)o1
N#Cc1c[nH]cn1
NC(=O)C#CC=O
Verified samples. Pct: 0.822916666667
COc1ncon1
O=COc1ncno1
Cc1conn1
O=c1onnnn1
NC(=O)c1nnon1
N#Cc1nonc1O
O=COc1cnno1
C#Cc1n[nH]c(=O)o1
N#Cc1c[nH]cn1
NC(=O)C#CC=O
Objective: 0.211979166667
Start training discriminator
epoch 0
Discriminator loss: 0.223077014089 Accuracy: 0.903225779533
epoch 1
Discriminator loss: 0.469259470701 Accuracy: 0.774193525314
epoch 2
Discriminator loss: 0.319953024387 Accuracy: 0.838709652424
epoch 3
Discriminator loss: 0.285780519247 Accuracy: 0.870967745781
#########################################################################
Training generator with Reinforcement Learning. Epoch 39
total_batch:  39 g_loss:  127.773
total_batch:  39 test_loss:  9.25788
Unique samples. Pct: 0.647395833333
c1onc2onnn12
N#Cc1cnno1
N#CC#CC#C
O=c1ocno1
N#CC(=O)C#CC
N#Cc1cnno1
O=[N+]([O-])c1cnn[nH]1
O=c1ccnc(=O)on1
CCO
C#CC#CCC#N
Verified samples. Pct: 0.833333333333
N#Cc1cnno1
N#CC#CC#C
O=c1ocno1
N#CC(=O)C#CC
N#Cc1cnno1
O=[N+]([O-])c1cnn[nH]1
CCO
C#CC#CCC#N
C#Cc1ncno1
N#Cc1ncno1
Objective: 0.226041666667
Start training discriminator
epoch 0
Discriminator loss: 0.406355977058 Accuracy: 0.774193525314
epoch 1
Discriminator loss: 0.527728319168 Accuracy: 0.774193525314
epoch 2
Discriminator loss: 0.430753022432 Accuracy: 0.774193525314
epoch 3
Discriminator loss: 0.240599751472 Accuracy: 0.967741906643
#########################################################################
Training generator with Reinforcement Learning. Epoch 40
total_batch:  40 g_loss:  148.323
total_batch:  40 test_loss:  9.2999
Unique samples. Pct: 0.6578125
NC=O
N#Cc1n[nH]c(F)c1
N#Cc1ncnnn1
O=c1cc(O)n[nH]1
CC(=O)C(F)(F)F
N#CC(=O)C
C#CC#CC=O
N#CC#Cc1ncnnn1
NC(=N)=O
N#CC#CC(O)C#N
Verified samples. Pct: 0.829166666667
NC=O
N#Cc1n[nH]c(F)c1
N#Cc1ncnnn1
CC(=O)C(F)(F)F
N#CC(=O)C
C#CC#CC=O
N#CC#Cc1ncnnn1
N#CC#CC(O)C#N
[NH]C1=NCN=CO1
CCC(F)(F)F
Objective: 0.223958333333
Start training discriminator
epoch 0
Discriminator loss: 0.321480900049 Accuracy: 0.870967745781
epoch 1
Discriminator loss: 0.414308547974 Accuracy: 0.806451618671
epoch 2
Discriminator loss: 0.263385355473 Accuracy: 0.838709652424
epoch 3
Discriminator loss: 0.29034537077 Accuracy: 0.838709652424
#########################################################################
Training generator with Reinforcement Learning. Epoch 41
total_batch:  41 g_loss:  185.317
total_batch:  41 test_loss:  9.30326
Unique samples. Pct: 0.630208333333
Nc1conc1
N#Cc1ncno1
O=c1occnc1F
O=COc1cnoc1
Nc1cnco1
O=c1nconc1F
N#CC1OC1C#N
N#CC(=O)c1ncno1
N#Cc1nc(=O)ocn1
CC(F)(F)F
Verified samples. Pct: 0.852604166667
Nc1conc1
N#Cc1ncno1
O=c1occnc1F
O=COc1cnoc1
Nc1cnco1
O=c1nconc1F
N#CC1OC1C#N
N#CC(=O)c1ncno1
N#Cc1nc(=O)ocn1
CC(F)(F)F
Objective: 0.20625
Start training discriminator
epoch 0
Discriminator loss: 0.387150883675 Accuracy: 0.806451618671
epoch 1
Discriminator loss: 0.39226552844 Accuracy: 0.838709652424
epoch 2
Discriminator loss: 0.320278376341 Accuracy: 0.838709652424
epoch 3
Discriminator loss: 0.405039548874 Accuracy: 0.741935491562
#########################################################################
Training generator with Reinforcement Learning. Epoch 42
total_batch:  42 g_loss:  172.695
total_batch:  42 test_loss:  9.30359
Unique samples. Pct: 0.639583333333
C#Cc1cc[nH]n1
O=c1[nH]cno1
Oc1cn[nH]c1
O=CCC#N
O=c1ccc(F)oc1
C#CC1CO
O=c1cnc(N)no1
O=Cc1noc(=O)[nH]1
O=Cc1ncno1
N#Cc1cnoc1C=O
Verified samples. Pct: 0.852604166667
C#Cc1cc[nH]n1
O=c1[nH]cno1
Oc1cn[nH]c1
O=CCC#N
O=c1cnc(N)no1
O=Cc1noc(=O)[nH]1
O=Cc1ncno1
N#Cc1cnoc1C=O
C#Cc1noc(=O)o1
N#Cc1cn[nH]n1
Objective: 0.215104166667
Start training discriminator
epoch 0
Discriminator loss: 0.411294639111 Accuracy: 0.774193525314
epoch 1
Discriminator loss: 0.370383739471 Accuracy: 0.838709652424
epoch 2
Discriminator loss: 0.334209382534 Accuracy: 0.774193525314
epoch 3
Discriminator loss: 0.397578060627 Accuracy: 0.741935491562
#########################################################################
Training generator with Reinforcement Learning. Epoch 43
total_batch:  43 g_loss:  148.961
total_batch:  43 test_loss:  9.39342
Unique samples. Pct: 0.6296875
N#Cc1cnon1
N#Cc1cnoc1
N#CCc1cnno1
N#C
C#Cc1ccn[nH]1
N#Cc1cn[nH]c1O
Nc1nnoc(=O)n1
O=COc1ncon1
O=Cn1ccnn1
O=CC[C](=O)C#N
Verified samples. Pct: 0.8546875
N#Cc1cnon1
N#Cc1cnoc1
N#CCc1cnno1
N#C
C#Cc1ccn[nH]1
N#Cc1cn[nH]c1O
Nc1nnoc(=O)n1
O=COc1ncon1
O=Cn1ccnn1
O=CC[C](=O)C#N
Objective: 0.209895833333
Start training discriminator
epoch 0
Discriminator loss: 0.337613344193 Accuracy: 0.838709652424
epoch 1
Discriminator loss: 0.467521429062 Accuracy: 0.741935491562
epoch 2
Discriminator loss: 0.409543812275 Accuracy: 0.806451618671
epoch 3
Discriminator loss: 0.477987259626 Accuracy: 0.806451618671
#########################################################################
Training generator with Reinforcement Learning. Epoch 44
total_batch:  44 g_loss:  180.096
total_batch:  44 test_loss:  9.33222
Unique samples. Pct: 0.659375
C#Cc1cncno1
C#CC(=O)C(=O)C=O
c1ccnnc1
C#Cc1ncnoc1=O
N#Cc1cnoc(=O)n1
C#CC(=O)C(F)=O
CCC#CC#N
C#CCO
N#CC(=O)C#CCC#N
Oc1nc(O)no1
Verified samples. Pct: 0.841145833333
C#CC(=O)C(=O)C=O
c1ccnnc1
C#Cc1ncnoc1=O
N#Cc1cnoc(=O)n1
C#CC(=O)C(F)=O
CCC#CC#N
C#CCO
N#CC(=O)C#CCC#N
Oc1nc(O)no1
O=CC1CO1
Objective: 0.223958333333
Start training discriminator
epoch 0
Discriminator loss: 0.318196028471 Accuracy: 0.903225779533
epoch 1
Discriminator loss: 0.417476564646 Accuracy: 0.838709652424
epoch 2
Discriminator loss: 0.400061637163 Accuracy: 0.806451618671
epoch 3
Discriminator loss: 0.485760331154 Accuracy: 0.741935491562
#########################################################################
Training generator with Reinforcement Learning. Epoch 45
total_batch:  45 g_loss:  123.497
total_batch:  45 test_loss:  9.31905
Unique samples. Pct: 0.6703125
O=c1cnocc1F
Nc1onno1
NC(O)(C#N)C#N
C#Cc1noc(C#N)n1
O=COc1cnno1
O=Cc1conn1
C#CCO
O=Cc1ncc(C#C)o1
COc1c[nH]nn1
O=c1ccocc1F
Verified samples. Pct: 0.830208333333
O=c1cnocc1F
NC(O)(C#N)C#N
C#Cc1noc(C#N)n1
O=COc1cnno1
O=Cc1conn1
C#CCO
O=Cc1ncc(C#C)o1
COc1c[nH]nn1
O=c1ccocc1F
N#Cc1cnoc1C=O
Objective: 0.234895833333
Start training discriminator
epoch 0
Discriminator loss: 0.354703038931 Accuracy: 0.870967745781
epoch 1
Discriminator loss: 0.236636146903 Accuracy: 0.838709652424
epoch 2
Discriminator loss: 0.236453026533 Accuracy: 0.806451618671
epoch 3
Discriminator loss: 0.513194084167 Accuracy: 0.645161271095
#########################################################################
Training generator with Reinforcement Learning. Epoch 46
total_batch:  46 g_loss:  156.534
total_batch:  46 test_loss:  9.28372
Unique samples. Pct: 0.6609375
O=Cc1n[nH]nn1
O=COc1cnon1
O=Cc1ncoc1
O=Cc1ncn[nH]1
O=c1cnocc1F
O=c1cccn[nH]1
Nc1c[nH]nn1
O=CCNC=O
Nc1nocnn1
N#CC1OC1CO1
Verified samples. Pct: 0.843229166667
O=Cc1n[nH]nn1
O=COc1cnon1
O=Cc1ncoc1
O=Cc1ncn[nH]1
O=c1cnocc1F
O=c1cccn[nH]1
Nc1c[nH]nn1
O=CCNC=O
O=CCOC#CC=O
O=CC#Cc1cnon1
Objective: 0.239583333333
Start training discriminator
epoch 0
Discriminator loss: 0.306629478931 Accuracy: 0.870967745781
epoch 1
Discriminator loss: 0.335979312658 Accuracy: 0.870967745781
epoch 2
Discriminator loss: 0.302467823029 Accuracy: 0.903225779533
epoch 3
Discriminator loss: 0.442069232464 Accuracy: 0.741935491562
#########################################################################
Training generator with Reinforcement Learning. Epoch 47
total_batch:  47 g_loss:  172.262
total_batch:  47 test_loss:  9.32221
Unique samples. Pct: 0.6703125
FC(F)CC#N
ONC1CCO1
O=CC2OCC#N
N#CCO
C#Cc1cn[nH]n1
N#Cc1ocnc1C=O
C#Cc1ccno1
C#C[C]1N=NOC(=O)O1
O=C1COC1
C#CCOC(F)(F)F
Verified samples. Pct: 0.827604166667
FC(F)CC#N
ONC1CCO1
N#CCO
C#Cc1cn[nH]n1
N#Cc1ocnc1C=O
C#Cc1ccno1
C#C[C]1N=NOC(=O)O1
O=C1COC1
C#CCOC(F)(F)F
O=c1occcn1
Objective: 0.232291666667
Start training discriminator
epoch 0
Discriminator loss: 0.565681099892 Accuracy: 0.677419364452
epoch 1
Discriminator loss: 0.481758385897 Accuracy: 0.612903237343
epoch 2
Discriminator loss: 0.464591264725 Accuracy: 0.774193525314
epoch 3
Discriminator loss: 0.386744379997 Accuracy: 0.806451618671
#########################################################################
Training generator with Reinforcement Learning. Epoch 48
total_batch:  48 g_loss:  161.885
total_batch:  48 test_loss:  9.41154
Unique samples. Pct: 0.658854166667
N#Cc1nc(O)cno1
O=CNC(F)(F)F
CC#Cc1cn[nH]1
N#Cc1coc(=O)[nH]1
N#Cc1onnc1N
O=CCC(F)=O
O=Cn1ccno1
[NH][C]1OC=NNC1=O
N#Cc1oc(=O)cn[nH]1
Oc1cnnnc1
Verified samples. Pct: 0.842708333333
O=CNC(F)(F)F
N#Cc1coc(=O)[nH]1
N#Cc1onnc1N
O=CCC(F)=O
[NH][C]1OC=NNC1=O
Oc1cnnnc1
C#CC1COC1=O
N#Cc1noc(C=O)n1
c1nnc2onnc-2n1
NC(=O)C=O
Objective: 0.23125
Start training discriminator
epoch 0
Discriminator loss: 0.507641673088 Accuracy: 0.741935491562
epoch 1
Discriminator loss: 0.448154836893 Accuracy: 0.774193525314
epoch 2
Discriminator loss: 0.464861124754 Accuracy: 0.677419364452
epoch 3
Discriminator loss: 0.501288294792 Accuracy: 0.741935491562
#########################################################################
Training generator with Reinforcement Learning. Epoch 49
total_batch:  49 g_loss:  148.489
total_batch:  49 test_loss:  9.38294
Unique samples. Pct: 0.6625
O=Cc1ccoc1
O=c1ccoc(F)c1F
N#Cc1n[nH]c(C#N)n1
O=Cc1cnco1
CC(N)=O
O=c1ncocc1F
[NH][C]1N=ONC=NO1
N#CC(O)c1cnon1
O=CCC(F)(F)F
NC(=O)c1cnnn1
Verified samples. Pct: 0.854166666667
O=Cc1ccoc1
O=c1ccoc(F)c1F
N#Cc1n[nH]c(C#N)n1
O=Cc1cnco1
CC(N)=O
O=c1ncocc1F
N#CC(O)c1cnon1
O=CCC(F)(F)F
O=Cc1cnco1
N#CCO
Objective: 0.251041666667
Start training discriminator
epoch 0
Discriminator loss: 0.379231184721 Accuracy: 0.870967745781
epoch 1
Discriminator loss: 0.337898433208 Accuracy: 0.774193525314
epoch 2
Discriminator loss: 0.370029658079 Accuracy: 0.806451618671
epoch 3
Discriminator loss: 0.2842926085 Accuracy: 0.93548387289
#########################################################################
Training generator with Reinforcement Learning. Epoch 50
total_batch:  50 g_loss:  148.731
total_batch:  50 test_loss:  9.28052
Unique samples. Pct: 0.683333333333
N#Cc1ncc[nH]1
N#Cc1nocnc1=O
O=c1cnonc1F
ON=CNC=O
[NH][C]1N=NON=CC=O1
O=C#Cc1cnoc1
C#Cc1oncnc1=O
N#Cc1cocc1
O=[N+]([O-])c1cnco1
O=COc1cocn1
Verified samples. Pct: 0.864583333333
N#Cc1ncc[nH]1
N#Cc1nocnc1=O
O=c1cnonc1F
ON=CNC=O
N#Cc1cocc1
O=[N+]([O-])c1cnco1
O=COc1cocn1
O=C1CNC1
O=c1cnocc1F
CC(F)(F)F
Objective: 0.279166666667
Start training discriminator
epoch 0
Discriminator loss: 0.431258410215 Accuracy: 0.774193525314
epoch 1
Discriminator loss: 0.200383991003 Accuracy: 0.93548387289
epoch 2
Discriminator loss: 0.397422969341 Accuracy: 0.709677398205
epoch 3
Discriminator loss: 0.391128122807 Accuracy: 0.774193525314
#########################################################################
Training generator with Reinforcement Learning. Epoch 51
total_batch:  51 g_loss:  173.193
total_batch:  51 test_loss:  9.31318
Unique samples. Pct: 0.715625
N#CC(=O)c1conn1
N#Cc1ncnnn1
CC(=O)C(F)(F)F
O=c1occ(F)oc1=O
Oc1ncnc1O
O=c1cnonc1
C#CC#Cc1cnon1
Nc1cnn[nH]1
O=c1cc(F)n[nH]1
[NH]C1=C[N]C(F)=NO1
Verified samples. Pct: 0.854166666667
N#CC(=O)c1conn1
N#Cc1ncnnn1
CC(=O)C(F)(F)F
O=c1occ(F)oc1=O
O=c1cnonc1
C#CC#Cc1cnon1
Nc1cnn[nH]1
[NH]C1=C[N]C(F)=NO1
O=COc1ncco1
c1nnc2onnn12
Objective: 0.292708333333
Start training discriminator
epoch 0
Discriminator loss: 0.310216188431 Accuracy: 0.838709652424
epoch 1
Discriminator loss: 0.261641860008 Accuracy: 0.870967745781
epoch 2
Discriminator loss: 0.432576209307 Accuracy: 0.806451618671
epoch 3
Discriminator loss: 0.400302559137 Accuracy: 0.806451618671
#########################################################################
Training generator with Reinforcement Learning. Epoch 52
total_batch:  52 g_loss:  192.892
total_batch:  52 test_loss:  9.3052
Unique samples. Pct: 0.70625
C#Cc1ccco1
N#Cc1ccno1
O=CC#CC=O
Fc1ccc(F)o1
N#Cc1oncnc1=O
O=c1ccc(F)on1
C#CC(=O)c1cnon1
O=C1COCC1
O=COc1cnc(=O)on1
O=Cc1conn1
Verified samples. Pct: 0.833854166667
C#Cc1ccco1
N#Cc1ccno1
O=CC#CC=O
Fc1ccc(F)o1
C#CC(=O)c1cnon1
O=C1COCC1
O=COc1cnc(=O)on1
O=Cc1conn1
Cc1ncon1
N#CC1=CNC([NH])O1
Objective: 0.2828125
Start training discriminator
epoch 0
Discriminator loss: 0.270854085684 Accuracy: 0.870967745781
epoch 1
Discriminator loss: 0.325098305941 Accuracy: 0.903225779533
epoch 2
Discriminator loss: 0.592077851295 Accuracy: 0.677419364452
epoch 3
Discriminator loss: 0.41828635335 Accuracy: 0.806451618671
#########################################################################
Training generator with Reinforcement Learning. Epoch 53
total_batch:  53 g_loss:  182.195
total_batch:  53 test_loss:  9.36479
Unique samples. Pct: 0.711979166667
N#Cc1coc(C=O)n1
CC#Cc1conn1
C#Cc1cn[nH]c1
[NH][C]1OC(C=O)=NO1
O=c1cccco1
O=c1cc[nH]cc1F
N#Cc1nn[nH]n1
N#CC#CC#CCO
C#Cc1ccon1
N#C[C]1N=NNN(OC1=O
Verified samples. Pct: 0.858333333333
N#Cc1coc(C=O)n1
CC#Cc1conn1
C#Cc1cn[nH]c1
[NH][C]1OC(C=O)=NO1
O=c1cccco1
O=c1cc[nH]cc1F
N#Cc1nn[nH]n1
N#CC#CC#CCO
C#Cc1ccon1
Oc1cnnnc1F
Objective: 0.290625
Start training discriminator
epoch 0
Discriminator loss: 0.362290769815 Accuracy: 0.870967745781
epoch 1
Discriminator loss: 0.345045417547 Accuracy: 0.806451618671
epoch 2
Discriminator loss: 0.486999213696 Accuracy: 0.677419364452
epoch 3
Discriminator loss: 0.331960827112 Accuracy: 0.838709652424
#########################################################################
Training generator with Reinforcement Learning. Epoch 54
total_batch:  54 g_loss:  174.953
total_batch:  54 test_loss:  9.29377
Unique samples. Pct: 0.700520833333
N#CC(=O)C(F)(F)F
O=COC(N)C#N
Nc1nc(O)no1
C#Cc1cncon1
C#Cc1ncno1
O=CC(=O)C(=O)C(F)(F)F
CC(O)C#N
O=C=Occncnn1
C#Cc1nnn[nH]1
N#Cc1nc(F)c(F)nn1
Verified samples. Pct: 0.853645833333
N#CC(=O)C(F)(F)F
O=COC(N)C#N
Nc1nc(O)no1
C#Cc1ncno1
O=CC(=O)C(=O)C(F)(F)F
CC(O)C#N
C#Cc1nnn[nH]1
N#Cc1nc(F)c(F)nn1
N#Cc1cocnc1=O
C#CC(=O)c1ccon1
Objective: 0.294791666667
Start training discriminator
epoch 0
Discriminator loss: 0.449882119894 Accuracy: 0.741935491562
epoch 1
Discriminator loss: 0.454471409321 Accuracy: 0.741935491562
epoch 2
Discriminator loss: 0.396327227354 Accuracy: 0.806451618671
epoch 3
Discriminator loss: 0.437238872051 Accuracy: 0.806451618671
#########################################################################
Training generator with Reinforcement Learning. Epoch 55
total_batch:  55 g_loss:  164.43
total_batch:  55 test_loss:  9.28048
Unique samples. Pct: 0.695833333333
NC(=O)CC=O
Nc1c[nH]nn1
Fc1cncnc1
Fc1ncccc1F
N#CCC=O
N#CCOC=O
O=[NH]C(=O)[N]NN=NO1
O=Cn1ncc(F)c1
CC1CO1
N#Cc1cnoc(=O)n1
Verified samples. Pct: 0.872916666667
NC(=O)CC=O
Nc1c[nH]nn1
Fc1cncnc1
Fc1ncccc1F
N#CCC=O
N#CCOC=O
O=Cn1ncc(F)c1
CC1CO1
N#Cc1cnoc(=O)n1
[NH][C]1ON=NNC(=O)O1
Objective: 0.2984375
Start training discriminator
epoch 0
Discriminator loss: 0.392013192177 Accuracy: 0.806451618671
epoch 1
Discriminator loss: 0.54753613472 Accuracy: 0.741935491562
epoch 2
Discriminator loss: 0.36877477169 Accuracy: 0.806451618671
epoch 3
Discriminator loss: 0.228306189179 Accuracy: 0.870967745781
#########################################################################
Training generator with Reinforcement Learning. Epoch 56
total_batch:  56 g_loss:  157.166
total_batch:  56 test_loss:  9.17513
Unique samples. Pct: 0.694791666667
C#Cc1nnc(=O)on1
N#CC1C(C#N)C=O
C#Cc1noncc1=O
N#Cc1n[nH]nc1F
O=COc1cocn1
[NH]C1=NC=NOC(=O)N1
O=C#CC(N)(F)F
N#Cc1cnoc(=O)n1
O=Cc1ncco1
N#Cn1n[nH]c(=O)[NH])#
Verified samples. Pct: 0.8625
C#Cc1nnc(=O)on1
C#Cc1noncc1=O
N#Cc1n[nH]nc1F
O=COc1cocn1
[NH]C1=NC=NOC(=O)N1
N#Cc1cnoc(=O)n1
O=Cc1ncco1
NC(=O)c1nnon1
Nc1noc(F)c1F
[NH][C]1OC(O)=NOC(=O)O1
Objective: 0.283854166667
Start training discriminator
epoch 0
Discriminator loss: 0.158407881856 Accuracy: 0.903225779533
epoch 1
Discriminator loss: 0.380412936211 Accuracy: 0.838709652424
epoch 2
Discriminator loss: 0.562237262726 Accuracy: 0.838709652424
epoch 3
Discriminator loss: 0.382701843977 Accuracy: 0.774193525314
#########################################################################
Training generator with Reinforcement Learning. Epoch 57
total_batch:  57 g_loss:  172.35
total_batch:  57 test_loss:  9.15051
Unique samples. Pct: 0.677083333333
O=COc1cnnnn1
N#Cc1conc1C#C
O=Cc1ncco1
N#Cc1cnoc1
N#Cc1oc(=O)oc1O
Cc1ncon1
[NH][C]1NN=NNC(=O)O1
N#Cc1nonnc1=O
CC(=O)c1cnon1
CNC(=O)C#N
Verified samples. Pct: 0.863541666667
O=COc1cnnnn1
N#Cc1conc1C#C
O=Cc1ncco1
N#Cc1cnoc1
N#Cc1oc(=O)oc1O
Cc1ncon1
[NH][C]1NN=NNC(=O)O1
N#Cc1nonnc1=O
CC(=O)c1cnon1
CNC(=O)C#N
Objective: 0.286458333333
Start training discriminator
epoch 0
Discriminator loss: 0.308810293674 Accuracy: 0.903225779533
epoch 1
Discriminator loss: 0.499347120523 Accuracy: 0.645161271095
epoch 2
Discriminator loss: 0.286426186562 Accuracy: 0.870967745781
epoch 3
Discriminator loss: 0.403174042702 Accuracy: 0.774193525314
#########################################################################
Training generator with Reinforcement Learning. Epoch 58
total_batch:  58 g_loss:  151.248
total_batch:  58 test_loss:  9.18213
Unique samples. Pct: 0.694270833333
O=c1cnc(F)oc1F
N#Cc1cc[nH]n1
c1nonc1C#N
Cn1ncoc1=O
N#Cc1cn[nH]c1
Cc1cnon1
C#Cc1nonnc1=O
NC(=O)C#CCn1
CC(=O)n1cnon1
N#CC(=O)c1ccno1
Verified samples. Pct: 0.859375
N#Cc1cc[nH]n1
c1nonc1C#N
Cn1ncoc1=O
N#Cc1cn[nH]c1
Cc1cnon1
C#Cc1nonnc1=O
N#CC(=O)c1ccno1
CO
N#Cc1ncoc1N
CN=C=NC(=O)C=O
Objective: 0.29375
Start training discriminator
epoch 0
Discriminator loss: 0.354835748672 Accuracy: 0.774193525314
epoch 1
Discriminator loss: 0.266748458147 Accuracy: 0.774193525314
epoch 2
Discriminator loss: 0.360085994005 Accuracy: 0.870967745781
epoch 3
Discriminator loss: 0.364391714334 Accuracy: 0.870967745781
#########################################################################
Training generator with Reinforcement Learning. Epoch 59
total_batch:  59 g_loss:  161.819
total_batch:  59 test_loss:  9.15028
Unique samples. Pct: 0.695833333333
O=COc1nc(O)no1
N#CC#Cc1conn1
N#CC(O)C(N)=O
O=c1onncc1F
O=CCn1ncnn1
O=Cn1ncnn1
N#Cc1cn[nH]c1
N#CCC(=O)C#CC#N
N#Cc1ncnco1
N#CC#Cc1cnoc1
Verified samples. Pct: 0.852604166667
O=COc1nc(O)no1
N#CC#Cc1conn1
N#CC(O)C(N)=O
O=c1onncc1F
O=CCn1ncnn1
O=Cn1ncnn1
N#Cc1cn[nH]c1
N#CCC(=O)C#CC#N
N#CC#Cc1cnoc1
C#CC(=O)C#CCO
Objective: 0.283854166667
Start training discriminator
epoch 0
Discriminator loss: 0.491827696562 Accuracy: 0.677419364452
epoch 1
Discriminator loss: 0.355823904276 Accuracy: 0.838709652424
epoch 2
Discriminator loss: 0.406990587711 Accuracy: 0.806451618671
epoch 3
Discriminator loss: 0.282044649124 Accuracy: 0.870967745781
#########################################################################
Training generator with Reinforcement Learning. Epoch 60
total_batch:  60 g_loss:  157.628
total_batch:  60 test_loss:  9.13618
Unique samples. Pct: 0.707291666667
O=CC1NCC1=O
C#CC(O)C=O
CC(=O)C(O)C#N
c1nc2[nH]ccnn1
N#CC#CC#CCC#N
O=CC#C[C]([N+](=O)[CH])O[NH]1
O=COc1ccno1
OCc1nnnn1
N#CCC(=O)C#CC#N
O=Cc1cncnn1
Verified samples. Pct: 0.854166666667
O=CC1NCC1=O
C#CC(O)C=O
CC(=O)C(O)C#N
N#CC#CC#CCC#N
O=COc1ccno1
N#CCC(=O)C#CC#N
O=Cc1cncnn1
C#CC(O)C=O
N#N.[NH][C]([NH])OC=O
Oc1c[nH]nn1
Objective: 0.286979166667
Start training discriminator
epoch 0
Discriminator loss: 0.496011316776 Accuracy: 0.709677398205
epoch 1
Discriminator loss: 0.298069149256 Accuracy: 0.93548387289
epoch 2
Discriminator loss: 0.261331528425 Accuracy: 0.870967745781
epoch 3
Discriminator loss: 0.328866362572 Accuracy: 0.806451618671
#########################################################################
Training generator with Reinforcement Learning. Epoch 61
total_batch:  61 g_loss:  155.029
total_batch:  61 test_loss:  9.16216
Unique samples. Pct: 0.684895833333
Nc1nonc1C=O
NC(=O)c1ncon1
O=CC(O)C=O
O=Cn1cnc(F)c1
N#CCC(=O)C#CC#CC#N
C#Cc1ncc(=O)on1
N#Cc1nonc1N
O=c1occc(F)n1
N#CC#Cc1nonc1C#N
N#CC#CCOC#C
Verified samples. Pct: 0.870833333333
Nc1nonc1C=O
NC(=O)c1ncon1
O=CC(O)C=O
O=Cn1cnc(F)c1
N#CCC(=O)C#CC#CC#N
C#Cc1ncc(=O)on1
N#Cc1nonc1N
O=c1occc(F)n1
N#CC#Cc1nonc1C#N
N#CC#CCOC#C
Objective: 0.276041666667
Start training discriminator
epoch 0
Discriminator loss: 0.418702661991 Accuracy: 0.806451618671
epoch 1
Discriminator loss: 0.502807676792 Accuracy: 0.677419364452
epoch 2
Discriminator loss: 0.360345512629 Accuracy: 0.806451618671
epoch 3
Discriminator loss: 0.321819156408 Accuracy: 0.870967745781
#########################################################################
Training generator with Reinforcement Learning. Epoch 62
total_batch:  62 g_loss:  154.175
total_batch:  62 test_loss:  9.09444
Unique samples. Pct: 0.6875
O=COC(O)C#N
CC1OC1C=O
N#Cc1cnoc(=O)n1
N#CC(O)C=O
C#Cc1ncoc(=O)n1
N#Cc1ccnn1
N=COC(F)F
O=CNC(F)(F)F
O=Cc1cnno1
O=c1ccoc(F)n1
Verified samples. Pct: 0.863020833333
O=COC(O)C#N
CC1OC1C=O
N#Cc1cnoc(=O)n1
N#CC(O)C=O
C#Cc1ncoc(=O)n1
N=COC(F)F
O=CNC(F)(F)F
O=Cc1cnno1
O=c1ccoc(F)n1
O=Cc1cnn[nH]1
Objective: 0.280729166667
Start training discriminator
epoch 0
Discriminator loss: 0.276725381613 Accuracy: 0.870967745781
epoch 1
Discriminator loss: 0.21777908504 Accuracy: 0.967741906643
epoch 2
Discriminator loss: 0.256784021854 Accuracy: 0.903225779533
epoch 3
Discriminator loss: 0.38274744153 Accuracy: 0.806451618671
#########################################################################
Training generator with Reinforcement Learning. Epoch 63
total_batch:  63 g_loss:  141.72
total_batch:  63 test_loss:  9.11312
Unique samples. Pct: 0.6625
O=Cn1ncnc1
Cn1cnoc1=O
N#CC(=O)CC=O
C#CCOc1nn[nH]1
O=c1nc(O)nco1
CC(=O)CNC=O
N#Cc1nonnc1=O
[N][N][C](=NOC=NO=[N](F)=O)(F
c1cn2nnnn2n1
CC(=O)C#CC=O
Verified samples. Pct: 0.880729166667
O=Cn1ncnc1
Cn1cnoc1=O
N#CC(=O)CC=O
O=c1nc(O)nco1
CC(=O)CNC=O
N#Cc1nonnc1=O
CC(=O)C#CC=O
O=Cc1ncn[nH]1
O=c1cconc1F
O=C1OCC1O
Objective: 0.279166666667
Start training discriminator
epoch 0
Discriminator loss: 0.26926702261 Accuracy: 0.870967745781
epoch 1
Discriminator loss: 0.283353239298 Accuracy: 0.838709652424
epoch 2
Discriminator loss: 0.329157680273 Accuracy: 0.838709652424
epoch 3
Discriminator loss: 0.287763893604 Accuracy: 0.870967745781
#########################################################################
Training generator with Reinforcement Learning. Epoch 64
total_batch:  64 g_loss:  192.738
total_batch:  64 test_loss:  9.14851
Unique samples. Pct: 0.659375
O=c1ncnoc1
COC(=O)C#N
N=CNC(=O)C#N
O=CC#Cc1ncon1
CC(F)(F)F
C#Cc1noc(=O)[nH]1
c1ncc(F)nc1
C
C#CC#CC#CC#CC
O=COCC(F)(F)F
Verified samples. Pct: 0.8546875
COC(=O)C#N
N=CNC(=O)C#N
O=CC#Cc1ncon1
CC(F)(F)F
C#Cc1noc(=O)[nH]1
c1ncc(F)nc1
C
C#CC#CC#CC#CC
O=COCC(F)(F)F
N#CC(O)c1nnon1
Objective: 0.2578125
Start training discriminator
epoch 0
Discriminator loss: 0.329559892416 Accuracy: 0.838709652424
epoch 1
Discriminator loss: 0.368616849184 Accuracy: 0.806451618671
epoch 2
Discriminator loss: 0.357084393501 Accuracy: 0.774193525314
epoch 3
Discriminator loss: 0.377685278654 Accuracy: 0.774193525314
#########################################################################
Training generator with Reinforcement Learning. Epoch 65
total_batch:  65 g_loss:  150.764
total_batch:  65 test_loss:  9.07959
Unique samples. Pct: 0.6734375
N#C[C]1NC=N[CH]O1
O=Cc1conn1
O=CC#Cc1conn1
Nc1ncnon1
C#CC
C#CC1CO1
C#CC#CC(F)(F)F
O=c1cccco1
Nc1nnc(=O)onn1
C#CC(N)C#C
Verified samples. Pct: 0.868229166667
N#C[C]1NC=N[CH]O1
O=Cc1conn1
O=CC#Cc1conn1
C#CC
C#CC1CO1
C#CC#CC(F)(F)F
O=c1cccco1
C#CC(N)C#C
CCC(F)(F)F
N#CCC(=O)C#C
Objective: 0.2625
Start training discriminator
epoch 0
Discriminator loss: 0.550915539265 Accuracy: 0.677419364452
epoch 1
Discriminator loss: 0.373986661434 Accuracy: 0.806451618671
epoch 2
Discriminator loss: 0.321864962578 Accuracy: 0.806451618671
epoch 3
Discriminator loss: 0.344792515039 Accuracy: 0.870967745781
#########################################################################
Training generator with Reinforcement Learning. Epoch 66
total_batch:  66 g_loss:  164.47
total_batch:  66 test_loss:  9.04654
Unique samples. Pct: 0.658854166667
C#Cc1n[nH]nc1
FC(F)(F)c1cnon1
N#CC(O)C(N)O1
NC(=O)c1ncno1
N#Cc1c[nH]cn1
N#CC1=C(N)NC(O)O1
N#CC(=O)C1CN#N
N#CC(O)C(N)#N
[NH]C1=NCON=N1
CC(O)C#N
Verified samples. Pct: 0.871354166667
C#Cc1n[nH]nc1
FC(F)(F)c1cnon1
NC(=O)c1ncno1
N#Cc1c[nH]cn1
N#CC1=C(N)NC(O)O1
[NH]C1=NCON=N1
CC(O)C#N
N#Cc1nc(O)no1
N#CC
C#CC(=O)n1ccnn1
Objective: 0.271354166667
Start training discriminator
epoch 0
Discriminator loss: 0.29738253355 Accuracy: 0.870967745781
epoch 1
Discriminator loss: 0.362603396177 Accuracy: 0.741935491562
epoch 2
Discriminator loss: 0.314577698708 Accuracy: 0.774193525314
epoch 3
Discriminator loss: 0.538065195084 Accuracy: 0.741935491562
#########################################################################
Training generator with Reinforcement Learning. Epoch 67
total_batch:  67 g_loss:  147.522
total_batch:  67 test_loss:  9.00996
Unique samples. Pct: 0.645833333333
O=CCC(F)(F)F
O=COc1ncn[nH]1
N#CC1=NCOC1=O
CC#CCC#N
N#Cc1nc(O)no1
N#CCO
N#Cc1ocnc1O
O=c1cnnon1
Oc1nc2[cH]nnn2o1
O=c1nc(F)c(F)co1
Verified samples. Pct: 0.880729166667
O=CCC(F)(F)F
O=COc1ncn[nH]1
N#CC1=NCOC1=O
CC#CCC#N
N#Cc1nc(O)no1
N#CCO
N#Cc1ocnc1O
Oc1nc2[cH]nnn2o1
O=c1nc(F)c(F)co1
NC(=O)c1ncon1
Objective: 0.271875
Start training discriminator
epoch 0
Discriminator loss: 0.36164188385 Accuracy: 0.838709652424
epoch 1
Discriminator loss: 0.400311946869 Accuracy: 0.806451618671
epoch 2
Discriminator loss: 0.460596740246 Accuracy: 0.741935491562
epoch 3
Discriminator loss: 0.399080604315 Accuracy: 0.806451618671
#########################################################################
Training generator with Reinforcement Learning. Epoch 68
total_batch:  68 g_loss:  158.61
total_batch:  68 test_loss:  8.93509
Unique samples. Pct: 0.661979166667
O=Cc1cnco1
CC#CC(F)(F)F
Nc1nc(=O)c(O)o1
O=C1CCC1
N#CC1CN1C=O
N#Cc1conn1
CC(=O)C#CC(N)=O
O=c1cnonn1
Nc1nonc1O
Cc1conn1
Verified samples. Pct: 0.882291666667
O=Cc1cnco1
CC#CC(F)(F)F
O=C1CCC1
N#CC1CN1C=O
N#Cc1conn1
CC(=O)C#CC(N)=O
O=c1cnonn1
Nc1nonc1O
Cc1conn1
C1CC1O
Objective: 0.291145833333
Start training discriminator
epoch 0
Discriminator loss: 0.339249521494 Accuracy: 0.838709652424
epoch 1
Discriminator loss: 0.250697433949 Accuracy: 0.870967745781
epoch 2
Discriminator loss: 0.484225094318 Accuracy: 0.806451618671
epoch 3
Discriminator loss: 0.325147628784 Accuracy: 0.870967745781
#########################################################################
Training generator with Reinforcement Learning. Epoch 69
total_batch:  69 g_loss:  163.949
total_batch:  69 test_loss:  9.05814
Unique samples. Pct: 0.671354166667
O=Cc1cnC#Cc1o1
O=c1nconc1F
O=Cc1nccon1
N#Cc1cnoc1
C1CN1CC1
Oc1cnnnn1
O=CCc1cnno1
CC(=O)c1conn1
CC(=O)CC#N
N#Cc1oc(=O)c[nH]1
Verified samples. Pct: 0.861458333333
O=c1nconc1F
N#Cc1cnoc1
Oc1cnnnn1
O=CCc1cnno1
CC(=O)c1conn1
CC(=O)CC#N
O=Cn1ncnn1
C#Cc1ncnnn1
N#CC#Cc1ncno1
C#CCO
Objective: 0.272395833333
Start training discriminator
epoch 0
Discriminator loss: 0.489879071712 Accuracy: 0.709677398205
epoch 1
Discriminator loss: 0.377099394798 Accuracy: 0.806451618671
epoch 2
Discriminator loss: 0.336678922176 Accuracy: 0.838709652424
epoch 3
Discriminator loss: 0.371083199978 Accuracy: 0.870967745781
#########################################################################
Training generator with Reinforcement Learning. Epoch 70
total_batch:  70 g_loss:  144.23
total_batch:  70 test_loss:  9.0774
Unique samples. Pct: 0.65
CC(=O)CC#N
C#Cc1ccno1
N#Cc1ocnc(=O)n1
N#CC#CC#CC(F)(F)F
Cn1ncnn1
C#CC#CC[CH]1
Nc1ncno1
Nc1noncn1
O=Cc1nc(O)no1
C#CCCC#N
Verified samples. Pct: 0.879166666667
CC(=O)CC#N
C#Cc1ccno1
N#Cc1ocnc(=O)n1
N#CC#CC#CC(F)(F)F
Cn1ncnn1
Nc1ncno1
O=Cc1nc(O)no1
C#CCCC#N
Cc1nonc1C#C
N#Cc1cnoc1
Objective: 0.278125
Start training discriminator
epoch 0
Discriminator loss: 0.353407651186 Accuracy: 0.806451618671
epoch 1
Discriminator loss: 0.396259218454 Accuracy: 0.741935491562
epoch 2
