#########################################################################
Start Reinforcement Training Generator...
#########################################################################
Training generator with Reinforcement Learning. Epoch 0
total_batch:  0 g_loss:  220.334
total_batch:  0 test_loss:  8.87018
Unique samples. Pct: 0.8265625
N#Cc1cnnc(=O)o1
[N][N][C]1NC(=O)C1=O
N#CC(=O)n1ncnn1
Oc1ncn[nH]1
N#CC1C(=O)NC1=O
C#Cc1nocnc1=O
O=Cc1[nH]nnc1N
[NH]C1=C[N]C=NC(=O)=O
c1cn2[nH]nnc-2n1
Oc1ccn[nH]1
Verified samples. Pct: 0.780208333333
N#Cc1cnnc(=O)o1
[N][N][C]1NC(=O)C1=O
N#CC(=O)n1ncnn1
Oc1ncn[nH]1
N#CC1C(=O)NC1=O
C#Cc1nocnc1=O
O=Cc1[nH]nnc1N
c1cn2[nH]nnc-2n1
Oc1ccn[nH]1
CNc1nnn[nH]1
Objective: 0.31875
best score:  8.87018
Start training discriminator
epoch 0
Discriminator loss: 0.593894124031 Accuracy: 0.677419364452
epoch 1
Discriminator loss: 0.433171659708 Accuracy: 0.838709652424
epoch 2
Discriminator loss: 0.466085344553 Accuracy: 0.774193525314
epoch 3
Discriminator loss: 0.399173974991 Accuracy: 0.806451618671
epoch 4
Discriminator loss: 0.477935522795 Accuracy: 0.806451618671
#########################################################################
Training generator with Reinforcement Learning. Epoch 1
total_batch:  1 g_loss:  155.003
total_batch:  1 test_loss:  8.89636
Unique samples. Pct: 0.813020833333
N#CC1N=CNC(]2O1
N#Cc1ncc(=O)oc1
O=C[CH]C(=O)N=C1F
N#CC1=NOC([NH])=N]1
Nc1onc(O)n1
N#Cc1cnoc1C#N
NC(=O)n1cnnn1
[NH][C]1C=NOC([NH])=N1
C#CC#CC#CC=O
Cc1noc(O)n1
Verified samples. Pct: 0.797395833333
N#Cc1ncc(=O)oc1
Nc1onc(O)n1
N#Cc1cnoc1C#N
NC(=O)n1cnnn1
[NH][C]1C=NOC([NH])=N1
C#CC#CC#CC=O
Cc1noc(O)n1
c1nnc2nnoc2n1
Fc1cncnc1
N#Cc1conn1
Objective: 0.308854166667
Start training discriminator
epoch 0
Discriminator loss: 0.489524632692 Accuracy: 0.709677398205
epoch 1
Discriminator loss: 0.356548219919 Accuracy: 0.903225779533
epoch 2
Discriminator loss: 0.524577021599 Accuracy: 0.806451618671
epoch 3
Discriminator loss: 0.443479418755 Accuracy: 0.741935491562
epoch 4
Discriminator loss: 0.541518747807 Accuracy: 0.709677398205
#########################################################################
Training generator with Reinforcement Learning. Epoch 2
total_batch:  2 g_loss:  201.252
total_batch:  2 test_loss:  8.96058
Unique samples. Pct: 0.79375
Nc1nnoc(O)n1
O=CNc1nonc1
C#CCCC#N
O=C1CC(N)=O
N#CCC(O)C#N
C#Cc1ncocn1
N#CC(=O)n1nncn1
FC(F)(F)c1ncno1
Cn1nnoc1C=O
[NH][C]1C=NOC(=O)N1
Verified samples. Pct: 0.7828125
O=CNc1nonc1
C#CCCC#N
N#CCC(O)C#N
N#CC(=O)n1nncn1
FC(F)(F)c1ncno1
[NH][C]1C=NOC(=O)N1
N=CNC=O
[NH]C1=N[N]OC(=O)O1
Nc1ccno1
N#Cc1cn[nH]c1C#N
Objective: 0.281770833333
Start training discriminator
epoch 0
Discriminator loss: 0.586708188057 Accuracy: 0.741935491562
epoch 1
Discriminator loss: 0.556696772575 Accuracy: 0.774193525314
epoch 2
Discriminator loss: 0.633551716805 Accuracy: 0.645161271095
epoch 3
Discriminator loss: 0.482457399368 Accuracy: 0.741935491562
epoch 4
Discriminator loss: 0.549230515957 Accuracy: 0.677419364452
#########################################################################
Training generator with Reinforcement Learning. Epoch 3
total_batch:  3 g_loss:  206.914
total_batch:  3 test_loss:  9.07086
Unique samples. Pct: 0.790104166667
[NH][C]1OC([NH])=NO1
N#C[C]([NH])COC1=O
N=CNC(=O)C=O
[NH][C]1C=NC(F)=NO1
C#Cc1conn1
C#CC1NC12N
O=c1cncnnn1
O=C1OC2CC12
[NH][C]1C=COC1O1
N#Cc1concn1
Verified samples. Pct: 0.782291666667
[NH][C]1OC([NH])=NO1
N=CNC(=O)C=O
[NH][C]1C=NC(F)=NO1
C#Cc1conn1
O=c1cncnnn1
O=C1OC2CC12
O=c1[nH]cncn1
Oc1nc2nnoc2o1
N=C1NCC(=O)O1
C#CC#CC(=O)C=O
Objective: 0.292708333333
Start training discriminator
epoch 0
Discriminator loss: 0.446364492178 Accuracy: 0.806451618671
epoch 1
Discriminator loss: 0.303359240294 Accuracy: 0.838709652424
epoch 2
Discriminator loss: 0.406876653433 Accuracy: 0.677419364452
epoch 3
Discriminator loss: 0.346656948328 Accuracy: 0.870967745781
epoch 4
Discriminator loss: 0.388656944036 Accuracy: 0.741935491562
#########################################################################
Training generator with Reinforcement Learning. Epoch 4
total_batch:  4 g_loss:  193.673
total_batch:  4 test_loss:  9.08846
Unique samples. Pct: 0.753645833333
NC(=O)c1nnon1
O=c1ncocc1F
N#CC1N=CC(=O)N1O
N#Cc1ncn[nH]1
O=c1nc(F)con1
N#Cc1onccc1#N
C#CC(=O)C(=O)C=O
N#Cc1connc1=O
[NH][C]1OC(=O)N=CO1
Nc1n[nH]c(O)n1
Verified samples. Pct: 0.7921875
NC(=O)c1nnon1
O=c1ncocc1F
N#CC1N=CC(=O)N1O
N#Cc1ncn[nH]1
C#CC(=O)C(=O)C=O
N#Cc1connc1=O
[NH][C]1OC(=O)N=CO1
Nc1n[nH]c(O)n1
O=c1cnnc(F)nn1
c1nc2onnc2o1
Objective: 0.26875
Start training discriminator
epoch 0
Discriminator loss: 0.355857163668 Accuracy: 0.870967745781
epoch 1
Discriminator loss: 0.299899965525 Accuracy: 0.870967745781
epoch 2
Discriminator loss: 0.382915943861 Accuracy: 0.870967745781
epoch 3
Discriminator loss: 0.534809470177 Accuracy: 0.741935491562
epoch 4
Discriminator loss: 0.53590798378 Accuracy: 0.677419364452
#########################################################################
Training generator with Reinforcement Learning. Epoch 5
total_batch:  5 g_loss:  174.042
total_batch:  5 test_loss:  9.17567
Unique samples. Pct: 0.733333333333
N#CCOC(=O)C#N
O=Cc1cnoc(=O)n1
O=N1CNCC1=O
NC(C#C)(C#C#N)(C#C)#N
N#CC12OC1C1C2
O=C1OCC2OC12
N#CC1NC1(F)F
OCCC#N
Oc1cn[nH]n1
N#CC1OC1CO1
Verified samples. Pct: 0.805729166667
N#CCOC(=O)C#N
O=Cc1cnoc(=O)n1
O=C1OCC2OC12
N#CC1NC1(F)F
OCCC#N
Oc1cn[nH]n1
O=c1[nH]nnnc1O
C#CC#CCC#C
Oc1nnc(F)nc1
N#CC1CC1
Objective: 0.258854166667
Start training discriminator
epoch 0
Discriminator loss: 0.328992456198 Accuracy: 0.870967745781
epoch 1
Discriminator loss: 0.332308888435 Accuracy: 0.838709652424
epoch 2
Discriminator loss: 0.456734865904 Accuracy: 0.709677398205
epoch 3
Discriminator loss: 0.444723129272 Accuracy: 0.709677398205
epoch 4
Discriminator loss: 0.333609551191 Accuracy: 0.838709652424
#########################################################################
Training generator with Reinforcement Learning. Epoch 6
total_batch:  6 g_loss:  131.854
total_batch:  6 test_loss:  9.20421
Unique samples. Pct: 0.747916666667
O=C1C=CCN=C1
O=cc1cccno1
N#CCC=O
Fc1c[nH]nc1O
Oc1nnn(F)nc1
O=c1cc(F)oc(F)n1
[NH]C1NN=NNC1F=
C#CC(=O)c1nonn1
Fc1ccccn1
C#CC(C#N)C=O
Verified samples. Pct: 0.805208333333
O=C1C=CCN=C1
N#CCC=O
Fc1c[nH]nc1O
O=c1cc(F)oc(F)n1
C#CC(=O)c1nonn1
Fc1ccccn1
C#CC(C#N)C=O
C#CCC(F)(F)F
NC(=O)[N]C(F)=O
c1ccncn1
Objective: 0.271875
Start training discriminator
epoch 0
Discriminator loss: 0.244506984949 Accuracy: 0.870967745781
epoch 1
Discriminator loss: 0.389217585325 Accuracy: 0.838709652424
epoch 2
Discriminator loss: 0.292828381062 Accuracy: 0.870967745781
epoch 3
Discriminator loss: 0.406153589487 Accuracy: 0.838709652424
epoch 4
Discriminator loss: 0.348659664392 Accuracy: 0.838709652424
#########################################################################
Training generator with Reinforcement Learning. Epoch 7
total_batch:  7 g_loss:  183.339
total_batch:  7 test_loss:  9.19568
Unique samples. Pct: 0.7328125
NC(=O)C(=O)NC=O
N#CC(O)CN
Nc1occo1
C#Cc1cncc(F)O
c1cc(F)ncc1F
O=CCC(=O)C#N
Nc1cnc(F)nn1
CC#CC=O
[NH][C]1ON=NC(F)=N1
N#CC#CC(N)C#N
Verified samples. Pct: 0.800520833333
NC(=O)C(=O)NC=O
N#CC(O)CN
c1cc(F)ncc1F
O=CCC(=O)C#N
Nc1cnc(F)nn1
CC#CC=O
[NH][C]1ON=NC(F)=N1
N#CC#CC(N)C#N
c1cnnc(F)n1
[NH][C]1OC=COC1=O
Objective: 0.259895833333
Start training discriminator
epoch 0
Discriminator loss: 0.42044827342 Accuracy: 0.774193525314
epoch 1
Discriminator loss: 0.423079222441 Accuracy: 0.741935491562
epoch 2
Discriminator loss: 0.504375815392 Accuracy: 0.709677398205
epoch 3
Discriminator loss: 0.501594185829 Accuracy: 0.774193525314
epoch 4
Discriminator loss: 0.367583781481 Accuracy: 0.774193525314
#########################################################################
Training generator with Reinforcement Learning. Epoch 8
total_batch:  8 g_loss:  139.08
total_batch:  8 test_loss:  9.18952
Unique samples. Pct: 0.7453125
NC(=O)[CH]C(=O)O=N1
N#CC#CC(O)C=O
O=CCC=O
O=c1ncc(F)on1
CC(C)=O
O=Cc1c[nH]nn1
Fc1ccncn1
C#CC(O)C(F)(F)F
c1nc2[nH]ncc2o1
Nc1on(C=O)n1
Verified samples. Pct: 0.7890625
N#CC#CC(O)C=O
O=CCC=O
CC(C)=O
O=Cc1c[nH]nn1
Fc1ccncn1
C#CC(O)C(F)(F)F
c1nc2[nH]ncc2o1
Nc1on(C=O)n1
O=c1nconc1F
N#Cc1cocnc1=O
Objective: 0.25625
Start training discriminator
epoch 0
Discriminator loss: 0.602334976196 Accuracy: 0.741935491562
epoch 1
Discriminator loss: 0.556367337704 Accuracy: 0.677419364452
epoch 2
Discriminator loss: 0.479169458151 Accuracy: 0.741935491562
epoch 3
Discriminator loss: 0.369065344334 Accuracy: 0.806451618671
epoch 4
Discriminator loss: 0.447432607412 Accuracy: 0.774193525314
#########################################################################
Training generator with Reinforcement Learning. Epoch 9
total_batch:  9 g_loss:  177.66
total_batch:  9 test_loss:  9.15911
Unique samples. Pct: 0.749479166667
O=c1nc[nH]nn1
Nc1nnon1
O=c1cnc(O)no1
OC#Cc1ncon1
N#Cc1coc(O)n1
N#CC#CC(N)C#N
Fc1ccc(F)o1
[NH][CH]Oc1ncon1
O=Cc1cnno1
C#Cc1noc(N)n1
Verified samples. Pct: 0.805208333333
O=c1nc[nH]nn1
Nc1nnon1
O=c1cnc(O)no1
OC#Cc1ncon1
N#Cc1coc(O)n1
N#CC#CC(N)C#N
Fc1ccc(F)o1
[NH][CH]Oc1ncon1
O=Cc1cnno1
C#Cc1noc(N)n1
Objective: 0.2765625
Start training discriminator
epoch 0
Discriminator loss: 0.451100438833 Accuracy: 0.709677398205
epoch 1
Discriminator loss: 0.480870842934 Accuracy: 0.677419364452
epoch 2
Discriminator loss: 0.331638902426 Accuracy: 0.774193525314
epoch 3
Discriminator loss: 0.481346428394 Accuracy: 0.741935491562
epoch 4
Discriminator loss: 0.378346681595 Accuracy: 0.838709652424
#########################################################################
Training generator with Reinforcement Learning. Epoch 10
total_batch:  10 g_loss:  176.004
total_batch:  10 test_loss:  9.07384
Unique samples. Pct: 0.75625
O=c1nc2onnc2o1
COC(=O)C=O
Oc1cncno1
Oc1nccoc1=O
N#Cc1ncccn1
Cc1n[nH]nn1
O=c1ccc2onoc-2n1
N#Cc1n[nH]nc1O
c1ncc[nH]1
NC(=O)n1ncnn1
Verified samples. Pct: 0.790104166667
COC(=O)C=O
Oc1nccoc1=O
N#Cc1ncccn1
Cc1n[nH]nn1
N#Cc1n[nH]nc1O
c1ncc[nH]1
NC(=O)n1ncnn1
[NH]C1N=C(F)OC(O)=N1
C#Cc1cnc(C#N)o1
O=Cc1ncnnn1
Objective: 0.278645833333
Start training discriminator
epoch 0
Discriminator loss: 0.613738000393 Accuracy: 0.612903237343
epoch 1
Discriminator loss: 0.545238316059 Accuracy: 0.645161271095
epoch 2
Discriminator loss: 0.312442362309 Accuracy: 0.838709652424
epoch 3
Discriminator loss: 0.343065589666 Accuracy: 0.903225779533
epoch 4
Discriminator loss: 0.351403653622 Accuracy: 0.806451618671
#########################################################################
Training generator with Reinforcement Learning. Epoch 11
total_batch:  11 g_loss:  128.075
total_batch:  11 test_loss:  9.07253
Unique samples. Pct: 0.730208333333
NC(=O)C(=O)C#N
Fc1ccn(O)c1F
N#CCC(C)=O
N#CC(=O)c1ccno1
N#CC
Fc1cnc(F)nn1
C#CC(=O)C(F)(F)F
C#CC(=O)C#CC#N
CCC(=O)C#N
O=C1COCO1
Verified samples. Pct: 0.8171875
NC(=O)C(=O)C#N
Fc1ccn(O)c1F
N#CCC(C)=O
N#CC(=O)c1ccno1
N#CC
Fc1cnc(F)nn1
C#CC(=O)C(F)(F)F
C#CC(=O)C#CC#N
CCC(=O)C#N
O=C1COCO1
Objective: 0.267708333333
Start training discriminator
epoch 0
Discriminator loss: 0.347832798958 Accuracy: 0.870967745781
epoch 1
Discriminator loss: 0.445285022259 Accuracy: 0.741935491562
epoch 2
Discriminator loss: 0.452874034643 Accuracy: 0.677419364452
epoch 3
Discriminator loss: 0.349186688662 Accuracy: 0.774193525314
epoch 4
Discriminator loss: 0.618196904659 Accuracy: 0.709677398205
#########################################################################
Training generator with Reinforcement Learning. Epoch 12
total_batch:  12 g_loss:  165.501
total_batch:  12 test_loss:  9.09896
Unique samples. Pct: 0.736979166667
N#Cc1ccon1
O=c1cncc(F)o1
Cc1ccon1
O=CNN=NC=O
[NH][CH]Oc1nc[nH]n1
O=CC1CC1
O=CC(=O)CC=O
C#CCC#CC#N
C#CC(=O)CCO1
Cc1nnc(=O)on1
Verified samples. Pct: 0.794270833333
N#Cc1ccon1
O=c1cncc(F)o1
Cc1ccon1
O=CNN=NC=O
[NH][CH]Oc1nc[nH]n1
O=CC1CC1
O=CC(=O)CC=O
C#CCC#CC#N
Cc1nnc(=O)on1
[N][N][C]1NC(=O)OC1=O
Objective: 0.254166666667
Start training discriminator
epoch 0
Discriminator loss: 0.361574709415 Accuracy: 0.806451618671
epoch 1
Discriminator loss: 0.326232820749 Accuracy: 0.806451618671
epoch 2
Discriminator loss: 0.425592839718 Accuracy: 0.774193525314
epoch 3
Discriminator loss: 0.504341542721 Accuracy: 0.709677398205
epoch 4
Discriminator loss: 0.480526596308 Accuracy: 0.741935491562
#########################################################################
Training generator with Reinforcement Learning. Epoch 13
total_batch:  13 g_loss:  186.307
total_batch:  13 test_loss:  9.10926
Unique samples. Pct: 0.725
C#CC(=O)C#CC=O
[NH]C1=NCN(C=O)=NO1
N=CNC(N)=O
N#Cc1occc1C=O
CNc1nnon1
N#CC#CC(N)C#N
C#CC#CC(=O)C=O
F[N]C1N=C(F)C(=O)O1
N#CC(N)C#N
Nc1cncoc1=O
Verified samples. Pct: 0.780208333333
C#CC(=O)C#CC=O
N=CNC(N)=O
N#Cc1occc1C=O
CNc1nnon1
N#CC#CC(N)C#N
C#CC#CC(=O)C=O
F[N]C1N=C(F)C(=O)O1
N#CC(N)C#N
Nc1cncoc1=O
NC(=O)C(=O)C=O
Objective: 0.225520833333
Start training discriminator
epoch 0
Discriminator loss: 0.477624475956 Accuracy: 0.741935491562
epoch 1
Discriminator loss: 0.362843394279 Accuracy: 0.870967745781
epoch 2
Discriminator loss: 0.451838284731 Accuracy: 0.709677398205
epoch 3
Discriminator loss: 0.209209904075 Accuracy: 0.93548387289
epoch 4
Discriminator loss: 0.468141794205 Accuracy: 0.709677398205
#########################################################################
Training generator with Reinforcement Learning. Epoch 14
total_batch:  14 g_loss:  150.9
total_batch:  14 test_loss:  9.17652
Unique samples. Pct: 0.703645833333
O=c1ccnco1
[NH][C]1NN=C(F)N=N1
C#CC(O)C#N
O=CNc1nnon1
C#CC(N)C#N
N#N.[O-])1C=C(O)[O-]
N#CC#Cc1cnon1
O=COc1ccon1
N#CC(C#N)(C=O)N=C=O
Nc1ncoc1
Verified samples. Pct: 0.795833333333
O=c1ccnco1
[NH][C]1NN=C(F)N=N1
C#CC(O)C#N
O=CNc1nnon1
C#CC(N)C#N
N#CC#Cc1cnon1
O=COc1ccon1
N#CC(C#N)(C=O)N=C=O
Nc1ncoc1
CNc1nnon1
Objective: 0.235416666667
Start training discriminator
epoch 0
Discriminator loss: 0.237712234259 Accuracy: 0.93548387289
epoch 1
Discriminator loss: 0.583746433258 Accuracy: 0.645161271095
epoch 2
Discriminator loss: 0.557206332684 Accuracy: 0.741935491562
epoch 3
Discriminator loss: 0.543628454208 Accuracy: 0.741935491562
epoch 4
Discriminator loss: 0.345568686724 Accuracy: 0.838709652424
#########################################################################
Training generator with Reinforcement Learning. Epoch 15
total_batch:  15 g_loss:  145.523
total_batch:  15 test_loss:  9.21094
Unique samples. Pct: 0.6859375
N#Cc1ncc(=O)on1
O=c1nc(O)nno1
[NH]C1=CCN=C(F)=N[N]=O
N#C[C]([NH])OC=O
C#CC(=O)O
N#Cc1nccnn1
C#CCC=O
C#CC(=O)C#CCO1
C#CCOC=O
C#CC(=O)CO
Verified samples. Pct: 0.802083333333
N#Cc1ncc(=O)on1
O=c1nc(O)nno1
N#C[C]([NH])OC=O
C#CC(=O)O
N#Cc1nccnn1
C#CCC=O
C#CCOC=O
C#CC(=O)CO
N#CC12CC1OC2=O
CC#CC=O
Objective: 0.2109375
Start training discriminator
epoch 0
Discriminator loss: 0.31386244297 Accuracy: 0.903225779533
epoch 1
Discriminator loss: 0.542044937611 Accuracy: 0.645161271095
epoch 2
Discriminator loss: 0.486274808645 Accuracy: 0.774193525314
epoch 3
Discriminator loss: 0.252349883318 Accuracy: 0.967741906643
epoch 4
Discriminator loss: 0.36125805974 Accuracy: 0.870967745781
#########################################################################
Training generator with Reinforcement Learning. Epoch 16
total_batch:  16 g_loss:  187.362
total_batch:  16 test_loss:  9.29678
Unique samples. Pct: 0.668229166667
O=Cn1nnc(O)n1
C#CC#CCO
C
N#CC(=O)c1ncon1
O=[N+]([O-])c1ncno1
N#CCn1ccnn1
N#CC#CC(=O)NC=O
CCCO1
[NH][C]1ON=C(O)N=C1F
C#CC(O)C=O
Verified samples. Pct: 0.813541666667
O=Cn1nnc(O)n1
C#CC#CCO
C
N#CC(=O)c1ncon1
O=[N+]([O-])c1ncno1
N#CCn1ccnn1
N#CC#CC(=O)NC=O
[NH][C]1ON=C(O)N=C1F
C#CC(O)C=O
CO
Objective: 0.218229166667
Start training discriminator
epoch 0
Discriminator loss: 0.322862386703 Accuracy: 0.870967745781
epoch 1
Discriminator loss: 0.38652458787 Accuracy: 0.838709652424
epoch 2
Discriminator loss: 0.282764256001 Accuracy: 0.870967745781
epoch 3
Discriminator loss: 0.3477832973 Accuracy: 0.838709652424
epoch 4
Discriminator loss: 0.420475453138 Accuracy: 0.774193525314
#########################################################################
Training generator with Reinforcement Learning. Epoch 17
total_batch:  17 g_loss:  92.5242
total_batch:  17 test_loss:  9.3622
Unique samples. Pct: 0.674479166667
COC(=O)C#CC#N
O=CC(=O)C=O
C#CC(N)=O
C#Cc1cncn1
C#CCC#N
O=c1onccc1F
C#Cc1cncn1
C#Cc1c[nH]nn1
N#CCc1conn1
Oc1cnc[nH]1
Verified samples. Pct: 0.794270833333
COC(=O)C#CC#N
O=CC(=O)C=O
C#CC(N)=O
C#CCC#N
O=c1onccc1F
C#Cc1c[nH]nn1
N#CCc1conn1
Oc1cnc[nH]1
C#Cc1ncoc(=O)n1
c1cncnn1
Objective: 0.2046875
Start training discriminator
epoch 0
Discriminator loss: 0.64778894186 Accuracy: 0.709677398205
epoch 1
Discriminator loss: 0.47188782692 Accuracy: 0.774193525314
epoch 2
Discriminator loss: 0.341588139534 Accuracy: 0.903225779533
epoch 3
Discriminator loss: 0.335724115372 Accuracy: 0.838709652424
epoch 4
Discriminator loss: 0.411177784204 Accuracy: 0.741935491562
#########################################################################
Training generator with Reinforcement Learning. Epoch 18
total_batch:  18 g_loss:  128.474
total_batch:  18 test_loss:  9.2463
Unique samples. Pct: 0.6484375
N#Cc1cn[nH]c1
N=CNC=O
O=c1nc(O)oc(F)c1
N#N.O=C=N[C](F=O=N=N1
Fc1ccc(F)n1
C#CC(O)C=O
N#CC#CC1CC1
C#CCC#CC#N
O=Cn1nn[nH]1
Fc1cnc(F)nn1
Verified samples. Pct: 0.80625
N#Cc1cn[nH]c1
N=CNC=O
O=c1nc(O)oc(F)c1
C#CC(O)C=O
N#CC#CC1CC1
C#CCC#CC#N
O=Cn1nn[nH]1
Fc1cnc(F)nn1
N#CC(=O)NC=O
[N]=N[C]1N=NN=N[N]O1
Objective: 0.203645833333
Start training discriminator
epoch 0
Discriminator loss: 0.530094504356 Accuracy: 0.677419364452
epoch 1
Discriminator loss: 0.478895574808 Accuracy: 0.741935491562
epoch 2
Discriminator loss: 0.40366473794 Accuracy: 0.838709652424
epoch 3
Discriminator loss: 0.438314527273 Accuracy: 0.774193525314
epoch 4
Discriminator loss: 0.219170093536 Accuracy: 0.93548387289
#########################################################################
Training generator with Reinforcement Learning. Epoch 19
total_batch:  19 g_loss:  136.678
total_batch:  19 test_loss:  9.30427
Unique samples. Pct: 0.652083333333
O=c1ccc(F)on1
N#CCc1[nH]nn1
N#CC#CC(N)=N
N#Cc1ncon1
C#Cc1cnno1
N#CC#Cc1cnno1
N#Cc1[nH]ncn1
N#CC#CC(N)(F)C#N
NC(=O)C(N)=O
Oc1cn[nH]n1
Verified samples. Pct: 0.788020833333
N#CC#CC(N)=N
N#Cc1ncon1
C#Cc1cnno1
N#CC#Cc1cnno1
N#Cc1[nH]ncn1
N#CC#CC(N)(F)C#N
NC(=O)C(N)=O
Oc1cn[nH]n1
C#Cc1ncoc(=O)n1
[NH]C1=C(F)[N]C=N1
Objective: 0.198958333333
Start training discriminator
epoch 0
Discriminator loss: 0.36525195837 Accuracy: 0.774193525314
epoch 1
Discriminator loss: 0.328684031963 Accuracy: 0.870967745781
epoch 2
Discriminator loss: 0.241534054279 Accuracy: 0.967741906643
epoch 3
Discriminator loss: 0.267400145531 Accuracy: 0.903225779533
epoch 4
Discriminator loss: 0.366797685623 Accuracy: 0.838709652424
#########################################################################
Training generator with Reinforcement Learning. Epoch 20
total_batch:  20 g_loss:  118.282
total_batch:  20 test_loss:  9.22258
Unique samples. Pct: 0.673958333333
O=CC#CC=O
O=Cc1nc(O)no1
O=C1CCO1
c1cc2occn2o1
c1nc2[nH]nnc2n1
c1cccnc1
c1nc2onnn+2n1
c1nnc2onnn12
O=CC#CC(O)=O
C#CC(N)=O
Verified samples. Pct: 0.777604166667
O=CC#CC=O
O=Cc1nc(O)no1
O=C1CCO1
c1cccnc1
c1nnc2onnn12
O=CC#CC(O)=O
C#CC(N)=O
Oc1ncc(F)c(F)n1
[NH]C1=C(F)[N]C(F)=NO1
N#CC1OC(=O)C1=O
Objective: 0.201041666667
Start training discriminator
epoch 0
Discriminator loss: 0.320177525282 Accuracy: 0.870967745781
epoch 1
Discriminator loss: 0.280073165894 Accuracy: 0.903225779533
epoch 2
Discriminator loss: 0.628360927105 Accuracy: 0.645161271095
epoch 3
Discriminator loss: 0.366390138865 Accuracy: 0.838709652424
epoch 4
Discriminator loss: 0.412425845861 Accuracy: 0.838709652424
#########################################################################
Training generator with Reinforcement Learning. Epoch 21
total_batch:  21 g_loss:  127.213
total_batch:  21 test_loss:  9.19901
Unique samples. Pct: 0.672916666667
CCCO1
N#CC#Cc1ccnn1
N#CC1(C#N)OC1=O
C#CC(=O)C(N)=O
C#N
N#CC1=NOC=N[C]1
N#Cc1cnnn1
OCc1conn1
Oc1cnncn1
N#CC(=O)C1OC1
Verified samples. Pct: 0.791666666667
N#CC1(C#N)OC1=O
C#CC(=O)C(N)=O
C#N
N#CC1=NOC=N[C]1
OCc1conn1
Oc1cnncn1
N#CC(=O)C1OC1
N#CCCO
N#CC(O)(C#N)
N#Cc1ccc(F)nn1
Objective: 0.197916666667
Start training discriminator
epoch 0
Discriminator loss: 0.39476120472 Accuracy: 0.838709652424
epoch 1
Discriminator loss: 0.288207262754 Accuracy: 0.870967745781
epoch 2
Discriminator loss: 0.41825607419 Accuracy: 0.741935491562
epoch 3
Discriminator loss: 0.47767034173 Accuracy: 0.741935491562
epoch 4
Discriminator loss: 0.29268231988 Accuracy: 0.870967745781
#########################################################################
Training generator with Reinforcement Learning. Epoch 22
total_batch:  22 g_loss:  113.421
total_batch:  22 test_loss:  9.19987
Unique samples. Pct: 0.704166666667
Cc1coc(C#N)n1
[NH]C1=N[N]OC=N1
[NH]C1=NC(F)=N[N]O1
[NH][C]1N=C(F)ON=C1F
[NH]C1=NCOC=N1
[NH]C1=C(F)COC(=O)O1
[NH]C1=N[CH]NN=N1
Nc1ccon1
c1cnco1
C#CC#CC#CC#N
Verified samples. Pct: 0.7875
Cc1coc(C#N)n1
[NH]C1=N[N]OC=N1
[NH]C1=NC(F)=N[N]O1
[NH][C]1N=C(F)ON=C1F
[NH]C1=NCOC=N1
[NH]C1=C(F)COC(=O)O1
[NH]C1=N[CH]NN=N1
Nc1ccon1
c1cnco1
C#CC#CC#CC#N
Objective: 0.23125
Start training discriminator
epoch 0
Discriminator loss: 0.351486444473 Accuracy: 0.870967745781
epoch 1
Discriminator loss: 0.436634898186 Accuracy: 0.774193525314
epoch 2
Discriminator loss: 0.274593502283 Accuracy: 0.870967745781
epoch 3
Discriminator loss: 0.38999080658 Accuracy: 0.806451618671
epoch 4
Discriminator loss: 0.376934468746 Accuracy: 0.806451618671
#########################################################################
Training generator with Reinforcement Learning. Epoch 23
total_batch:  23 g_loss:  117.421
total_batch:  23 test_loss:  9.20782
Unique samples. Pct: 0.6875
O=Cc1nc(O)no1
Oc1conc1c1F
N#Cc1cncnc1
O=CC(=O)n1cnnn1
O=Cn1ncnc1O
N#Cc1ncon1
OCc1cnon1
O=c1cccc[nH]1
C=OCC=O
[NH][C]1OCOC1=O
Verified samples. Pct: 0.79375
O=Cc1nc(O)no1
N#Cc1cncnc1
O=CC(=O)n1cnnn1
O=Cn1ncnc1O
N#Cc1ncon1
OCc1cnon1
O=c1cccc[nH]1
[NH][C]1OCOC1=O
N#CC#Cc1coc(=O)[nH]1
Cc1ncon1
Objective: 0.227083333333
Start training discriminator
epoch 0
Discriminator loss: 0.397100150585 Accuracy: 0.903225779533
epoch 1
Discriminator loss: 0.319567710161 Accuracy: 0.806451618671
epoch 2
Discriminator loss: 0.466207742691 Accuracy: 0.774193525314
epoch 3
Discriminator loss: 0.371826380491 Accuracy: 0.774193525314
epoch 4
Discriminator loss: 0.404961168766 Accuracy: 0.774193525314
#########################################################################
Training generator with Reinforcement Learning. Epoch 24
total_batch:  24 g_loss:  110.058
total_batch:  24 test_loss:  9.25372
Unique samples. Pct: 0.696354166667
Nc1nonc2n1
O=c1ccc(F)oc1
Fc1ccc[nH]1
NC(=O)c1cnno1
Nc1cnc(=O)[nH]n1
N#Cc1conc1O
O=Cn1ncoc1=O
C#Cc1cc([nH]=O)nn1
Cc1cnoc1
O=c1ccc(F)oc1
Verified samples. Pct: 0.795833333333
Fc1ccc[nH]1
NC(=O)c1cnno1
Nc1cnc(=O)[nH]n1
N#Cc1conc1O
O=Cn1ncoc1=O
Cc1cnoc1
CC(=O)CO
N#Cc1conc1N
O=CCC=O
CC1OC1
Objective: 0.215625
Start training discriminator
epoch 0
Discriminator loss: 0.270914673805 Accuracy: 0.903225779533
epoch 1
Discriminator loss: 0.311373233795 Accuracy: 0.838709652424
epoch 2
Discriminator loss: 0.239330813289 Accuracy: 0.903225779533
epoch 3
Discriminator loss: 0.381337195635 Accuracy: 0.806451618671
epoch 4
Discriminator loss: 0.331230580807 Accuracy: 0.806451618671
#########################################################################
Training generator with Reinforcement Learning. Epoch 25
total_batch:  25 g_loss:  168.332
total_batch:  25 test_loss:  9.23697
Unique samples. Pct: 0.699479166667
c1nc2onnn2n1
O=c1ccncnn1
O=c1ccocc1
O=c1ncc(F)oc1
CC#CCO
C#CC(C)=O
O=Cc1cnc(F)cn1
Oc1cccc(=O)on1
C#CCC(=O)C=O
N#CCc1ncno1
Verified samples. Pct: 0.804166666667
c1nc2onnn2n1
O=c1ccncnn1
O=c1ccocc1
CC#CCO
C#CC(C)=O
O=Cc1cnc(F)cn1
C#CCC(=O)C=O
N#CCc1ncno1
O=COc1ccno1
FC(F)(F)c1ccon1
Objective: 0.2234375
Start training discriminator
epoch 0
Discriminator loss: 0.372594743967 Accuracy: 0.870967745781
epoch 1
Discriminator loss: 0.335573017597 Accuracy: 0.838709652424
epoch 2
Discriminator loss: 0.454656302929 Accuracy: 0.741935491562
epoch 3
Discriminator loss: 0.428573071957 Accuracy: 0.806451618671
epoch 4
Discriminator loss: 0.544656336308 Accuracy: 0.677419364452
#########################################################################
Training generator with Reinforcement Learning. Epoch 26
total_batch:  26 g_loss:  123.528
total_batch:  26 test_loss:  9.2549
Unique samples. Pct: 0.716666666667
N#Cc1ncoc1N
Fc1cncnc1O
C#Cc1ccnnn1
CC(=O)CO
C#CC#CCC#N
N#Cc1cc(N)no1
O=c1cccno1
Fc1ncncc1
N#CC#Cc1cnon1
O=Cn1ccnn1
Verified samples. Pct: 0.794270833333
N#Cc1ncoc1N
Fc1cncnc1O
C#Cc1ccnnn1
CC(=O)CO
C#CC#CCC#N
N#Cc1cc(N)no1
O=c1cccno1
Fc1ncncc1
N#CC#Cc1cnon1
O=Cn1ccnn1
Objective: 0.253645833333
Start training discriminator
epoch 0
Discriminator loss: 0.283475100994 Accuracy: 0.93548387289
epoch 1
Discriminator loss: 0.312157303095 Accuracy: 0.838709652424
epoch 2
Discriminator loss: 0.33099552989 Accuracy: 0.870967745781
epoch 3
Discriminator loss: 0.234676480293 Accuracy: 0.93548387289
epoch 4
Discriminator loss: 0.331038594246 Accuracy: 0.806451618671
#########################################################################
Training generator with Reinforcement Learning. Epoch 27
total_batch:  27 g_loss:  126.484
total_batch:  27 test_loss:  9.12665
Unique samples. Pct: 0.747916666667
O=COc1nccno1
N#Cc1nonc1C#N
C=OCC(O)O1
Cn1cncn1
c1ccc2nnoc2n1
Nc1nc[nH]n1
Cn1ccc(=O)nn1
Oc1cncnn1
O=Cc1ccno1
O=Cc1nc(O)co1
Verified samples. Pct: 0.778125
N#Cc1nonc1C#N
Cn1cncn1
c1ccc2nnoc2n1
Nc1nc[nH]n1
Cn1ccc(=O)nn1
Oc1cncnn1
O=Cc1ccno1
O=Cc1nc(O)co1
C#Cc1nocnc1=O
N#Cc1ccc(=O)on1
Objective: 0.2703125
Start training discriminator
epoch 0
Discriminator loss: 0.45054396987 Accuracy: 0.741935491562
epoch 1
Discriminator loss: 0.469081878662 Accuracy: 0.741935491562
epoch 2
Discriminator loss: 0.402752935886 Accuracy: 0.838709652424
epoch 3
Discriminator loss: 0.321102380753 Accuracy: 0.806451618671
epoch 4
Discriminator loss: 0.467861860991 Accuracy: 0.741935491562
#########################################################################
Training generator with Reinforcement Learning. Epoch 28
total_batch:  28 g_loss:  129.68
total_batch:  28 test_loss:  9.22829
Unique samples. Pct: 0.739583333333
O=C1[CH](F)[C][NH])O
N#Cc1ccc[nH]1
N#CC12NCC1([NH])[N]
N#Cc1cncc(F)n1
Cn1ncnn1
N#CC#Cc1nconc1=O
CC#CCC#N
C1=NC(F)CO
N#CC1OCC1=O
C#CC(=O)C(N)=O
Verified samples. Pct: 0.785416666667
N#Cc1ccc[nH]1
N#Cc1cncc(F)n1
Cn1ncnn1
CC#CCC#N
N#CC1OCC1=O
C#CC(=O)C(N)=O
FC(F)(F)C(=N)c1nnon1
O=c1ocncn1
N#Cc1ncnnn1
C#Cc1cnc(O)o1
Objective: 0.288020833333
Start training discriminator
epoch 0
Discriminator loss: 0.343707859516 Accuracy: 0.741935491562
epoch 1
Discriminator loss: 0.363970816135 Accuracy: 0.870967745781
epoch 2
Discriminator loss: 0.440403491259 Accuracy: 0.774193525314
epoch 3
Discriminator loss: 0.363037616014 Accuracy: 0.806451618671
epoch 4
Discriminator loss: 0.37572491169 Accuracy: 0.838709652424
#########################################################################
Training generator with Reinforcement Learning. Epoch 29
total_batch:  29 g_loss:  150.606
total_batch:  29 test_loss:  9.12697
Unique samples. Pct: 0.738020833333
O=COc1cncnn1
O=c1ccc(F)no1
N#CC#CC(N)=O
C#Cc1ccno1
O=c1ccc(F)co1
Cc1nc[nH]nn1
FC(F)(F)c1cnco1
O=C1c2cncnc1F
C#CC(C#N)(C#C)=O
O=COc1cnnnn1
Verified samples. Pct: 0.784375
O=COc1cncnn1
O=c1ccc(F)no1
N#CC#CC(N)=O
C#Cc1ccno1
O=c1ccc(F)co1
FC(F)(F)c1cnco1
O=COc1cnnnn1
O=c1ncnco1
C#Cc1c[nH]nc1
CC(=O)C#CC=O
Objective: 0.266666666667
Start training discriminator
epoch 0
Discriminator loss: 0.480675816536 Accuracy: 0.774193525314
epoch 1
Discriminator loss: 0.22649769485 Accuracy: 0.967741906643
epoch 2
Discriminator loss: 0.257321745157 Accuracy: 0.93548387289
epoch 3
Discriminator loss: 0.367589265108 Accuracy: 0.870967745781
epoch 4
Discriminator loss: 0.338235765696 Accuracy: 0.806451618671
#########################################################################
Training generator with Reinforcement Learning. Epoch 30
total_batch:  30 g_loss:  116.795
total_batch:  30 test_loss:  9.18775
Unique samples. Pct: 0.7328125
Cn1nccn1
[NH]C1=CCOC=O
O=c1occ2conc2o1
N#CC1COC1=O
c1cn2nnoc2n1
O=c1nc(F)c(F)no1
Fc1ccnccn1
Oc1cncnc1F
Cc1cnoc1
C#Cc1nccnn1
Verified samples. Pct: 0.796875
Cn1nccn1
N#CC1COC1=O
c1cn2nnoc2n1
O=c1nc(F)c(F)no1
Oc1cncnc1F
Cc1cnoc1
C#Cc1nccnn1
N#CC1CC1
N#CC(=O)C(N)=O
N#Cc1cc(C=O)no1
Objective: 0.280208333333
Start training discriminator
epoch 0
Discriminator loss: 0.379910558462 Accuracy: 0.870967745781
epoch 1
Discriminator loss: 0.336095809937 Accuracy: 0.870967745781
epoch 2
Discriminator loss: 0.353545546532 Accuracy: 0.774193525314
epoch 3
Discriminator loss: 0.590417265892 Accuracy: 0.709677398205
epoch 4
Discriminator loss: 0.416760742664 Accuracy: 0.806451618671
#########################################################################
Training generator with Reinforcement Learning. Epoch 31
total_batch:  31 g_loss:  113.736
total_batch:  31 test_loss:  9.15206
Unique samples. Pct: 0.734895833333
N#Cc1ccnc(F)n1
NC(=O[NH]C1O=C=N[CH]1
O=c1nccc[nH]1
C#CC1NC=C1F
N#CC(=O)c1cnoc1
C#CC1COC1=O
c1ncoc1
Nc1ncc[nH]1
Cc1ncnc(=O)on1
N#CCO
Verified samples. Pct: 0.804166666667
N#Cc1ccnc(F)n1
O=c1nccc[nH]1
C#CC1NC=C1F
N#CC(=O)c1cnoc1
C#CC1COC1=O
c1ncoc1
Nc1ncc[nH]1
N#CCO
Oc1cnncn1
N#CCc1ncon1
Objective: 0.2671875
Start training discriminator
epoch 0
Discriminator loss: 0.360972970724 Accuracy: 0.806451618671
epoch 1
Discriminator loss: 0.383600711823 Accuracy: 0.806451618671
epoch 2
Discriminator loss: 0.388256311417 Accuracy: 0.806451618671
epoch 3
Discriminator loss: 0.40572398901 Accuracy: 0.741935491562
epoch 4
Discriminator loss: 0.454014778137 Accuracy: 0.806451618671
#########################################################################
Training generator with Reinforcement Learning. Epoch 32
total_batch:  32 g_loss:  151.271
total_batch:  32 test_loss:  9.19986
Unique samples. Pct: 0.736458333333
O=CN1CC1
O=CC(=O)n1cnnn1
COC(N)=O
[NH]C1=N[N]OC(=O)O1
N#CCc1nc[nH]n1
CCC#N
CC(=O)Oc1nnon1
N#CC#Cc1cnon1
N#Cc1nc(O)nno1
N#CC1=NCOC([N+](=O)[O-])#N
Verified samples. Pct: 0.791666666667
O=CN1CC1
O=CC(=O)n1cnnn1
COC(N)=O
[NH]C1=N[N]OC(=O)O1
N#CCc1nc[nH]n1
CCC#N
CC(=O)Oc1nnon1
N#CC#Cc1cnon1
N#CC(=O)c1conn1
N#CC(=N)C(N)C#C
Objective: 0.252083333333
Start training discriminator
epoch 0
Discriminator loss: 0.373818069696 Accuracy: 0.806451618671
epoch 1
Discriminator loss: 0.308499217033 Accuracy: 0.93548387289
epoch 2
Discriminator loss: 0.367912501097 Accuracy: 0.838709652424
epoch 3
Discriminator loss: 0.422726690769 Accuracy: 0.741935491562
epoch 4
Discriminator loss: 0.268731981516 Accuracy: 0.870967745781
#########################################################################
Training generator with Reinforcement Learning. Epoch 33
total_batch:  33 g_loss:  156.497
total_batch:  33 test_loss:  9.1767
Unique samples. Pct: 0.715104166667
N#CCc1c[nH]nn1
[NH]C1=C[CH]C(=O))=O
[NH]C1=C[CH]OC(=O)O1
O=C1c2cocnn1
N#CCc1conn1
O=CCC=O
Oc1cc2nonc2[nH]1
OC1CN1
N=C(O)C=O
N#Cc1cncnn1
Verified samples. Pct: 0.819791666667
N#CCc1c[nH]nn1
[NH]C1=C[CH]OC(=O)O1
N#CCc1conn1
O=CCC=O
Oc1cc2nonc2[nH]1
OC1CN1
N=C(O)C=O
N#Cc1cncnn1
O=c1cc[nH]c(=O)o1
[NH]C1=C(O)[N][N]C=C1
Objective: 0.259895833333
Start training discriminator
epoch 0
Discriminator loss: 0.443171083927 Accuracy: 0.806451618671
epoch 1
Discriminator loss: 0.40696528554 Accuracy: 0.806451618671
epoch 2
Discriminator loss: 0.335824936628 Accuracy: 0.806451618671
epoch 3
Discriminator loss: 0.368766099215 Accuracy: 0.806451618671
epoch 4
Discriminator loss: 0.296810150146 Accuracy: 0.870967745781
#########################################################################
Training generator with Reinforcement Learning. Epoch 34
total_batch:  34 g_loss:  171.23
total_batch:  34 test_loss:  9.24702
Unique samples. Pct: 0.695833333333
c1nc2conc2o1
N#CCC
C#Cc1oc(=O)oc1O
N#Cc1ccno1
C#Cc1conc1O
C#Cc1ocnc1O
CNc1ncno1
C#CC(=O)NC=O
C#Cc1c[nH]nn1
Nc1nnn[nH]1
Verified samples. Pct: 0.8203125
c1nc2conc2o1
N#CCC
C#Cc1oc(=O)oc1O
N#Cc1ccno1
C#Cc1conc1O
C#Cc1ocnc1O
CNc1ncno1
C#CC(=O)NC=O
C#Cc1c[nH]nn1
Nc1nnn[nH]1
Objective: 0.2375
Start training discriminator
epoch 0
Discriminator loss: 0.322248876095 Accuracy: 0.870967745781
epoch 1
Discriminator loss: 0.402980089188 Accuracy: 0.774193525314
epoch 2
Discriminator loss: 0.307554960251 Accuracy: 0.870967745781
epoch 3
Discriminator loss: 0.451293766499 Accuracy: 0.741935491562
epoch 4
Discriminator loss: 0.340287744999 Accuracy: 0.838709652424
#########################################################################
Training generator with Reinforcement Learning. Epoch 35
total_batch:  35 g_loss:  166.663
total_batch:  35 test_loss:  9.27372
Unique samples. Pct: 0.677604166667
N#Cc1cnco1
Fc1cnc(F)nc1F
O=c1ccc(F)no1
N#CC(O)(C#N)C#N
N#Cc1nc[nH]n1
c1nc2conc-2n1
CC#Cc1con1
Oc1ccncn1
N#Cc1ncoc1N
C#CCC=O
Verified samples. Pct: 0.8125
N#Cc1cnco1
Fc1cnc(F)nc1F
O=c1ccc(F)no1
N#CC(O)(C#N)C#N
N#Cc1nc[nH]n1
Oc1ccncn1
N#Cc1ncoc1N
C#CCC=O
CC(N)C#N
N#Cc1cc(O)co1
Objective: 0.2296875
Start training discriminator
epoch 0
Discriminator loss: 0.445356190205 Accuracy: 0.645161271095
epoch 1
Discriminator loss: 0.453208804131 Accuracy: 0.741935491562
epoch 2
Discriminator loss: 0.469605833292 Accuracy: 0.806451618671
epoch 3
Discriminator loss: 0.344880968332 Accuracy: 0.806451618671
epoch 4
Discriminator loss: 0.322892427444 Accuracy: 0.903225779533
#########################################################################
Training generator with Reinforcement Learning. Epoch 36
total_batch:  36 g_loss:  128.242
total_batch:  36 test_loss:  9.30156
Unique samples. Pct: 0.6671875
C#CC(=O)CC#C
N#Cc1conn1
CCO
N#CC1OC1C#N
[N][N][C](C=O)=N=O
Nc1conc1=O
CN1CC1
C#CC(C#N)C=O
O=c1ncoc(=O)[nH]1
N=[NN[C](F)=NON1=O
Verified samples. Pct: 0.822916666667
C#CC(=O)CC#C
N#Cc1conn1
CCO
N#CC1OC1C#N
CN1CC1
C#CC(C#N)C=O
O=c1ncoc(=O)[nH]1
C#Cc1ccco1
O=c1[nH]cnc(F)n1
Fc1cnccn1
Objective: 0.221875
Start training discriminator
epoch 0
Discriminator loss: 0.25505360961 Accuracy: 0.870967745781
epoch 1
Discriminator loss: 0.241671279073 Accuracy: 0.93548387289
epoch 2
Discriminator loss: 0.250143408775 Accuracy: 0.93548387289
epoch 3
Discriminator loss: 0.423836231232 Accuracy: 0.741935491562
epoch 4
Discriminator loss: 0.363893032074 Accuracy: 0.838709652424
#########################################################################
Training generator with Reinforcement Learning. Epoch 37
total_batch:  37 g_loss:  155.791
total_batch:  37 test_loss:  9.36696
Unique samples. Pct: 0.640104166667
C#CCC(F)(F)F
C#Cc1ncoc1C#N
Oc1cn[nH]c1
Fc1cnc(F)nc1
CCO
N#N.[N][N][C][CH]1
Oc1ncncc1F
Oc1conn1
CC#CC(F)(F)F
Cc1ncon1
Verified samples. Pct: 0.829166666667
C#CCC(F)(F)F
C#Cc1ncoc1C#N
Oc1cn[nH]c1
Fc1cnc(F)nc1
CCO
Oc1ncncc1F
Oc1conn1
CC#CC(F)(F)F
Cc1ncon1
C#CC(=O)NC=O
Objective: 0.2046875
Start training discriminator
epoch 0
Discriminator loss: 0.284625381231 Accuracy: 0.870967745781
epoch 1
Discriminator loss: 0.443182855844 Accuracy: 0.774193525314
epoch 2
Discriminator loss: 0.473468363285 Accuracy: 0.774193525314
epoch 3
Discriminator loss: 0.358093321323 Accuracy: 0.806451618671
epoch 4
Discriminator loss: 0.543668448925 Accuracy: 0.741935491562
#########################################################################
Training generator with Reinforcement Learning. Epoch 38
total_batch:  38 g_loss:  111.231
total_batch:  38 test_loss:  9.3925
Unique samples. Pct: 0.644791666667
N#CC#CC#N
O=[N+]([O-])c1nccno1
[NH]C1=CCOC(=O)O1
N#CCn1cnon1
Fc1c[nH]cn1
N#CCOc1non(=O=O
O=COc1cnon1
[NH][C]1OCO1
N#Cc1nc[nH]n1
OCC(#N)CO1
Verified samples. Pct: 0.850520833333
N#CC#CC#N
[NH]C1=CCOC(=O)O1
Fc1c[nH]cn1
O=COc1cnon1
[NH][C]1OCO1
N#Cc1nc[nH]n1
c1cn[nH]c1
C#CC(=O)n1nnnn1
NC(=O)n1cnnn1
C#CC#CC#N
Objective: 0.2203125
Start training discriminator
epoch 0
Discriminator loss: 0.409932494164 Accuracy: 0.838709652424
epoch 1
Discriminator loss: 0.449777305126 Accuracy: 0.741935491562
epoch 2
Discriminator loss: 0.41189044714 Accuracy: 0.838709652424
epoch 3
Discriminator loss: 0.436898380518 Accuracy: 0.709677398205
epoch 4
Discriminator loss: 0.489638566971 Accuracy: 0.741935491562
#########################################################################
Training generator with Reinforcement Learning. Epoch 39
total_batch:  39 g_loss:  131.503
total_batch:  39 test_loss:  9.39967
Unique samples. Pct: 0.625520833333
Nc1cc[nH]n1
N=CC=NOC=O
[NH]C1=N[CH]C(F)=NO1
N#CCOC=O
CC#CC#C
N#Cc1ncon1
N#Cc1nnon1
Cc1conn1
Nc1cnon1
O=c1ncn(F)cc(=O)[nH]1F
Verified samples. Pct: 0.841666666667
Nc1cc[nH]n1
N=CC=NOC=O
[NH]C1=N[CH]C(F)=NO1
N#CCOC=O
CC#CC#C
N#Cc1ncon1
N#Cc1nnon1
Cc1conn1
Nc1cnon1
C#Cc1coc(=O)nn1
Objective: 0.210416666667
Start training discriminator
epoch 0
Discriminator loss: 0.453466236591 Accuracy: 0.806451618671
epoch 1
Discriminator loss: 0.346724838018 Accuracy: 0.806451618671
epoch 2
Discriminator loss: 0.50443136692 Accuracy: 0.741935491562
epoch 3
Discriminator loss: 0.357119500637 Accuracy: 0.870967745781
epoch 4
Discriminator loss: 0.220801338553 Accuracy: 0.93548387289
#########################################################################
Training generator with Reinforcement Learning. Epoch 40
total_batch:  40 g_loss:  120.59
total_batch:  40 test_loss:  9.30079
Unique samples. Pct: 0.6265625
CO
Oc1ncnnn1
O=c1nccno1
O=CC(O)C=O
N#CC1COC1=O
[NH][C]1OC=NO1
[NH][C]1ON=C(F)O(F)O1
c1conc1
CC#CC#N
C#CC(=N)C(=O)C#N
Verified samples. Pct: 0.845833333333
CO
Oc1ncnnn1
O=c1nccno1
O=CC(O)C=O
N#CC1COC1=O
[NH][C]1OC=NO1
c1conc1
CC#CC#N
C#CC(=N)C(=O)C#N
C#CCC=O
Objective: 0.205729166667
Start training discriminator
epoch 0
Discriminator loss: 0.512308001518 Accuracy: 0.709677398205
epoch 1
Discriminator loss: 0.35670286417 Accuracy: 0.838709652424
epoch 2
Discriminator loss: 0.225564301014 Accuracy: 0.870967745781
epoch 3
Discriminator loss: 0.335828006268 Accuracy: 0.806451618671
epoch 4
Discriminator loss: 0.301482975483 Accuracy: 0.806451618671
#########################################################################
Training generator with Reinforcement Learning. Epoch 41
total_batch:  41 g_loss:  135.544
total_batch:  41 test_loss:  9.34696
Unique samples. Pct: 0.611979166667
C#Cc1nc(O)no1
CC(F)(F)F
[NH][C]1[NH]C(F)=NO1
OCc1c[nH]nn1
COc1nn[nH]n1
N#CC(=O)n1nnnn1
Oc1cn[nH]c1
C#CCOC(F)(F)F
Cc1cnoc1
[NH]C1=C(F)[N]C=CO1
Verified samples. Pct: 0.871354166667
C#Cc1nc(O)no1
CC(F)(F)F
[NH][C]1[NH]C(F)=NO1
OCc1c[nH]nn1
COc1nn[nH]n1
N#CC(=O)n1nnnn1
Oc1cn[nH]c1
C#CCOC(F)(F)F
Cc1cnoc1
[NH]C1=C(F)[N]C=CO1
Objective: 0.209375
Start training discriminator
epoch 0
Discriminator loss: 0.354027301073 Accuracy: 0.806451618671
epoch 1
Discriminator loss: 0.433117032051 Accuracy: 0.774193525314
epoch 2
Discriminator loss: 0.282650202513 Accuracy: 0.838709652424
epoch 3
Discriminator loss: 0.553740561008 Accuracy: 0.709677398205
epoch 4
Discriminator loss: 0.354697227478 Accuracy: 0.806451618671
#########################################################################
Training generator with Reinforcement Learning. Epoch 42
total_batch:  42 g_loss:  101.466
total_batch:  42 test_loss:  9.36062
Unique samples. Pct: 0.63125
Oc1coc(O)n1
c1ncncn1
CC#CC=O
Nc1nconn1
C#CC(=O)C(F)(F)F
C#CC(=O)C(F)(F)F
N#Cc1cnon1
N#Cc1cc[nH]n1
C#CC(N)C#C
Oc1ncnon1
Verified samples. Pct: 0.845833333333
Oc1coc(O)n1
c1ncncn1
CC#CC=O
C#CC(=O)C(F)(F)F
C#CC(=O)C(F)(F)F
N#Cc1cnon1
N#Cc1cc[nH]n1
C#CC(N)C#C
OCC(F)(F)F
NC(=O)C#CC
Objective: 0.205729166667
Start training discriminator
epoch 0
Discriminator loss: 0.409309476614 Accuracy: 0.774193525314
epoch 1
Discriminator loss: 0.614523410797 Accuracy: 0.774193525314
epoch 2
Discriminator loss: 0.326432406902 Accuracy: 0.903225779533
epoch 3
Discriminator loss: 0.412313878536 Accuracy: 0.806451618671
epoch 4
Discriminator loss: 0.339104712009 Accuracy: 0.838709652424
#########################################################################
Training generator with Reinforcement Learning. Epoch 43
total_batch:  43 g_loss:  108.893
total_batch:  43 test_loss:  9.36064
Unique samples. Pct: 0.648958333333
Nc1noc(O)n1
NC(C=O)O
C#CC#CCC#N
C#Cc1onnc1N
N#Cc1nc[nH]n1
Oc1nc2onnc2n1
Nc1ncco1
N#Cc1cc(C=O)on1
[NH]C1=NCOC(=O)O1
Cc1cnon1
Verified samples. Pct: 0.846354166667
Nc1noc(O)n1
NC(C=O)O
C#CC#CCC#N
C#Cc1onnc1N
N#Cc1nc[nH]n1
Nc1ncco1
N#Cc1cc(C=O)on1
[NH]C1=NCOC(=O)O1
Cc1cnon1
N#CC(=O)C#CC
Objective: 0.220833333333
Start training discriminator
epoch 0
Discriminator loss: 0.391451686621 Accuracy: 0.838709652424
epoch 1
Discriminator loss: 0.430379509926 Accuracy: 0.806451618671
epoch 2
Discriminator loss: 0.450143605471 Accuracy: 0.741935491562
epoch 3
Discriminator loss: 0.49977299571 Accuracy: 0.806451618671
epoch 4
Discriminator loss: 0.480987161398 Accuracy: 0.838709652424
#########################################################################
Training generator with Reinforcement Learning. Epoch 44
total_batch:  44 g_loss:  115.368
total_batch:  44 test_loss:  9.3224
Unique samples. Pct: 0.6453125
Cc1cnoc1
C1CC2
O=CNC(N)=O
N#CC#Cc1conn1
N#Cc1cc(=O)onn1
[NH]C1ON=C1OC2=O
Cc1conn1
Nc1conn1
O=CC(F)(F)F
Cc1cnnon1
Verified samples. Pct: 0.851041666667
Cc1cnoc1
O=CNC(N)=O
N#CC#Cc1conn1
N#Cc1cc(=O)onn1
Cc1conn1
Nc1conn1
O=CC(F)(F)F
C#CCC#N
C#Cc1nc(C=O)on1
O=c1[nH]c(F)ncc1
Objective: 0.216666666667
Start training discriminator
epoch 0
Discriminator loss: 0.316742807627 Accuracy: 0.838709652424
epoch 1
Discriminator loss: 0.322822451591 Accuracy: 0.838709652424
epoch 2
Discriminator loss: 0.526714980602 Accuracy: 0.709677398205
epoch 3
Discriminator loss: 0.35133638978 Accuracy: 0.806451618671
epoch 4
Discriminator loss: 0.37952029705 Accuracy: 0.806451618671
#########################################################################
Training generator with Reinforcement Learning. Epoch 45
total_batch:  45 g_loss:  153.861
total_batch:  45 test_loss:  9.32202
Unique samples. Pct: 0.667708333333
O=c1[nH]nnoc1=O
Oc1ncc(O)n1
Fc1ncnc(F)c1
CC#CC(F)(F)F
O=COc1conn1
OCC=O
O=c1cnocc1F
CC(O)C=O
C#CCCO
O=c1onccc1O
Verified samples. Pct: 0.833333333333
O=c1[nH]nnoc1=O
Fc1ncnc(F)c1
CC#CC(F)(F)F
O=COc1conn1
OCC=O
O=c1cnocc1F
CC(O)C=O
C#CCCO
O=c1onccc1O
O=c1cncno1
Objective: 0.224479166667
Start training discriminator
epoch 0
Discriminator loss: 0.381864160299 Accuracy: 0.774193525314
epoch 1
Discriminator loss: 0.388626605272 Accuracy: 0.838709652424
epoch 2
Discriminator loss: 0.391843080521 Accuracy: 0.774193525314
epoch 3
Discriminator loss: 0.432076901197 Accuracy: 0.741935491562
epoch 4
Discriminator loss: 0.342885136604 Accuracy: 0.870967745781
#########################################################################
Training generator with Reinforcement Learning. Epoch 46
total_batch:  46 g_loss:  131.029
total_batch:  46 test_loss:  9.314
Unique samples. Pct: 0.645833333333
Fc1c[nH]nn1
C#CC(C=O)OC#N
c1ncnnn1
CNC(N)=O
N#CC#CCC#C
Oc1cc[nH]n1
O=c1cnoc(F)c1F
O=Cc1ncnnn1
O=c1cnocc1F
CO
Verified samples. Pct: 0.847916666667
Fc1c[nH]nn1
C#CC(C=O)OC#N
c1ncnnn1
CNC(N)=O
N#CC#CCC#C
Oc1cc[nH]n1
O=c1cnoc(F)c1F
O=Cc1ncnnn1
O=c1cnocc1F
CO
Objective: 0.2203125
Start training discriminator
epoch 0
Discriminator loss: 0.25296869874 Accuracy: 0.903225779533
epoch 1
Discriminator loss: 0.527453422546 Accuracy: 0.580645143986
epoch 2
Discriminator loss: 0.535496175289 Accuracy: 0.709677398205
epoch 3
Discriminator loss: 0.498682141304 Accuracy: 0.709677398205
epoch 4
Discriminator loss: 0.32188719511 Accuracy: 0.838709652424
#########################################################################
Training generator with Reinforcement Learning. Epoch 47
total_batch:  47 g_loss:  141.466
total_batch:  47 test_loss:  9.29049
Unique samples. Pct: 0.671354166667
N#Cc1ncoc(=O)n1
O=Cc1ncnn1
O=Cc1nc(O)no1
Oc1cc(F)nc(F)n1
c1nc2cocc2n1
C#Cc1ncco1
Cc1c[nH]nn1
[NH]C1=CCON=N1
C#Cc1cncnn1
N#CC1C=NOC1=O
Verified samples. Pct: 0.8453125
N#Cc1ncoc(=O)n1
O=Cc1nc(O)no1
Oc1cc(F)nc(F)n1
C#Cc1ncco1
Cc1c[nH]nn1
[NH]C1=CCON=N1
C#Cc1cncnn1
N#CC1C=NOC1=O
N#CC(=O)NC(F)(F)F
Nc1cnon1
Objective: 0.2375
Start training discriminator
epoch 0
Discriminator loss: 0.354487538338 Accuracy: 0.838709652424
epoch 1
Discriminator loss: 0.574705243111 Accuracy: 0.709677398205
epoch 2
Discriminator loss: 0.368324130774 Accuracy: 0.774193525314
epoch 3
Discriminator loss: 0.386150866747 Accuracy: 0.870967745781
epoch 4
Discriminator loss: 0.319944798946 Accuracy: 0.838709652424
#########################################################################
Training generator with Reinforcement Learning. Epoch 48
total_batch:  48 g_loss:  137.027
total_batch:  48 test_loss:  9.30833
Unique samples. Pct: 0.6609375
N#Cc1n[nH]nnc1=O
FC(F)(F)c1cnno1
Fc1cnnnc1
Oc1nc(F)n[nH]1
NC(=O)n1nnnn1
NC(=O)c1nnon1
[NH]C1=C(F)[N]C(F)=NO1
C#Cc1ncon1
Cc1nnon1
O=CC(=O)C(F)(F)F
Verified samples. Pct: 0.825520833333
N#Cc1n[nH]nnc1=O
FC(F)(F)c1cnno1
Fc1cnnnc1
Oc1nc(F)n[nH]1
NC(=O)n1nnnn1
NC(=O)c1nnon1
[NH]C1=C(F)[N]C(F)=NO1
C#Cc1ncon1
Cc1nnon1
O=CC(=O)C(F)(F)F
Objective: 0.218229166667
Start training discriminator
epoch 0
Discriminator loss: 0.459604412317 Accuracy: 0.741935491562
epoch 1
Discriminator loss: 0.232091829181 Accuracy: 0.93548387289
epoch 2
Discriminator loss: 0.366747230291 Accuracy: 0.838709652424
epoch 3
Discriminator loss: 0.210013896227 Accuracy: 0.967741906643
epoch 4
Discriminator loss: 0.441459208727 Accuracy: 0.838709652424
#########################################################################
Training generator with Reinforcement Learning. Epoch 49
total_batch:  49 g_loss:  134.415
total_batch:  49 test_loss:  9.2196
Unique samples. Pct: 0.668229166667
C#CC(=O)c1ncno1
O=Cc1cccn1
FC(F)(F)c1cnon1
O=Cn1cncn1
[NH][C]1C=NNN=N1
O=Cc1nc([N+](=O)[O-]-])n1
N#CC#CC#CCC#N
CC#CCC=O
Nc1cnoc1
N#Cc1cocnc1=O
Verified samples. Pct: 0.830729166667
C#CC(=O)c1ncno1
FC(F)(F)c1cnon1
O=Cn1cncn1
[NH][C]1C=NNN=N1
N#CC#CC#CCC#N
CC#CCC=O
Nc1cnoc1
N#Cc1cocnc1=O
Nc1c[nH]nn1
O=c1cnonc1O
Objective: 0.238020833333
Start training discriminator
epoch 0
Discriminator loss: 0.326707839966 Accuracy: 0.806451618671
epoch 1
Discriminator loss: 0.376567691565 Accuracy: 0.774193525314
epoch 2
Discriminator loss: 0.382749289274 Accuracy: 0.709677398205
epoch 3
Discriminator loss: 0.265920996666 Accuracy: 0.93548387289
epoch 4
Discriminator loss: 0.346932500601 Accuracy: 0.838709652424
#########################################################################
Training generator with Reinforcement Learning. Epoch 50
total_batch:  50 g_loss:  105.414
total_batch:  50 test_loss:  9.27027
Unique samples. Pct: 0.644270833333
N#CC1=N[N]OC([O]=O
N#CC(=O)CO
NC(=O)n1nnnn1
N#CCc1nnon1
N#Cc1nnc(=O)nn1
O=c1ncc(F)no1
O=Cn1nccn1
O=[C+]([O-])c1nc[nH]n1
c1cncnc1
O=C2c1cnon1
Verified samples. Pct: 0.840104166667
N#CC(=O)CO
NC(=O)n1nnnn1
N#CCc1nnon1
O=c1ncc(F)no1
O=Cn1nccn1
O=[C+]([O-])c1nc[nH]n1
c1cncnc1
CC(=O)C(F)C=O
O=CCC=O
C#CC(=O)C(=O)C=O
Objective: 0.238020833333
Start training discriminator
epoch 0
Discriminator loss: 0.187786847353 Accuracy: 0.93548387289
epoch 1
Discriminator loss: 0.369209438562 Accuracy: 0.903225779533
epoch 2
Discriminator loss: 0.36460313201 Accuracy: 0.774193525314
epoch 3
Discriminator loss: 0.396810591221 Accuracy: 0.774193525314
epoch 4
Discriminator loss: 0.371932059526 Accuracy: 0.806451618671
#########################################################################
Training generator with Reinforcement Learning. Epoch 51
total_batch:  51 g_loss:  137.236
total_batch:  51 test_loss:  9.24483
Unique samples. Pct: 0.653645833333
C#Cc1ccco1
Oc1cnncn1
Nc1nocnc1=O
N#CC(=O)c1ccnn1
Oc1cc2onnn12
O=C(O)n1ccnn1
O=Cc1cnoc1
C#CC(C=O)C=O
N#CC1=N[N]OC(=O)[NH]
C[N]C(=O)=N[N]O1
Verified samples. Pct: 0.838541666667
C#Cc1ccco1
Oc1cnncn1
Nc1nocnc1=O
O=C(O)n1ccnn1
O=Cc1cnoc1
C#CC(C=O)C=O
Nc1noc(=O)cn1
N#CC(O)C(=O)F
Oc1ncncn1
Oc1cc[nH]n1
Objective: 0.225520833333
Start training discriminator
epoch 0
Discriminator loss: 0.266788572073 Accuracy: 0.93548387289
epoch 1
Discriminator loss: 0.318494647741 Accuracy: 0.741935491562
epoch 2
Discriminator loss: 0.356757670641 Accuracy: 0.838709652424
epoch 3
Discriminator loss: 0.330340057611 Accuracy: 0.806451618671
epoch 4
Discriminator loss: 0.393489301205 Accuracy: 0.838709652424
#########################################################################
Training generator with Reinforcement Learning. Epoch 52
total_batch:  52 g_loss:  133.525
total_batch:  52 test_loss:  9.2351
Unique samples. Pct: 0.658854166667
C#CC(=O)c1nnoc1=O
Oc1cn[nH]n1
C#Cc1cnnnn1
[NH]C1=NOC=N[N]O1
CC(N)(=O)C#N
O=CC(O)C=O
N#Cc1cnc(F)nn1
CCOC=O
N#CC(C#N)(C=O)C=O
Fc1c[nH]nnc1F
Verified samples. Pct: 0.843229166667
Oc1cn[nH]n1
C#Cc1cnnnn1
[NH]C1=NOC=N[N]O1
O=CC(O)C=O
N#Cc1cnc(F)nn1
CCOC=O
N#CC(C#N)(C=O)C=O
O=Cc1ncc(F)nc1
N#CC(N)(C#N)C#N
O=c1ccocn1
Objective: 0.2328125
Start training discriminator
epoch 0
Discriminator loss: 0.564053893089 Accuracy: 0.741935491562
epoch 1
Discriminator loss: 0.515173077583 Accuracy: 0.709677398205
epoch 2
Discriminator loss: 0.363489985466 Accuracy: 0.838709652424
epoch 3
Discriminator loss: 0.387147665024 Accuracy: 0.838709652424
epoch 4
Discriminator loss: 0.382680177689 Accuracy: 0.903225779533
#########################################################################
Training generator with Reinforcement Learning. Epoch 53
total_batch:  53 g_loss:  148.153
total_batch:  53 test_loss:  9.25717
Unique samples. Pct: 0.6546875
C#CC(C#N)(C=O)C=O
O=c1ccocc1F
Cc1nc[nH]n1
C#Cc1ncoc1
Nc1nc(O)no1
FC(F)(F)c1ccon1
Nc1ncno1
N#CCC=O
Oc1ccco1
c1cc2onnc2o1
Verified samples. Pct: 0.854166666667
C#CC(C#N)(C=O)C=O
O=c1ccocc1F
Cc1nc[nH]n1
C#Cc1ncoc1
Nc1nc(O)no1
FC(F)(F)c1ccon1
Nc1ncno1
N#CCC=O
Oc1ccco1
c1cc2onnc2o1
Objective: 0.244270833333
Start training discriminator
epoch 0
Discriminator loss: 0.349448800087 Accuracy: 0.838709652424
epoch 1
Discriminator loss: 0.304624140263 Accuracy: 0.870967745781
epoch 2
Discriminator loss: 0.570459604263 Accuracy: 0.709677398205
epoch 3
Discriminator loss: 0.339142769575 Accuracy: 0.903225779533
epoch 4
Discriminator loss: 0.437641501427 Accuracy: 0.838709652424
#########################################################################
Training generator with Reinforcement Learning. Epoch 54
total_batch:  54 g_loss:  122.231
total_batch:  54 test_loss:  9.20899
Unique samples. Pct: 0.6734375
c1cn2cnocc21
[NH][C][CH]OC=N1
O=CC1CO1
Nc1cnn[nH]1
N#Cc1cnnc(F)n1
O=Cc1ncncn1
COC(=O)C#N
N#CC(=O)COC=O
C#CC(=O)CC=O
N#CCOC(C#N)C#N
Verified samples. Pct: 0.85625
c1cn2cnocc21
O=CC1CO1
Nc1cnn[nH]1
N#Cc1cnnc(F)n1
O=Cc1ncncn1
COC(=O)C#N
N#CC(=O)COC=O
C#CC(=O)CC=O
N#CCOC(C#N)C#N
O=CCC(=O)C=O
Objective: 0.2515625
Start training discriminator
epoch 0
Discriminator loss: 0.425253093243 Accuracy: 0.838709652424
epoch 1
Discriminator loss: 0.431515783072 Accuracy: 0.806451618671
epoch 2
Discriminator loss: 0.263625025749 Accuracy: 0.93548387289
epoch 3
Discriminator loss: 0.247553601861 Accuracy: 0.838709652424
epoch 4
Discriminator loss: 0.298109412193 Accuracy: 0.903225779533
#########################################################################
Training generator with Reinforcement Learning. Epoch 55
total_batch:  55 g_loss:  109.689
total_batch:  55 test_loss:  9.17928
Unique samples. Pct: 0.658333333333
C#CCC#N
O=Cc1cnc(F)nn1
O=c1occc(F)c1F
N#CCC(=O)C=O
C#Cc1c[nH]nn1
[NH]C1NC(=O)C(F)=NO1
C#Cc1ccon1
N=CNC(=O)C=O
Cc1nc[nH]n1
c1cnnnn1
Verified samples. Pct: 0.875520833333
C#CCC#N
O=Cc1cnc(F)nn1
O=c1occc(F)c1F
N#CCC(=O)C=O
C#Cc1c[nH]nn1
[NH]C1NC(=O)C(F)=NO1
C#Cc1ccon1
N=CNC(=O)C=O
Cc1nc[nH]n1
c1cnnnn1
Objective: 0.249479166667
Start training discriminator
epoch 0
Discriminator loss: 0.372286200523 Accuracy: 0.870967745781
epoch 1
Discriminator loss: 0.363961458206 Accuracy: 0.838709652424
epoch 2
Discriminator loss: 0.324692547321 Accuracy: 0.806451618671
epoch 3
Discriminator loss: 0.425716608763 Accuracy: 0.677419364452
epoch 4
Discriminator loss: 0.440495461226 Accuracy: 0.774193525314
#########################################################################
Training generator with Reinforcement Learning. Epoch 56
total_batch:  56 g_loss:  136.303
total_batch:  56 test_loss:  9.1778
Unique samples. Pct: 0.661458333333
Nc1cc(F)no1
ON=COC(=O)C#N
O=c1cnn[nH]n1
c1cnccc1F
N#Nc1cnc(O)n1
FC(F)(F)c1nnoc1O
CNC(N)=O
N#CC(=O)C#CC=O
Cc1cnon1
N#Cc1nc(C=O)on1
Verified samples. Pct: 0.850520833333
Nc1cc(F)no1
ON=COC(=O)C#N
c1cnccc1F
FC(F)(F)c1nnoc1O
CNC(N)=O
N#CC(=O)C#CC=O
Cc1cnon1
N#Cc1nc(C=O)on1
N#Cc1cnno1
CC#CC=O
Objective: 0.216145833333
Start training discriminator
epoch 0
Discriminator loss: 0.327468425035 Accuracy: 0.903225779533
epoch 1
Discriminator loss: 0.395845115185 Accuracy: 0.806451618671
epoch 2
Discriminator loss: 0.417975306511 Accuracy: 0.806451618671
epoch 3
Discriminator loss: 0.389844715595 Accuracy: 0.741935491562
epoch 4
Discriminator loss: 0.417271524668 Accuracy: 0.870967745781
#########################################################################
Training generator with Reinforcement Learning. Epoch 57
total_batch:  57 g_loss:  165.3
total_batch:  57 test_loss:  9.31885
Unique samples. Pct: 0.667708333333
[NH]C1OC=C(C=O)C=O
OCc1conn1
CC(=O)C(F)(F)F
C#CC(=O)c1cnnno1
O=CC(=O)C=O
N#CC#CCC#N
N#CC(O)(C=O)C=O
C#Cc1cnnnn1
O=c1nc(F)nco1
Fc1cc(F)nc(F)n1
Verified samples. Pct: 0.872395833333
OCc1conn1
CC(=O)C(F)(F)F
O=CC(=O)C=O
N#CC#CCC#N
N#CC(O)(C=O)C=O
C#Cc1cnnnn1
O=c1nc(F)nco1
Fc1cc(F)nc(F)n1
CC1CN1
O=Cn1ncnc1O
Objective: 0.236458333333
Start training discriminator
epoch 0
Discriminator loss: 0.388139009476 Accuracy: 0.774193525314
epoch 1
Discriminator loss: 0.301035642624 Accuracy: 0.903225779533
epoch 2
Discriminator loss: 0.417781561613 Accuracy: 0.741935491562
epoch 3
Discriminator loss: 0.316728591919 Accuracy: 0.870967745781
epoch 4
Discriminator loss: 0.300562649965 Accuracy: 0.870967745781
#########################################################################
Training generator with Reinforcement Learning. Epoch 58
total_batch:  58 g_loss:  141.847
total_batch:  58 test_loss:  9.25435
Unique samples. Pct: 0.657291666667
Oc1cncnc1
N#Cc1ccnc(F)n1
Cc1ncco1
NC(=O)n1cnnn1
N#CC#CC(N)=O
N#CC(=O)c1ncon1
Nc1cnoc1
O=CC1CN1
O=c1ccc(F)oc1
CC(=O)NC=O
Verified samples. Pct: 0.8796875
Oc1cncnc1
N#Cc1ccnc(F)n1
Cc1ncco1
NC(=O)n1cnnn1
N#CC#CC(N)=O
N#CC(=O)c1ncon1
Nc1cnoc1
O=CC1CN1
CC(=O)NC=O
O=Cc1cnno1
Objective: 0.246875
Start training discriminator
epoch 0
Discriminator loss: 0.352768540382 Accuracy: 0.774193525314
epoch 1

